[2024-09-05T06:56:03.899+0000] {processor.py:186} INFO - Started process (PID=427) to work on /home/airflow/.local/lib/python3.12/site-packages/airflow/example_dags/example_sensors.py
[2024-09-05T06:56:03.901+0000] {processor.py:914} INFO - Processing file /home/airflow/.local/lib/python3.12/site-packages/airflow/example_dags/example_sensors.py for tasks to queue
[2024-09-05T06:56:03.906+0000] {logging_mixin.py:190} INFO - [2024-09-05T06:56:03.905+0000] {dagbag.py:587} INFO - Filling up the DagBag from /home/airflow/.local/lib/python3.12/site-packages/airflow/example_dags/example_sensors.py
[2024-09-05T06:56:03.924+0000] {processor.py:925} INFO - DAG(s) 'example_sensors' retrieved from /home/airflow/.local/lib/python3.12/site-packages/airflow/example_dags/example_sensors.py
[2024-09-05T06:56:04.341+0000] {logging_mixin.py:190} INFO - [2024-09-05T06:56:04.340+0000] {override.py:1858} INFO - Created Permission View: can edit on DAG:example_sensors
[2024-09-05T06:56:04.398+0000] {logging_mixin.py:190} INFO - [2024-09-05T06:56:04.398+0000] {override.py:1858} INFO - Created Permission View: can delete on DAG:example_sensors
[2024-09-05T06:56:04.408+0000] {logging_mixin.py:190} INFO - [2024-09-05T06:56:04.408+0000] {override.py:1858} INFO - Created Permission View: can read on DAG:example_sensors
[2024-09-05T06:56:04.410+0000] {logging_mixin.py:190} INFO - [2024-09-05T06:56:04.409+0000] {dag.py:3211} INFO - Sync 1 DAGs
[2024-09-05T06:56:04.467+0000] {logging_mixin.py:190} INFO - [2024-09-05T06:56:04.467+0000] {dag.py:3234} INFO - Creating ORM DAG for example_sensors
[2024-09-05T06:56:04.469+0000] {logging_mixin.py:190} INFO - [2024-09-05T06:56:04.469+0000] {dag.py:4138} INFO - Setting next_dagrun for example_sensors to None, run_after=None
[2024-09-05T06:56:04.692+0000] {processor.py:208} INFO - Processing /home/airflow/.local/lib/python3.12/site-packages/airflow/example_dags/example_sensors.py took 0.804 seconds
[2024-09-05T06:56:35.684+0000] {processor.py:186} INFO - Started process (PID=711) to work on /home/airflow/.local/lib/python3.12/site-packages/airflow/example_dags/example_sensors.py
[2024-09-05T06:56:35.686+0000] {processor.py:914} INFO - Processing file /home/airflow/.local/lib/python3.12/site-packages/airflow/example_dags/example_sensors.py for tasks to queue
[2024-09-05T06:56:35.689+0000] {logging_mixin.py:190} INFO - [2024-09-05T06:56:35.689+0000] {dagbag.py:587} INFO - Filling up the DagBag from /home/airflow/.local/lib/python3.12/site-packages/airflow/example_dags/example_sensors.py
[2024-09-05T06:56:35.761+0000] {processor.py:925} INFO - DAG(s) 'example_sensors' retrieved from /home/airflow/.local/lib/python3.12/site-packages/airflow/example_dags/example_sensors.py
[2024-09-05T06:56:35.869+0000] {logging_mixin.py:190} INFO - [2024-09-05T06:56:35.869+0000] {dag.py:3211} INFO - Sync 1 DAGs
[2024-09-05T06:56:35.891+0000] {logging_mixin.py:190} INFO - [2024-09-05T06:56:35.890+0000] {dag.py:4138} INFO - Setting next_dagrun for example_sensors to None, run_after=None
[2024-09-05T06:56:35.940+0000] {processor.py:208} INFO - Processing /home/airflow/.local/lib/python3.12/site-packages/airflow/example_dags/example_sensors.py took 0.281 seconds
[2024-09-05T06:57:06.682+0000] {processor.py:186} INFO - Started process (PID=999) to work on /home/airflow/.local/lib/python3.12/site-packages/airflow/example_dags/example_sensors.py
[2024-09-05T06:57:06.736+0000] {processor.py:914} INFO - Processing file /home/airflow/.local/lib/python3.12/site-packages/airflow/example_dags/example_sensors.py for tasks to queue
[2024-09-05T06:57:06.738+0000] {logging_mixin.py:190} INFO - [2024-09-05T06:57:06.738+0000] {dagbag.py:587} INFO - Filling up the DagBag from /home/airflow/.local/lib/python3.12/site-packages/airflow/example_dags/example_sensors.py
[2024-09-05T06:57:06.772+0000] {processor.py:925} INFO - DAG(s) 'example_sensors' retrieved from /home/airflow/.local/lib/python3.12/site-packages/airflow/example_dags/example_sensors.py
[2024-09-05T06:57:06.803+0000] {logging_mixin.py:190} INFO - [2024-09-05T06:57:06.803+0000] {dag.py:3211} INFO - Sync 1 DAGs
[2024-09-05T06:57:06.825+0000] {logging_mixin.py:190} INFO - [2024-09-05T06:57:06.825+0000] {dag.py:4138} INFO - Setting next_dagrun for example_sensors to None, run_after=None
[2024-09-05T06:57:06.872+0000] {processor.py:208} INFO - Processing /home/airflow/.local/lib/python3.12/site-packages/airflow/example_dags/example_sensors.py took 0.195 seconds
[2024-09-05T06:57:37.671+0000] {processor.py:186} INFO - Started process (PID=1285) to work on /home/airflow/.local/lib/python3.12/site-packages/airflow/example_dags/example_sensors.py
[2024-09-05T06:57:37.705+0000] {processor.py:914} INFO - Processing file /home/airflow/.local/lib/python3.12/site-packages/airflow/example_dags/example_sensors.py for tasks to queue
[2024-09-05T06:57:37.709+0000] {logging_mixin.py:190} INFO - [2024-09-05T06:57:37.708+0000] {dagbag.py:587} INFO - Filling up the DagBag from /home/airflow/.local/lib/python3.12/site-packages/airflow/example_dags/example_sensors.py
[2024-09-05T06:57:37.721+0000] {processor.py:925} INFO - DAG(s) 'example_sensors' retrieved from /home/airflow/.local/lib/python3.12/site-packages/airflow/example_dags/example_sensors.py
[2024-09-05T06:57:37.755+0000] {logging_mixin.py:190} INFO - [2024-09-05T06:57:37.755+0000] {dag.py:3211} INFO - Sync 1 DAGs
[2024-09-05T06:57:37.772+0000] {logging_mixin.py:190} INFO - [2024-09-05T06:57:37.771+0000] {dag.py:4138} INFO - Setting next_dagrun for example_sensors to None, run_after=None
[2024-09-05T06:57:37.869+0000] {processor.py:208} INFO - Processing /home/airflow/.local/lib/python3.12/site-packages/airflow/example_dags/example_sensors.py took 0.205 seconds
[2024-09-05T06:58:08.433+0000] {processor.py:186} INFO - Started process (PID=1571) to work on /home/airflow/.local/lib/python3.12/site-packages/airflow/example_dags/example_sensors.py
[2024-09-05T06:58:08.434+0000] {processor.py:914} INFO - Processing file /home/airflow/.local/lib/python3.12/site-packages/airflow/example_dags/example_sensors.py for tasks to queue
[2024-09-05T06:58:08.437+0000] {logging_mixin.py:190} INFO - [2024-09-05T06:58:08.436+0000] {dagbag.py:587} INFO - Filling up the DagBag from /home/airflow/.local/lib/python3.12/site-packages/airflow/example_dags/example_sensors.py
[2024-09-05T06:58:08.450+0000] {processor.py:925} INFO - DAG(s) 'example_sensors' retrieved from /home/airflow/.local/lib/python3.12/site-packages/airflow/example_dags/example_sensors.py
[2024-09-05T06:58:08.481+0000] {logging_mixin.py:190} INFO - [2024-09-05T06:58:08.480+0000] {dag.py:3211} INFO - Sync 1 DAGs
[2024-09-05T06:58:08.496+0000] {logging_mixin.py:190} INFO - [2024-09-05T06:58:08.496+0000] {dag.py:4138} INFO - Setting next_dagrun for example_sensors to None, run_after=None
[2024-09-05T06:58:08.532+0000] {processor.py:208} INFO - Processing /home/airflow/.local/lib/python3.12/site-packages/airflow/example_dags/example_sensors.py took 0.105 seconds
[2024-09-05T06:58:39.280+0000] {processor.py:186} INFO - Started process (PID=1857) to work on /home/airflow/.local/lib/python3.12/site-packages/airflow/example_dags/example_sensors.py
[2024-09-05T06:58:39.282+0000] {processor.py:914} INFO - Processing file /home/airflow/.local/lib/python3.12/site-packages/airflow/example_dags/example_sensors.py for tasks to queue
[2024-09-05T06:58:39.285+0000] {logging_mixin.py:190} INFO - [2024-09-05T06:58:39.284+0000] {dagbag.py:587} INFO - Filling up the DagBag from /home/airflow/.local/lib/python3.12/site-packages/airflow/example_dags/example_sensors.py
[2024-09-05T06:58:39.297+0000] {processor.py:925} INFO - DAG(s) 'example_sensors' retrieved from /home/airflow/.local/lib/python3.12/site-packages/airflow/example_dags/example_sensors.py
[2024-09-05T06:58:39.333+0000] {logging_mixin.py:190} INFO - [2024-09-05T06:58:39.333+0000] {dag.py:3211} INFO - Sync 1 DAGs
[2024-09-05T06:58:39.354+0000] {logging_mixin.py:190} INFO - [2024-09-05T06:58:39.353+0000] {dag.py:4138} INFO - Setting next_dagrun for example_sensors to None, run_after=None
[2024-09-05T06:58:39.382+0000] {processor.py:208} INFO - Processing /home/airflow/.local/lib/python3.12/site-packages/airflow/example_dags/example_sensors.py took 0.113 seconds
[2024-09-05T06:59:17.265+0000] {processor.py:186} INFO - Started process (PID=2145) to work on /home/airflow/.local/lib/python3.12/site-packages/airflow/example_dags/example_sensors.py
[2024-09-05T06:59:17.299+0000] {processor.py:914} INFO - Processing file /home/airflow/.local/lib/python3.12/site-packages/airflow/example_dags/example_sensors.py for tasks to queue
[2024-09-05T06:59:17.302+0000] {logging_mixin.py:190} INFO - [2024-09-05T06:59:17.301+0000] {dagbag.py:587} INFO - Filling up the DagBag from /home/airflow/.local/lib/python3.12/site-packages/airflow/example_dags/example_sensors.py
[2024-09-05T06:59:17.312+0000] {processor.py:925} INFO - DAG(s) 'example_sensors' retrieved from /home/airflow/.local/lib/python3.12/site-packages/airflow/example_dags/example_sensors.py
[2024-09-05T06:59:17.725+0000] {logging_mixin.py:190} INFO - [2024-09-05T06:59:17.725+0000] {dag.py:3211} INFO - Sync 1 DAGs
[2024-09-05T06:59:17.744+0000] {logging_mixin.py:190} INFO - [2024-09-05T06:59:17.743+0000] {dag.py:4138} INFO - Setting next_dagrun for example_sensors to None, run_after=None
[2024-09-05T06:59:17.769+0000] {processor.py:208} INFO - Processing /home/airflow/.local/lib/python3.12/site-packages/airflow/example_dags/example_sensors.py took 0.510 seconds
[2024-09-05T06:59:48.035+0000] {processor.py:186} INFO - Started process (PID=2431) to work on /home/airflow/.local/lib/python3.12/site-packages/airflow/example_dags/example_sensors.py
[2024-09-05T06:59:48.066+0000] {processor.py:914} INFO - Processing file /home/airflow/.local/lib/python3.12/site-packages/airflow/example_dags/example_sensors.py for tasks to queue
[2024-09-05T06:59:48.068+0000] {logging_mixin.py:190} INFO - [2024-09-05T06:59:48.068+0000] {dagbag.py:587} INFO - Filling up the DagBag from /home/airflow/.local/lib/python3.12/site-packages/airflow/example_dags/example_sensors.py
[2024-09-05T06:59:48.078+0000] {processor.py:925} INFO - DAG(s) 'example_sensors' retrieved from /home/airflow/.local/lib/python3.12/site-packages/airflow/example_dags/example_sensors.py
[2024-09-05T06:59:48.106+0000] {logging_mixin.py:190} INFO - [2024-09-05T06:59:48.106+0000] {dag.py:3211} INFO - Sync 1 DAGs
[2024-09-05T06:59:48.120+0000] {logging_mixin.py:190} INFO - [2024-09-05T06:59:48.120+0000] {dag.py:4138} INFO - Setting next_dagrun for example_sensors to None, run_after=None
[2024-09-05T06:59:48.254+0000] {processor.py:208} INFO - Processing /home/airflow/.local/lib/python3.12/site-packages/airflow/example_dags/example_sensors.py took 0.224 seconds
[2024-09-05T07:00:19.209+0000] {processor.py:186} INFO - Started process (PID=2715) to work on /home/airflow/.local/lib/python3.12/site-packages/airflow/example_dags/example_sensors.py
[2024-09-05T07:00:19.211+0000] {processor.py:914} INFO - Processing file /home/airflow/.local/lib/python3.12/site-packages/airflow/example_dags/example_sensors.py for tasks to queue
[2024-09-05T07:00:19.213+0000] {logging_mixin.py:190} INFO - [2024-09-05T07:00:19.213+0000] {dagbag.py:587} INFO - Filling up the DagBag from /home/airflow/.local/lib/python3.12/site-packages/airflow/example_dags/example_sensors.py
[2024-09-05T07:00:19.227+0000] {processor.py:925} INFO - DAG(s) 'example_sensors' retrieved from /home/airflow/.local/lib/python3.12/site-packages/airflow/example_dags/example_sensors.py
[2024-09-05T07:00:19.256+0000] {logging_mixin.py:190} INFO - [2024-09-05T07:00:19.256+0000] {dag.py:3211} INFO - Sync 1 DAGs
[2024-09-05T07:00:19.271+0000] {logging_mixin.py:190} INFO - [2024-09-05T07:00:19.271+0000] {dag.py:4138} INFO - Setting next_dagrun for example_sensors to None, run_after=None
[2024-09-05T07:00:19.299+0000] {processor.py:208} INFO - Processing /home/airflow/.local/lib/python3.12/site-packages/airflow/example_dags/example_sensors.py took 0.098 seconds
[2024-09-05T07:00:50.057+0000] {processor.py:186} INFO - Started process (PID=3010) to work on /home/airflow/.local/lib/python3.12/site-packages/airflow/example_dags/example_sensors.py
[2024-09-05T07:00:50.058+0000] {processor.py:914} INFO - Processing file /home/airflow/.local/lib/python3.12/site-packages/airflow/example_dags/example_sensors.py for tasks to queue
[2024-09-05T07:00:50.060+0000] {logging_mixin.py:190} INFO - [2024-09-05T07:00:50.060+0000] {dagbag.py:587} INFO - Filling up the DagBag from /home/airflow/.local/lib/python3.12/site-packages/airflow/example_dags/example_sensors.py
[2024-09-05T07:00:50.071+0000] {processor.py:925} INFO - DAG(s) 'example_sensors' retrieved from /home/airflow/.local/lib/python3.12/site-packages/airflow/example_dags/example_sensors.py
[2024-09-05T07:00:50.099+0000] {logging_mixin.py:190} INFO - [2024-09-05T07:00:50.098+0000] {dag.py:3211} INFO - Sync 1 DAGs
[2024-09-05T07:00:50.113+0000] {logging_mixin.py:190} INFO - [2024-09-05T07:00:50.113+0000] {dag.py:4138} INFO - Setting next_dagrun for example_sensors to None, run_after=None
[2024-09-05T07:00:50.133+0000] {processor.py:208} INFO - Processing /home/airflow/.local/lib/python3.12/site-packages/airflow/example_dags/example_sensors.py took 0.082 seconds
[2024-09-05T07:01:26.034+0000] {processor.py:186} INFO - Started process (PID=3256) to work on /home/airflow/.local/lib/python3.12/site-packages/airflow/example_dags/example_sensors.py
[2024-09-05T07:01:26.036+0000] {processor.py:914} INFO - Processing file /home/airflow/.local/lib/python3.12/site-packages/airflow/example_dags/example_sensors.py for tasks to queue
[2024-09-05T07:01:26.039+0000] {logging_mixin.py:190} INFO - [2024-09-05T07:01:26.038+0000] {dagbag.py:587} INFO - Filling up the DagBag from /home/airflow/.local/lib/python3.12/site-packages/airflow/example_dags/example_sensors.py
[2024-09-05T07:01:26.053+0000] {processor.py:925} INFO - DAG(s) 'example_sensors' retrieved from /home/airflow/.local/lib/python3.12/site-packages/airflow/example_dags/example_sensors.py
[2024-09-05T07:01:26.094+0000] {logging_mixin.py:190} INFO - [2024-09-05T07:01:26.093+0000] {dag.py:3211} INFO - Sync 1 DAGs
[2024-09-05T07:01:26.127+0000] {logging_mixin.py:190} INFO - [2024-09-05T07:01:26.127+0000] {dag.py:4138} INFO - Setting next_dagrun for example_sensors to None, run_after=None
[2024-09-05T07:01:26.152+0000] {processor.py:208} INFO - Processing /home/airflow/.local/lib/python3.12/site-packages/airflow/example_dags/example_sensors.py took 0.126 seconds
[2024-09-05T07:01:59.624+0000] {processor.py:186} INFO - Started process (PID=3541) to work on /home/airflow/.local/lib/python3.12/site-packages/airflow/example_dags/example_sensors.py
[2024-09-05T07:01:59.625+0000] {processor.py:914} INFO - Processing file /home/airflow/.local/lib/python3.12/site-packages/airflow/example_dags/example_sensors.py for tasks to queue
[2024-09-05T07:01:59.628+0000] {logging_mixin.py:190} INFO - [2024-09-05T07:01:59.627+0000] {dagbag.py:587} INFO - Filling up the DagBag from /home/airflow/.local/lib/python3.12/site-packages/airflow/example_dags/example_sensors.py
[2024-09-05T07:01:59.641+0000] {processor.py:925} INFO - DAG(s) 'example_sensors' retrieved from /home/airflow/.local/lib/python3.12/site-packages/airflow/example_dags/example_sensors.py
[2024-09-05T07:01:59.674+0000] {logging_mixin.py:190} INFO - [2024-09-05T07:01:59.674+0000] {dag.py:3211} INFO - Sync 1 DAGs
[2024-09-05T07:01:59.694+0000] {logging_mixin.py:190} INFO - [2024-09-05T07:01:59.694+0000] {dag.py:4138} INFO - Setting next_dagrun for example_sensors to None, run_after=None
[2024-09-05T07:01:59.718+0000] {processor.py:208} INFO - Processing /home/airflow/.local/lib/python3.12/site-packages/airflow/example_dags/example_sensors.py took 0.102 seconds
[2024-09-05T07:02:30.041+0000] {processor.py:186} INFO - Started process (PID=3827) to work on /home/airflow/.local/lib/python3.12/site-packages/airflow/example_dags/example_sensors.py
[2024-09-05T07:02:30.117+0000] {processor.py:914} INFO - Processing file /home/airflow/.local/lib/python3.12/site-packages/airflow/example_dags/example_sensors.py for tasks to queue
[2024-09-05T07:02:30.120+0000] {logging_mixin.py:190} INFO - [2024-09-05T07:02:30.119+0000] {dagbag.py:587} INFO - Filling up the DagBag from /home/airflow/.local/lib/python3.12/site-packages/airflow/example_dags/example_sensors.py
[2024-09-05T07:02:30.132+0000] {processor.py:925} INFO - DAG(s) 'example_sensors' retrieved from /home/airflow/.local/lib/python3.12/site-packages/airflow/example_dags/example_sensors.py
[2024-09-05T07:02:30.162+0000] {logging_mixin.py:190} INFO - [2024-09-05T07:02:30.162+0000] {dag.py:3211} INFO - Sync 1 DAGs
[2024-09-05T07:02:30.178+0000] {logging_mixin.py:190} INFO - [2024-09-05T07:02:30.177+0000] {dag.py:4138} INFO - Setting next_dagrun for example_sensors to None, run_after=None
[2024-09-05T07:02:30.204+0000] {processor.py:208} INFO - Processing /home/airflow/.local/lib/python3.12/site-packages/airflow/example_dags/example_sensors.py took 0.169 seconds
[2024-09-05T07:03:00.582+0000] {processor.py:186} INFO - Started process (PID=4113) to work on /home/airflow/.local/lib/python3.12/site-packages/airflow/example_dags/example_sensors.py
[2024-09-05T07:03:00.583+0000] {processor.py:914} INFO - Processing file /home/airflow/.local/lib/python3.12/site-packages/airflow/example_dags/example_sensors.py for tasks to queue
[2024-09-05T07:03:00.585+0000] {logging_mixin.py:190} INFO - [2024-09-05T07:03:00.585+0000] {dagbag.py:587} INFO - Filling up the DagBag from /home/airflow/.local/lib/python3.12/site-packages/airflow/example_dags/example_sensors.py
[2024-09-05T07:03:00.597+0000] {processor.py:925} INFO - DAG(s) 'example_sensors' retrieved from /home/airflow/.local/lib/python3.12/site-packages/airflow/example_dags/example_sensors.py
[2024-09-05T07:03:00.626+0000] {logging_mixin.py:190} INFO - [2024-09-05T07:03:00.625+0000] {dag.py:3211} INFO - Sync 1 DAGs
[2024-09-05T07:03:00.644+0000] {logging_mixin.py:190} INFO - [2024-09-05T07:03:00.644+0000] {dag.py:4138} INFO - Setting next_dagrun for example_sensors to None, run_after=None
[2024-09-05T07:03:00.665+0000] {processor.py:208} INFO - Processing /home/airflow/.local/lib/python3.12/site-packages/airflow/example_dags/example_sensors.py took 0.089 seconds
[2024-09-05T07:03:31.637+0000] {processor.py:186} INFO - Started process (PID=4401) to work on /home/airflow/.local/lib/python3.12/site-packages/airflow/example_dags/example_sensors.py
[2024-09-05T07:03:31.638+0000] {processor.py:914} INFO - Processing file /home/airflow/.local/lib/python3.12/site-packages/airflow/example_dags/example_sensors.py for tasks to queue
[2024-09-05T07:03:31.641+0000] {logging_mixin.py:190} INFO - [2024-09-05T07:03:31.640+0000] {dagbag.py:587} INFO - Filling up the DagBag from /home/airflow/.local/lib/python3.12/site-packages/airflow/example_dags/example_sensors.py
[2024-09-05T07:03:31.651+0000] {processor.py:925} INFO - DAG(s) 'example_sensors' retrieved from /home/airflow/.local/lib/python3.12/site-packages/airflow/example_dags/example_sensors.py
[2024-09-05T07:03:31.679+0000] {logging_mixin.py:190} INFO - [2024-09-05T07:03:31.679+0000] {dag.py:3211} INFO - Sync 1 DAGs
[2024-09-05T07:03:31.695+0000] {logging_mixin.py:190} INFO - [2024-09-05T07:03:31.694+0000] {dag.py:4138} INFO - Setting next_dagrun for example_sensors to None, run_after=None
[2024-09-05T07:03:31.717+0000] {processor.py:208} INFO - Processing /home/airflow/.local/lib/python3.12/site-packages/airflow/example_dags/example_sensors.py took 0.086 seconds
[2024-09-05T07:04:01.817+0000] {processor.py:186} INFO - Started process (PID=4685) to work on /home/airflow/.local/lib/python3.12/site-packages/airflow/example_dags/example_sensors.py
[2024-09-05T07:04:01.818+0000] {processor.py:914} INFO - Processing file /home/airflow/.local/lib/python3.12/site-packages/airflow/example_dags/example_sensors.py for tasks to queue
[2024-09-05T07:04:01.820+0000] {logging_mixin.py:190} INFO - [2024-09-05T07:04:01.820+0000] {dagbag.py:587} INFO - Filling up the DagBag from /home/airflow/.local/lib/python3.12/site-packages/airflow/example_dags/example_sensors.py
[2024-09-05T07:04:01.831+0000] {processor.py:925} INFO - DAG(s) 'example_sensors' retrieved from /home/airflow/.local/lib/python3.12/site-packages/airflow/example_dags/example_sensors.py
[2024-09-05T07:04:01.860+0000] {logging_mixin.py:190} INFO - [2024-09-05T07:04:01.859+0000] {dag.py:3211} INFO - Sync 1 DAGs
[2024-09-05T07:04:01.874+0000] {logging_mixin.py:190} INFO - [2024-09-05T07:04:01.874+0000] {dag.py:4138} INFO - Setting next_dagrun for example_sensors to None, run_after=None
[2024-09-05T07:04:01.895+0000] {processor.py:208} INFO - Processing /home/airflow/.local/lib/python3.12/site-packages/airflow/example_dags/example_sensors.py took 0.085 seconds
[2024-09-05T07:04:32.625+0000] {processor.py:186} INFO - Started process (PID=4971) to work on /home/airflow/.local/lib/python3.12/site-packages/airflow/example_dags/example_sensors.py
[2024-09-05T07:04:32.626+0000] {processor.py:914} INFO - Processing file /home/airflow/.local/lib/python3.12/site-packages/airflow/example_dags/example_sensors.py for tasks to queue
[2024-09-05T07:04:32.628+0000] {logging_mixin.py:190} INFO - [2024-09-05T07:04:32.628+0000] {dagbag.py:587} INFO - Filling up the DagBag from /home/airflow/.local/lib/python3.12/site-packages/airflow/example_dags/example_sensors.py
[2024-09-05T07:04:32.639+0000] {processor.py:925} INFO - DAG(s) 'example_sensors' retrieved from /home/airflow/.local/lib/python3.12/site-packages/airflow/example_dags/example_sensors.py
[2024-09-05T07:04:32.666+0000] {logging_mixin.py:190} INFO - [2024-09-05T07:04:32.666+0000] {dag.py:3211} INFO - Sync 1 DAGs
[2024-09-05T07:04:32.680+0000] {logging_mixin.py:190} INFO - [2024-09-05T07:04:32.680+0000] {dag.py:4138} INFO - Setting next_dagrun for example_sensors to None, run_after=None
[2024-09-05T07:04:32.701+0000] {processor.py:208} INFO - Processing /home/airflow/.local/lib/python3.12/site-packages/airflow/example_dags/example_sensors.py took 0.081 seconds
[2024-09-05T07:05:03.483+0000] {processor.py:186} INFO - Started process (PID=5257) to work on /home/airflow/.local/lib/python3.12/site-packages/airflow/example_dags/example_sensors.py
[2024-09-05T07:05:03.484+0000] {processor.py:914} INFO - Processing file /home/airflow/.local/lib/python3.12/site-packages/airflow/example_dags/example_sensors.py for tasks to queue
[2024-09-05T07:05:03.488+0000] {logging_mixin.py:190} INFO - [2024-09-05T07:05:03.487+0000] {dagbag.py:587} INFO - Filling up the DagBag from /home/airflow/.local/lib/python3.12/site-packages/airflow/example_dags/example_sensors.py
[2024-09-05T07:05:03.499+0000] {processor.py:925} INFO - DAG(s) 'example_sensors' retrieved from /home/airflow/.local/lib/python3.12/site-packages/airflow/example_dags/example_sensors.py
[2024-09-05T07:05:03.526+0000] {logging_mixin.py:190} INFO - [2024-09-05T07:05:03.525+0000] {dag.py:3211} INFO - Sync 1 DAGs
[2024-09-05T07:05:03.540+0000] {logging_mixin.py:190} INFO - [2024-09-05T07:05:03.540+0000] {dag.py:4138} INFO - Setting next_dagrun for example_sensors to None, run_after=None
[2024-09-05T07:05:03.568+0000] {processor.py:208} INFO - Processing /home/airflow/.local/lib/python3.12/site-packages/airflow/example_dags/example_sensors.py took 0.090 seconds
[2024-09-05T07:05:34.399+0000] {processor.py:186} INFO - Started process (PID=5551) to work on /home/airflow/.local/lib/python3.12/site-packages/airflow/example_dags/example_sensors.py
[2024-09-05T07:05:34.400+0000] {processor.py:914} INFO - Processing file /home/airflow/.local/lib/python3.12/site-packages/airflow/example_dags/example_sensors.py for tasks to queue
[2024-09-05T07:05:34.402+0000] {logging_mixin.py:190} INFO - [2024-09-05T07:05:34.402+0000] {dagbag.py:587} INFO - Filling up the DagBag from /home/airflow/.local/lib/python3.12/site-packages/airflow/example_dags/example_sensors.py
[2024-09-05T07:05:34.413+0000] {processor.py:925} INFO - DAG(s) 'example_sensors' retrieved from /home/airflow/.local/lib/python3.12/site-packages/airflow/example_dags/example_sensors.py
[2024-09-05T07:05:34.440+0000] {logging_mixin.py:190} INFO - [2024-09-05T07:05:34.440+0000] {dag.py:3211} INFO - Sync 1 DAGs
[2024-09-05T07:05:34.454+0000] {logging_mixin.py:190} INFO - [2024-09-05T07:05:34.453+0000] {dag.py:4138} INFO - Setting next_dagrun for example_sensors to None, run_after=None
[2024-09-05T07:05:34.475+0000] {processor.py:208} INFO - Processing /home/airflow/.local/lib/python3.12/site-packages/airflow/example_dags/example_sensors.py took 0.082 seconds
[2024-09-05T07:06:05.264+0000] {processor.py:186} INFO - Started process (PID=5849) to work on /home/airflow/.local/lib/python3.12/site-packages/airflow/example_dags/example_sensors.py
[2024-09-05T07:06:05.265+0000] {processor.py:914} INFO - Processing file /home/airflow/.local/lib/python3.12/site-packages/airflow/example_dags/example_sensors.py for tasks to queue
[2024-09-05T07:06:05.267+0000] {logging_mixin.py:190} INFO - [2024-09-05T07:06:05.267+0000] {dagbag.py:587} INFO - Filling up the DagBag from /home/airflow/.local/lib/python3.12/site-packages/airflow/example_dags/example_sensors.py
[2024-09-05T07:06:05.277+0000] {processor.py:925} INFO - DAG(s) 'example_sensors' retrieved from /home/airflow/.local/lib/python3.12/site-packages/airflow/example_dags/example_sensors.py
[2024-09-05T07:06:05.305+0000] {logging_mixin.py:190} INFO - [2024-09-05T07:06:05.305+0000] {dag.py:3211} INFO - Sync 1 DAGs
[2024-09-05T07:06:05.320+0000] {logging_mixin.py:190} INFO - [2024-09-05T07:06:05.320+0000] {dag.py:4138} INFO - Setting next_dagrun for example_sensors to None, run_after=None
[2024-09-05T07:06:05.342+0000] {processor.py:208} INFO - Processing /home/airflow/.local/lib/python3.12/site-packages/airflow/example_dags/example_sensors.py took 0.083 seconds
[2024-09-05T07:06:35.822+0000] {processor.py:186} INFO - Started process (PID=6135) to work on /home/airflow/.local/lib/python3.12/site-packages/airflow/example_dags/example_sensors.py
[2024-09-05T07:06:35.823+0000] {processor.py:914} INFO - Processing file /home/airflow/.local/lib/python3.12/site-packages/airflow/example_dags/example_sensors.py for tasks to queue
[2024-09-05T07:06:35.825+0000] {logging_mixin.py:190} INFO - [2024-09-05T07:06:35.825+0000] {dagbag.py:587} INFO - Filling up the DagBag from /home/airflow/.local/lib/python3.12/site-packages/airflow/example_dags/example_sensors.py
[2024-09-05T07:06:35.836+0000] {processor.py:925} INFO - DAG(s) 'example_sensors' retrieved from /home/airflow/.local/lib/python3.12/site-packages/airflow/example_dags/example_sensors.py
[2024-09-05T07:06:35.864+0000] {logging_mixin.py:190} INFO - [2024-09-05T07:06:35.864+0000] {dag.py:3211} INFO - Sync 1 DAGs
[2024-09-05T07:06:35.879+0000] {logging_mixin.py:190} INFO - [2024-09-05T07:06:35.879+0000] {dag.py:4138} INFO - Setting next_dagrun for example_sensors to None, run_after=None
[2024-09-05T07:06:35.899+0000] {processor.py:208} INFO - Processing /home/airflow/.local/lib/python3.12/site-packages/airflow/example_dags/example_sensors.py took 0.084 seconds
[2024-09-05T07:07:06.461+0000] {processor.py:186} INFO - Started process (PID=6421) to work on /home/airflow/.local/lib/python3.12/site-packages/airflow/example_dags/example_sensors.py
[2024-09-05T07:07:06.462+0000] {processor.py:914} INFO - Processing file /home/airflow/.local/lib/python3.12/site-packages/airflow/example_dags/example_sensors.py for tasks to queue
[2024-09-05T07:07:06.465+0000] {logging_mixin.py:190} INFO - [2024-09-05T07:07:06.464+0000] {dagbag.py:587} INFO - Filling up the DagBag from /home/airflow/.local/lib/python3.12/site-packages/airflow/example_dags/example_sensors.py
[2024-09-05T07:07:06.477+0000] {processor.py:925} INFO - DAG(s) 'example_sensors' retrieved from /home/airflow/.local/lib/python3.12/site-packages/airflow/example_dags/example_sensors.py
[2024-09-05T07:07:06.504+0000] {logging_mixin.py:190} INFO - [2024-09-05T07:07:06.503+0000] {dag.py:3211} INFO - Sync 1 DAGs
[2024-09-05T07:07:06.518+0000] {logging_mixin.py:190} INFO - [2024-09-05T07:07:06.518+0000] {dag.py:4138} INFO - Setting next_dagrun for example_sensors to None, run_after=None
[2024-09-05T07:07:06.540+0000] {processor.py:208} INFO - Processing /home/airflow/.local/lib/python3.12/site-packages/airflow/example_dags/example_sensors.py took 0.086 seconds
[2024-09-05T07:07:37.963+0000] {processor.py:186} INFO - Started process (PID=6707) to work on /home/airflow/.local/lib/python3.12/site-packages/airflow/example_dags/example_sensors.py
[2024-09-05T07:07:37.964+0000] {processor.py:914} INFO - Processing file /home/airflow/.local/lib/python3.12/site-packages/airflow/example_dags/example_sensors.py for tasks to queue
[2024-09-05T07:07:37.967+0000] {logging_mixin.py:190} INFO - [2024-09-05T07:07:37.967+0000] {dagbag.py:587} INFO - Filling up the DagBag from /home/airflow/.local/lib/python3.12/site-packages/airflow/example_dags/example_sensors.py
[2024-09-05T07:07:37.986+0000] {processor.py:925} INFO - DAG(s) 'example_sensors' retrieved from /home/airflow/.local/lib/python3.12/site-packages/airflow/example_dags/example_sensors.py
[2024-09-05T07:07:38.022+0000] {logging_mixin.py:190} INFO - [2024-09-05T07:07:38.021+0000] {dag.py:3211} INFO - Sync 1 DAGs
[2024-09-05T07:07:38.040+0000] {logging_mixin.py:190} INFO - [2024-09-05T07:07:38.040+0000] {dag.py:4138} INFO - Setting next_dagrun for example_sensors to None, run_after=None
[2024-09-05T07:07:38.063+0000] {processor.py:208} INFO - Processing /home/airflow/.local/lib/python3.12/site-packages/airflow/example_dags/example_sensors.py took 0.111 seconds
[2024-09-05T07:08:08.676+0000] {processor.py:186} INFO - Started process (PID=6993) to work on /home/airflow/.local/lib/python3.12/site-packages/airflow/example_dags/example_sensors.py
[2024-09-05T07:08:08.677+0000] {processor.py:914} INFO - Processing file /home/airflow/.local/lib/python3.12/site-packages/airflow/example_dags/example_sensors.py for tasks to queue
[2024-09-05T07:08:08.680+0000] {logging_mixin.py:190} INFO - [2024-09-05T07:08:08.679+0000] {dagbag.py:587} INFO - Filling up the DagBag from /home/airflow/.local/lib/python3.12/site-packages/airflow/example_dags/example_sensors.py
[2024-09-05T07:08:08.690+0000] {processor.py:925} INFO - DAG(s) 'example_sensors' retrieved from /home/airflow/.local/lib/python3.12/site-packages/airflow/example_dags/example_sensors.py
[2024-09-05T07:08:08.716+0000] {logging_mixin.py:190} INFO - [2024-09-05T07:08:08.716+0000] {dag.py:3211} INFO - Sync 1 DAGs
[2024-09-05T07:08:08.731+0000] {logging_mixin.py:190} INFO - [2024-09-05T07:08:08.731+0000] {dag.py:4138} INFO - Setting next_dagrun for example_sensors to None, run_after=None
[2024-09-05T07:08:08.751+0000] {processor.py:208} INFO - Processing /home/airflow/.local/lib/python3.12/site-packages/airflow/example_dags/example_sensors.py took 0.081 seconds
[2024-09-05T07:08:38.994+0000] {processor.py:186} INFO - Started process (PID=7281) to work on /home/airflow/.local/lib/python3.12/site-packages/airflow/example_dags/example_sensors.py
[2024-09-05T07:08:38.995+0000] {processor.py:914} INFO - Processing file /home/airflow/.local/lib/python3.12/site-packages/airflow/example_dags/example_sensors.py for tasks to queue
[2024-09-05T07:08:38.998+0000] {logging_mixin.py:190} INFO - [2024-09-05T07:08:38.997+0000] {dagbag.py:587} INFO - Filling up the DagBag from /home/airflow/.local/lib/python3.12/site-packages/airflow/example_dags/example_sensors.py
[2024-09-05T07:08:39.008+0000] {processor.py:925} INFO - DAG(s) 'example_sensors' retrieved from /home/airflow/.local/lib/python3.12/site-packages/airflow/example_dags/example_sensors.py
[2024-09-05T07:08:39.036+0000] {logging_mixin.py:190} INFO - [2024-09-05T07:08:39.035+0000] {dag.py:3211} INFO - Sync 1 DAGs
[2024-09-05T07:08:39.049+0000] {logging_mixin.py:190} INFO - [2024-09-05T07:08:39.049+0000] {dag.py:4138} INFO - Setting next_dagrun for example_sensors to None, run_after=None
[2024-09-05T07:08:39.070+0000] {processor.py:208} INFO - Processing /home/airflow/.local/lib/python3.12/site-packages/airflow/example_dags/example_sensors.py took 0.082 seconds
[2024-09-05T07:09:09.252+0000] {processor.py:186} INFO - Started process (PID=7567) to work on /home/airflow/.local/lib/python3.12/site-packages/airflow/example_dags/example_sensors.py
[2024-09-05T07:09:09.254+0000] {processor.py:914} INFO - Processing file /home/airflow/.local/lib/python3.12/site-packages/airflow/example_dags/example_sensors.py for tasks to queue
[2024-09-05T07:09:09.256+0000] {logging_mixin.py:190} INFO - [2024-09-05T07:09:09.256+0000] {dagbag.py:587} INFO - Filling up the DagBag from /home/airflow/.local/lib/python3.12/site-packages/airflow/example_dags/example_sensors.py
[2024-09-05T07:09:09.267+0000] {processor.py:925} INFO - DAG(s) 'example_sensors' retrieved from /home/airflow/.local/lib/python3.12/site-packages/airflow/example_dags/example_sensors.py
[2024-09-05T07:09:09.301+0000] {logging_mixin.py:190} INFO - [2024-09-05T07:09:09.301+0000] {dag.py:3211} INFO - Sync 1 DAGs
[2024-09-05T07:09:09.319+0000] {logging_mixin.py:190} INFO - [2024-09-05T07:09:09.318+0000] {dag.py:4138} INFO - Setting next_dagrun for example_sensors to None, run_after=None
[2024-09-05T07:09:09.345+0000] {processor.py:208} INFO - Processing /home/airflow/.local/lib/python3.12/site-packages/airflow/example_dags/example_sensors.py took 0.100 seconds
[2024-09-05T07:09:39.589+0000] {processor.py:186} INFO - Started process (PID=7853) to work on /home/airflow/.local/lib/python3.12/site-packages/airflow/example_dags/example_sensors.py
[2024-09-05T07:09:39.590+0000] {processor.py:914} INFO - Processing file /home/airflow/.local/lib/python3.12/site-packages/airflow/example_dags/example_sensors.py for tasks to queue
[2024-09-05T07:09:39.593+0000] {logging_mixin.py:190} INFO - [2024-09-05T07:09:39.593+0000] {dagbag.py:587} INFO - Filling up the DagBag from /home/airflow/.local/lib/python3.12/site-packages/airflow/example_dags/example_sensors.py
[2024-09-05T07:09:39.603+0000] {processor.py:925} INFO - DAG(s) 'example_sensors' retrieved from /home/airflow/.local/lib/python3.12/site-packages/airflow/example_dags/example_sensors.py
[2024-09-05T07:09:39.629+0000] {logging_mixin.py:190} INFO - [2024-09-05T07:09:39.629+0000] {dag.py:3211} INFO - Sync 1 DAGs
[2024-09-05T07:09:39.643+0000] {logging_mixin.py:190} INFO - [2024-09-05T07:09:39.643+0000] {dag.py:4138} INFO - Setting next_dagrun for example_sensors to None, run_after=None
[2024-09-05T07:09:39.663+0000] {processor.py:208} INFO - Processing /home/airflow/.local/lib/python3.12/site-packages/airflow/example_dags/example_sensors.py took 0.079 seconds
[2024-09-05T07:10:10.424+0000] {processor.py:186} INFO - Started process (PID=8137) to work on /home/airflow/.local/lib/python3.12/site-packages/airflow/example_dags/example_sensors.py
[2024-09-05T07:10:10.425+0000] {processor.py:914} INFO - Processing file /home/airflow/.local/lib/python3.12/site-packages/airflow/example_dags/example_sensors.py for tasks to queue
[2024-09-05T07:10:10.427+0000] {logging_mixin.py:190} INFO - [2024-09-05T07:10:10.427+0000] {dagbag.py:587} INFO - Filling up the DagBag from /home/airflow/.local/lib/python3.12/site-packages/airflow/example_dags/example_sensors.py
[2024-09-05T07:10:10.439+0000] {processor.py:925} INFO - DAG(s) 'example_sensors' retrieved from /home/airflow/.local/lib/python3.12/site-packages/airflow/example_dags/example_sensors.py
[2024-09-05T07:10:10.469+0000] {logging_mixin.py:190} INFO - [2024-09-05T07:10:10.469+0000] {dag.py:3211} INFO - Sync 1 DAGs
[2024-09-05T07:10:10.487+0000] {logging_mixin.py:190} INFO - [2024-09-05T07:10:10.487+0000] {dag.py:4138} INFO - Setting next_dagrun for example_sensors to None, run_after=None
[2024-09-05T07:10:10.507+0000] {processor.py:208} INFO - Processing /home/airflow/.local/lib/python3.12/site-packages/airflow/example_dags/example_sensors.py took 0.088 seconds
[2024-09-05T07:10:41.456+0000] {processor.py:186} INFO - Started process (PID=8423) to work on /home/airflow/.local/lib/python3.12/site-packages/airflow/example_dags/example_sensors.py
[2024-09-05T07:10:41.457+0000] {processor.py:914} INFO - Processing file /home/airflow/.local/lib/python3.12/site-packages/airflow/example_dags/example_sensors.py for tasks to queue
[2024-09-05T07:10:41.459+0000] {logging_mixin.py:190} INFO - [2024-09-05T07:10:41.459+0000] {dagbag.py:587} INFO - Filling up the DagBag from /home/airflow/.local/lib/python3.12/site-packages/airflow/example_dags/example_sensors.py
[2024-09-05T07:10:41.470+0000] {processor.py:925} INFO - DAG(s) 'example_sensors' retrieved from /home/airflow/.local/lib/python3.12/site-packages/airflow/example_dags/example_sensors.py
[2024-09-05T07:10:41.497+0000] {logging_mixin.py:190} INFO - [2024-09-05T07:10:41.497+0000] {dag.py:3211} INFO - Sync 1 DAGs
[2024-09-05T07:10:41.513+0000] {logging_mixin.py:190} INFO - [2024-09-05T07:10:41.512+0000] {dag.py:4138} INFO - Setting next_dagrun for example_sensors to None, run_after=None
[2024-09-05T07:10:41.533+0000] {processor.py:208} INFO - Processing /home/airflow/.local/lib/python3.12/site-packages/airflow/example_dags/example_sensors.py took 0.085 seconds
[2024-09-05T07:11:12.330+0000] {processor.py:186} INFO - Started process (PID=8709) to work on /home/airflow/.local/lib/python3.12/site-packages/airflow/example_dags/example_sensors.py
[2024-09-05T07:11:12.331+0000] {processor.py:914} INFO - Processing file /home/airflow/.local/lib/python3.12/site-packages/airflow/example_dags/example_sensors.py for tasks to queue
[2024-09-05T07:11:12.334+0000] {logging_mixin.py:190} INFO - [2024-09-05T07:11:12.333+0000] {dagbag.py:587} INFO - Filling up the DagBag from /home/airflow/.local/lib/python3.12/site-packages/airflow/example_dags/example_sensors.py
[2024-09-05T07:11:12.345+0000] {processor.py:925} INFO - DAG(s) 'example_sensors' retrieved from /home/airflow/.local/lib/python3.12/site-packages/airflow/example_dags/example_sensors.py
[2024-09-05T07:11:12.373+0000] {logging_mixin.py:190} INFO - [2024-09-05T07:11:12.373+0000] {dag.py:3211} INFO - Sync 1 DAGs
[2024-09-05T07:11:12.388+0000] {logging_mixin.py:190} INFO - [2024-09-05T07:11:12.388+0000] {dag.py:4138} INFO - Setting next_dagrun for example_sensors to None, run_after=None
[2024-09-05T07:11:12.410+0000] {processor.py:208} INFO - Processing /home/airflow/.local/lib/python3.12/site-packages/airflow/example_dags/example_sensors.py took 0.086 seconds
[2024-09-05T07:11:42.622+0000] {processor.py:186} INFO - Started process (PID=8995) to work on /home/airflow/.local/lib/python3.12/site-packages/airflow/example_dags/example_sensors.py
[2024-09-05T07:11:42.623+0000] {processor.py:914} INFO - Processing file /home/airflow/.local/lib/python3.12/site-packages/airflow/example_dags/example_sensors.py for tasks to queue
[2024-09-05T07:11:42.625+0000] {logging_mixin.py:190} INFO - [2024-09-05T07:11:42.625+0000] {dagbag.py:587} INFO - Filling up the DagBag from /home/airflow/.local/lib/python3.12/site-packages/airflow/example_dags/example_sensors.py
[2024-09-05T07:11:42.636+0000] {processor.py:925} INFO - DAG(s) 'example_sensors' retrieved from /home/airflow/.local/lib/python3.12/site-packages/airflow/example_dags/example_sensors.py
[2024-09-05T07:11:42.665+0000] {logging_mixin.py:190} INFO - [2024-09-05T07:11:42.665+0000] {dag.py:3211} INFO - Sync 1 DAGs
[2024-09-05T07:11:42.680+0000] {logging_mixin.py:190} INFO - [2024-09-05T07:11:42.679+0000] {dag.py:4138} INFO - Setting next_dagrun for example_sensors to None, run_after=None
[2024-09-05T07:11:42.701+0000] {processor.py:208} INFO - Processing /home/airflow/.local/lib/python3.12/site-packages/airflow/example_dags/example_sensors.py took 0.084 seconds
[2024-09-05T07:12:13.566+0000] {processor.py:186} INFO - Started process (PID=9281) to work on /home/airflow/.local/lib/python3.12/site-packages/airflow/example_dags/example_sensors.py
[2024-09-05T07:12:13.567+0000] {processor.py:914} INFO - Processing file /home/airflow/.local/lib/python3.12/site-packages/airflow/example_dags/example_sensors.py for tasks to queue
[2024-09-05T07:12:13.570+0000] {logging_mixin.py:190} INFO - [2024-09-05T07:12:13.570+0000] {dagbag.py:587} INFO - Filling up the DagBag from /home/airflow/.local/lib/python3.12/site-packages/airflow/example_dags/example_sensors.py
[2024-09-05T07:12:13.582+0000] {processor.py:925} INFO - DAG(s) 'example_sensors' retrieved from /home/airflow/.local/lib/python3.12/site-packages/airflow/example_dags/example_sensors.py
[2024-09-05T07:12:13.612+0000] {logging_mixin.py:190} INFO - [2024-09-05T07:12:13.611+0000] {dag.py:3211} INFO - Sync 1 DAGs
[2024-09-05T07:12:13.629+0000] {logging_mixin.py:190} INFO - [2024-09-05T07:12:13.629+0000] {dag.py:4138} INFO - Setting next_dagrun for example_sensors to None, run_after=None
[2024-09-05T07:12:13.657+0000] {processor.py:208} INFO - Processing /home/airflow/.local/lib/python3.12/site-packages/airflow/example_dags/example_sensors.py took 0.097 seconds
[2024-09-05T07:12:44.142+0000] {processor.py:186} INFO - Started process (PID=9567) to work on /home/airflow/.local/lib/python3.12/site-packages/airflow/example_dags/example_sensors.py
[2024-09-05T07:12:44.143+0000] {processor.py:914} INFO - Processing file /home/airflow/.local/lib/python3.12/site-packages/airflow/example_dags/example_sensors.py for tasks to queue
[2024-09-05T07:12:44.145+0000] {logging_mixin.py:190} INFO - [2024-09-05T07:12:44.145+0000] {dagbag.py:587} INFO - Filling up the DagBag from /home/airflow/.local/lib/python3.12/site-packages/airflow/example_dags/example_sensors.py
[2024-09-05T07:12:44.157+0000] {processor.py:925} INFO - DAG(s) 'example_sensors' retrieved from /home/airflow/.local/lib/python3.12/site-packages/airflow/example_dags/example_sensors.py
[2024-09-05T07:12:44.191+0000] {logging_mixin.py:190} INFO - [2024-09-05T07:12:44.191+0000] {dag.py:3211} INFO - Sync 1 DAGs
[2024-09-05T07:12:44.207+0000] {logging_mixin.py:190} INFO - [2024-09-05T07:12:44.207+0000] {dag.py:4138} INFO - Setting next_dagrun for example_sensors to None, run_after=None
[2024-09-05T07:12:44.228+0000] {processor.py:208} INFO - Processing /home/airflow/.local/lib/python3.12/site-packages/airflow/example_dags/example_sensors.py took 0.091 seconds
[2024-09-05T07:13:14.594+0000] {processor.py:186} INFO - Started process (PID=9853) to work on /home/airflow/.local/lib/python3.12/site-packages/airflow/example_dags/example_sensors.py
[2024-09-05T07:13:14.595+0000] {processor.py:914} INFO - Processing file /home/airflow/.local/lib/python3.12/site-packages/airflow/example_dags/example_sensors.py for tasks to queue
[2024-09-05T07:13:14.597+0000] {logging_mixin.py:190} INFO - [2024-09-05T07:13:14.597+0000] {dagbag.py:587} INFO - Filling up the DagBag from /home/airflow/.local/lib/python3.12/site-packages/airflow/example_dags/example_sensors.py
[2024-09-05T07:13:14.609+0000] {processor.py:925} INFO - DAG(s) 'example_sensors' retrieved from /home/airflow/.local/lib/python3.12/site-packages/airflow/example_dags/example_sensors.py
[2024-09-05T07:13:14.637+0000] {logging_mixin.py:190} INFO - [2024-09-05T07:13:14.637+0000] {dag.py:3211} INFO - Sync 1 DAGs
[2024-09-05T07:13:14.652+0000] {logging_mixin.py:190} INFO - [2024-09-05T07:13:14.652+0000] {dag.py:4138} INFO - Setting next_dagrun for example_sensors to None, run_after=None
[2024-09-05T07:13:14.672+0000] {processor.py:208} INFO - Processing /home/airflow/.local/lib/python3.12/site-packages/airflow/example_dags/example_sensors.py took 0.084 seconds
[2024-09-05T07:13:44.845+0000] {processor.py:186} INFO - Started process (PID=10136) to work on /home/airflow/.local/lib/python3.12/site-packages/airflow/example_dags/example_sensors.py
[2024-09-05T07:13:44.846+0000] {processor.py:914} INFO - Processing file /home/airflow/.local/lib/python3.12/site-packages/airflow/example_dags/example_sensors.py for tasks to queue
[2024-09-05T07:13:44.849+0000] {logging_mixin.py:190} INFO - [2024-09-05T07:13:44.848+0000] {dagbag.py:587} INFO - Filling up the DagBag from /home/airflow/.local/lib/python3.12/site-packages/airflow/example_dags/example_sensors.py
[2024-09-05T07:13:44.860+0000] {processor.py:925} INFO - DAG(s) 'example_sensors' retrieved from /home/airflow/.local/lib/python3.12/site-packages/airflow/example_dags/example_sensors.py
[2024-09-05T07:13:44.889+0000] {logging_mixin.py:190} INFO - [2024-09-05T07:13:44.889+0000] {dag.py:3211} INFO - Sync 1 DAGs
[2024-09-05T07:13:44.906+0000] {logging_mixin.py:190} INFO - [2024-09-05T07:13:44.905+0000] {dag.py:4138} INFO - Setting next_dagrun for example_sensors to None, run_after=None
[2024-09-05T07:13:44.933+0000] {processor.py:208} INFO - Processing /home/airflow/.local/lib/python3.12/site-packages/airflow/example_dags/example_sensors.py took 0.093 seconds
[2024-09-05T07:14:15.114+0000] {processor.py:186} INFO - Started process (PID=10422) to work on /home/airflow/.local/lib/python3.12/site-packages/airflow/example_dags/example_sensors.py
[2024-09-05T07:14:15.115+0000] {processor.py:914} INFO - Processing file /home/airflow/.local/lib/python3.12/site-packages/airflow/example_dags/example_sensors.py for tasks to queue
[2024-09-05T07:14:15.118+0000] {logging_mixin.py:190} INFO - [2024-09-05T07:14:15.117+0000] {dagbag.py:587} INFO - Filling up the DagBag from /home/airflow/.local/lib/python3.12/site-packages/airflow/example_dags/example_sensors.py
[2024-09-05T07:14:15.129+0000] {processor.py:925} INFO - DAG(s) 'example_sensors' retrieved from /home/airflow/.local/lib/python3.12/site-packages/airflow/example_dags/example_sensors.py
[2024-09-05T07:14:15.162+0000] {logging_mixin.py:190} INFO - [2024-09-05T07:14:15.162+0000] {dag.py:3211} INFO - Sync 1 DAGs
[2024-09-05T07:14:15.177+0000] {logging_mixin.py:190} INFO - [2024-09-05T07:14:15.177+0000] {dag.py:4138} INFO - Setting next_dagrun for example_sensors to None, run_after=None
[2024-09-05T07:14:15.202+0000] {processor.py:208} INFO - Processing /home/airflow/.local/lib/python3.12/site-packages/airflow/example_dags/example_sensors.py took 0.095 seconds
[2024-09-05T07:14:45.326+0000] {processor.py:186} INFO - Started process (PID=10706) to work on /home/airflow/.local/lib/python3.12/site-packages/airflow/example_dags/example_sensors.py
[2024-09-05T07:14:45.327+0000] {processor.py:914} INFO - Processing file /home/airflow/.local/lib/python3.12/site-packages/airflow/example_dags/example_sensors.py for tasks to queue
[2024-09-05T07:14:45.330+0000] {logging_mixin.py:190} INFO - [2024-09-05T07:14:45.329+0000] {dagbag.py:587} INFO - Filling up the DagBag from /home/airflow/.local/lib/python3.12/site-packages/airflow/example_dags/example_sensors.py
[2024-09-05T07:14:45.344+0000] {processor.py:925} INFO - DAG(s) 'example_sensors' retrieved from /home/airflow/.local/lib/python3.12/site-packages/airflow/example_dags/example_sensors.py
[2024-09-05T07:14:45.372+0000] {logging_mixin.py:190} INFO - [2024-09-05T07:14:45.372+0000] {dag.py:3211} INFO - Sync 1 DAGs
[2024-09-05T07:14:45.389+0000] {logging_mixin.py:190} INFO - [2024-09-05T07:14:45.389+0000] {dag.py:4138} INFO - Setting next_dagrun for example_sensors to None, run_after=None
[2024-09-05T07:14:45.413+0000] {processor.py:208} INFO - Processing /home/airflow/.local/lib/python3.12/site-packages/airflow/example_dags/example_sensors.py took 0.094 seconds
[2024-09-05T07:15:15.664+0000] {processor.py:186} INFO - Started process (PID=10993) to work on /home/airflow/.local/lib/python3.12/site-packages/airflow/example_dags/example_sensors.py
[2024-09-05T07:15:15.666+0000] {processor.py:914} INFO - Processing file /home/airflow/.local/lib/python3.12/site-packages/airflow/example_dags/example_sensors.py for tasks to queue
[2024-09-05T07:15:15.669+0000] {logging_mixin.py:190} INFO - [2024-09-05T07:15:15.668+0000] {dagbag.py:587} INFO - Filling up the DagBag from /home/airflow/.local/lib/python3.12/site-packages/airflow/example_dags/example_sensors.py
[2024-09-05T07:15:15.680+0000] {processor.py:925} INFO - DAG(s) 'example_sensors' retrieved from /home/airflow/.local/lib/python3.12/site-packages/airflow/example_dags/example_sensors.py
[2024-09-05T07:15:15.709+0000] {logging_mixin.py:190} INFO - [2024-09-05T07:15:15.709+0000] {dag.py:3211} INFO - Sync 1 DAGs
[2024-09-05T07:15:15.726+0000] {logging_mixin.py:190} INFO - [2024-09-05T07:15:15.725+0000] {dag.py:4138} INFO - Setting next_dagrun for example_sensors to None, run_after=None
[2024-09-05T07:15:15.767+0000] {processor.py:208} INFO - Processing /home/airflow/.local/lib/python3.12/site-packages/airflow/example_dags/example_sensors.py took 0.110 seconds
[2024-09-05T07:15:46.006+0000] {processor.py:186} INFO - Started process (PID=11279) to work on /home/airflow/.local/lib/python3.12/site-packages/airflow/example_dags/example_sensors.py
[2024-09-05T07:15:46.008+0000] {processor.py:914} INFO - Processing file /home/airflow/.local/lib/python3.12/site-packages/airflow/example_dags/example_sensors.py for tasks to queue
[2024-09-05T07:15:46.011+0000] {logging_mixin.py:190} INFO - [2024-09-05T07:15:46.010+0000] {dagbag.py:587} INFO - Filling up the DagBag from /home/airflow/.local/lib/python3.12/site-packages/airflow/example_dags/example_sensors.py
[2024-09-05T07:15:46.028+0000] {processor.py:925} INFO - DAG(s) 'example_sensors' retrieved from /home/airflow/.local/lib/python3.12/site-packages/airflow/example_dags/example_sensors.py
[2024-09-05T07:15:46.069+0000] {logging_mixin.py:190} INFO - [2024-09-05T07:15:46.069+0000] {dag.py:3211} INFO - Sync 1 DAGs
[2024-09-05T07:15:46.084+0000] {logging_mixin.py:190} INFO - [2024-09-05T07:15:46.084+0000] {dag.py:4138} INFO - Setting next_dagrun for example_sensors to None, run_after=None
[2024-09-05T07:15:46.108+0000] {processor.py:208} INFO - Processing /home/airflow/.local/lib/python3.12/site-packages/airflow/example_dags/example_sensors.py took 0.110 seconds
[2024-09-05T07:16:16.201+0000] {processor.py:186} INFO - Started process (PID=11565) to work on /home/airflow/.local/lib/python3.12/site-packages/airflow/example_dags/example_sensors.py
[2024-09-05T07:16:16.202+0000] {processor.py:914} INFO - Processing file /home/airflow/.local/lib/python3.12/site-packages/airflow/example_dags/example_sensors.py for tasks to queue
[2024-09-05T07:16:16.205+0000] {logging_mixin.py:190} INFO - [2024-09-05T07:16:16.204+0000] {dagbag.py:587} INFO - Filling up the DagBag from /home/airflow/.local/lib/python3.12/site-packages/airflow/example_dags/example_sensors.py
[2024-09-05T07:16:16.216+0000] {processor.py:925} INFO - DAG(s) 'example_sensors' retrieved from /home/airflow/.local/lib/python3.12/site-packages/airflow/example_dags/example_sensors.py
[2024-09-05T07:16:16.244+0000] {logging_mixin.py:190} INFO - [2024-09-05T07:16:16.244+0000] {dag.py:3211} INFO - Sync 1 DAGs
[2024-09-05T07:16:16.259+0000] {logging_mixin.py:190} INFO - [2024-09-05T07:16:16.259+0000] {dag.py:4138} INFO - Setting next_dagrun for example_sensors to None, run_after=None
[2024-09-05T07:16:16.279+0000] {processor.py:208} INFO - Processing /home/airflow/.local/lib/python3.12/site-packages/airflow/example_dags/example_sensors.py took 0.083 seconds
[2024-09-05T07:16:47.075+0000] {processor.py:186} INFO - Started process (PID=11851) to work on /home/airflow/.local/lib/python3.12/site-packages/airflow/example_dags/example_sensors.py
[2024-09-05T07:16:47.076+0000] {processor.py:914} INFO - Processing file /home/airflow/.local/lib/python3.12/site-packages/airflow/example_dags/example_sensors.py for tasks to queue
[2024-09-05T07:16:47.080+0000] {logging_mixin.py:190} INFO - [2024-09-05T07:16:47.080+0000] {dagbag.py:587} INFO - Filling up the DagBag from /home/airflow/.local/lib/python3.12/site-packages/airflow/example_dags/example_sensors.py
[2024-09-05T07:16:47.092+0000] {processor.py:925} INFO - DAG(s) 'example_sensors' retrieved from /home/airflow/.local/lib/python3.12/site-packages/airflow/example_dags/example_sensors.py
[2024-09-05T07:16:47.120+0000] {logging_mixin.py:190} INFO - [2024-09-05T07:16:47.119+0000] {dag.py:3211} INFO - Sync 1 DAGs
[2024-09-05T07:16:47.135+0000] {logging_mixin.py:190} INFO - [2024-09-05T07:16:47.134+0000] {dag.py:4138} INFO - Setting next_dagrun for example_sensors to None, run_after=None
[2024-09-05T07:16:47.154+0000] {processor.py:208} INFO - Processing /home/airflow/.local/lib/python3.12/site-packages/airflow/example_dags/example_sensors.py took 0.085 seconds
[2024-09-05T07:17:17.455+0000] {processor.py:186} INFO - Started process (PID=12137) to work on /home/airflow/.local/lib/python3.12/site-packages/airflow/example_dags/example_sensors.py
[2024-09-05T07:17:17.456+0000] {processor.py:914} INFO - Processing file /home/airflow/.local/lib/python3.12/site-packages/airflow/example_dags/example_sensors.py for tasks to queue
[2024-09-05T07:17:17.458+0000] {logging_mixin.py:190} INFO - [2024-09-05T07:17:17.458+0000] {dagbag.py:587} INFO - Filling up the DagBag from /home/airflow/.local/lib/python3.12/site-packages/airflow/example_dags/example_sensors.py
[2024-09-05T07:17:17.469+0000] {processor.py:925} INFO - DAG(s) 'example_sensors' retrieved from /home/airflow/.local/lib/python3.12/site-packages/airflow/example_dags/example_sensors.py
[2024-09-05T07:17:17.499+0000] {logging_mixin.py:190} INFO - [2024-09-05T07:17:17.499+0000] {dag.py:3211} INFO - Sync 1 DAGs
[2024-09-05T07:17:17.513+0000] {logging_mixin.py:190} INFO - [2024-09-05T07:17:17.513+0000] {dag.py:4138} INFO - Setting next_dagrun for example_sensors to None, run_after=None
[2024-09-05T07:17:17.534+0000] {processor.py:208} INFO - Processing /home/airflow/.local/lib/python3.12/site-packages/airflow/example_dags/example_sensors.py took 0.085 seconds
[2024-09-05T07:17:47.676+0000] {processor.py:186} INFO - Started process (PID=12423) to work on /home/airflow/.local/lib/python3.12/site-packages/airflow/example_dags/example_sensors.py
[2024-09-05T07:17:47.677+0000] {processor.py:914} INFO - Processing file /home/airflow/.local/lib/python3.12/site-packages/airflow/example_dags/example_sensors.py for tasks to queue
[2024-09-05T07:17:47.680+0000] {logging_mixin.py:190} INFO - [2024-09-05T07:17:47.679+0000] {dagbag.py:587} INFO - Filling up the DagBag from /home/airflow/.local/lib/python3.12/site-packages/airflow/example_dags/example_sensors.py
[2024-09-05T07:17:47.691+0000] {processor.py:925} INFO - DAG(s) 'example_sensors' retrieved from /home/airflow/.local/lib/python3.12/site-packages/airflow/example_dags/example_sensors.py
[2024-09-05T07:17:47.718+0000] {logging_mixin.py:190} INFO - [2024-09-05T07:17:47.718+0000] {dag.py:3211} INFO - Sync 1 DAGs
[2024-09-05T07:17:47.733+0000] {logging_mixin.py:190} INFO - [2024-09-05T07:17:47.733+0000] {dag.py:4138} INFO - Setting next_dagrun for example_sensors to None, run_after=None
[2024-09-05T07:17:47.771+0000] {processor.py:208} INFO - Processing /home/airflow/.local/lib/python3.12/site-packages/airflow/example_dags/example_sensors.py took 0.100 seconds
[2024-09-05T07:18:18.059+0000] {processor.py:186} INFO - Started process (PID=12711) to work on /home/airflow/.local/lib/python3.12/site-packages/airflow/example_dags/example_sensors.py
[2024-09-05T07:18:18.061+0000] {processor.py:914} INFO - Processing file /home/airflow/.local/lib/python3.12/site-packages/airflow/example_dags/example_sensors.py for tasks to queue
[2024-09-05T07:18:18.064+0000] {logging_mixin.py:190} INFO - [2024-09-05T07:18:18.064+0000] {dagbag.py:587} INFO - Filling up the DagBag from /home/airflow/.local/lib/python3.12/site-packages/airflow/example_dags/example_sensors.py
[2024-09-05T07:18:18.077+0000] {processor.py:925} INFO - DAG(s) 'example_sensors' retrieved from /home/airflow/.local/lib/python3.12/site-packages/airflow/example_dags/example_sensors.py
[2024-09-05T07:18:18.109+0000] {logging_mixin.py:190} INFO - [2024-09-05T07:18:18.109+0000] {dag.py:3211} INFO - Sync 1 DAGs
[2024-09-05T07:18:18.126+0000] {logging_mixin.py:190} INFO - [2024-09-05T07:18:18.126+0000] {dag.py:4138} INFO - Setting next_dagrun for example_sensors to None, run_after=None
[2024-09-05T07:18:18.150+0000] {processor.py:208} INFO - Processing /home/airflow/.local/lib/python3.12/site-packages/airflow/example_dags/example_sensors.py took 0.097 seconds
[2024-09-05T07:18:48.590+0000] {processor.py:186} INFO - Started process (PID=12997) to work on /home/airflow/.local/lib/python3.12/site-packages/airflow/example_dags/example_sensors.py
[2024-09-05T07:18:48.591+0000] {processor.py:914} INFO - Processing file /home/airflow/.local/lib/python3.12/site-packages/airflow/example_dags/example_sensors.py for tasks to queue
[2024-09-05T07:18:48.594+0000] {logging_mixin.py:190} INFO - [2024-09-05T07:18:48.594+0000] {dagbag.py:587} INFO - Filling up the DagBag from /home/airflow/.local/lib/python3.12/site-packages/airflow/example_dags/example_sensors.py
[2024-09-05T07:18:48.607+0000] {processor.py:925} INFO - DAG(s) 'example_sensors' retrieved from /home/airflow/.local/lib/python3.12/site-packages/airflow/example_dags/example_sensors.py
[2024-09-05T07:18:48.637+0000] {logging_mixin.py:190} INFO - [2024-09-05T07:18:48.637+0000] {dag.py:3211} INFO - Sync 1 DAGs
[2024-09-05T07:18:48.652+0000] {logging_mixin.py:190} INFO - [2024-09-05T07:18:48.652+0000] {dag.py:4138} INFO - Setting next_dagrun for example_sensors to None, run_after=None
[2024-09-05T07:18:48.673+0000] {processor.py:208} INFO - Processing /home/airflow/.local/lib/python3.12/site-packages/airflow/example_dags/example_sensors.py took 0.090 seconds
[2024-09-05T07:19:19.080+0000] {processor.py:186} INFO - Started process (PID=13281) to work on /home/airflow/.local/lib/python3.12/site-packages/airflow/example_dags/example_sensors.py
[2024-09-05T07:19:19.081+0000] {processor.py:914} INFO - Processing file /home/airflow/.local/lib/python3.12/site-packages/airflow/example_dags/example_sensors.py for tasks to queue
[2024-09-05T07:19:19.084+0000] {logging_mixin.py:190} INFO - [2024-09-05T07:19:19.084+0000] {dagbag.py:587} INFO - Filling up the DagBag from /home/airflow/.local/lib/python3.12/site-packages/airflow/example_dags/example_sensors.py
[2024-09-05T07:19:19.096+0000] {processor.py:925} INFO - DAG(s) 'example_sensors' retrieved from /home/airflow/.local/lib/python3.12/site-packages/airflow/example_dags/example_sensors.py
[2024-09-05T07:19:19.124+0000] {logging_mixin.py:190} INFO - [2024-09-05T07:19:19.124+0000] {dag.py:3211} INFO - Sync 1 DAGs
[2024-09-05T07:19:19.139+0000] {logging_mixin.py:190} INFO - [2024-09-05T07:19:19.139+0000] {dag.py:4138} INFO - Setting next_dagrun for example_sensors to None, run_after=None
[2024-09-05T07:19:19.180+0000] {processor.py:208} INFO - Processing /home/airflow/.local/lib/python3.12/site-packages/airflow/example_dags/example_sensors.py took 0.106 seconds
[2024-09-05T07:19:50.264+0000] {processor.py:186} INFO - Started process (PID=13567) to work on /home/airflow/.local/lib/python3.12/site-packages/airflow/example_dags/example_sensors.py
[2024-09-05T07:19:50.265+0000] {processor.py:914} INFO - Processing file /home/airflow/.local/lib/python3.12/site-packages/airflow/example_dags/example_sensors.py for tasks to queue
[2024-09-05T07:19:50.268+0000] {logging_mixin.py:190} INFO - [2024-09-05T07:19:50.268+0000] {dagbag.py:587} INFO - Filling up the DagBag from /home/airflow/.local/lib/python3.12/site-packages/airflow/example_dags/example_sensors.py
[2024-09-05T07:19:50.282+0000] {processor.py:925} INFO - DAG(s) 'example_sensors' retrieved from /home/airflow/.local/lib/python3.12/site-packages/airflow/example_dags/example_sensors.py
[2024-09-05T07:19:50.315+0000] {logging_mixin.py:190} INFO - [2024-09-05T07:19:50.315+0000] {dag.py:3211} INFO - Sync 1 DAGs
[2024-09-05T07:19:50.331+0000] {logging_mixin.py:190} INFO - [2024-09-05T07:19:50.331+0000] {dag.py:4138} INFO - Setting next_dagrun for example_sensors to None, run_after=None
[2024-09-05T07:19:50.354+0000] {processor.py:208} INFO - Processing /home/airflow/.local/lib/python3.12/site-packages/airflow/example_dags/example_sensors.py took 0.098 seconds
[2024-09-05T07:20:20.714+0000] {processor.py:186} INFO - Started process (PID=13853) to work on /home/airflow/.local/lib/python3.12/site-packages/airflow/example_dags/example_sensors.py
[2024-09-05T07:20:20.715+0000] {processor.py:914} INFO - Processing file /home/airflow/.local/lib/python3.12/site-packages/airflow/example_dags/example_sensors.py for tasks to queue
[2024-09-05T07:20:20.717+0000] {logging_mixin.py:190} INFO - [2024-09-05T07:20:20.717+0000] {dagbag.py:587} INFO - Filling up the DagBag from /home/airflow/.local/lib/python3.12/site-packages/airflow/example_dags/example_sensors.py
[2024-09-05T07:20:20.729+0000] {processor.py:925} INFO - DAG(s) 'example_sensors' retrieved from /home/airflow/.local/lib/python3.12/site-packages/airflow/example_dags/example_sensors.py
[2024-09-05T07:20:20.756+0000] {logging_mixin.py:190} INFO - [2024-09-05T07:20:20.755+0000] {dag.py:3211} INFO - Sync 1 DAGs
[2024-09-05T07:20:20.770+0000] {logging_mixin.py:190} INFO - [2024-09-05T07:20:20.770+0000] {dag.py:4138} INFO - Setting next_dagrun for example_sensors to None, run_after=None
[2024-09-05T07:20:20.795+0000] {processor.py:208} INFO - Processing /home/airflow/.local/lib/python3.12/site-packages/airflow/example_dags/example_sensors.py took 0.087 seconds
[2024-09-05T07:20:51.837+0000] {processor.py:186} INFO - Started process (PID=14139) to work on /home/airflow/.local/lib/python3.12/site-packages/airflow/example_dags/example_sensors.py
[2024-09-05T07:20:51.839+0000] {processor.py:914} INFO - Processing file /home/airflow/.local/lib/python3.12/site-packages/airflow/example_dags/example_sensors.py for tasks to queue
[2024-09-05T07:20:51.842+0000] {logging_mixin.py:190} INFO - [2024-09-05T07:20:51.841+0000] {dagbag.py:587} INFO - Filling up the DagBag from /home/airflow/.local/lib/python3.12/site-packages/airflow/example_dags/example_sensors.py
[2024-09-05T07:20:51.856+0000] {processor.py:925} INFO - DAG(s) 'example_sensors' retrieved from /home/airflow/.local/lib/python3.12/site-packages/airflow/example_dags/example_sensors.py
[2024-09-05T07:20:51.894+0000] {logging_mixin.py:190} INFO - [2024-09-05T07:20:51.893+0000] {dag.py:3211} INFO - Sync 1 DAGs
[2024-09-05T07:20:51.913+0000] {logging_mixin.py:190} INFO - [2024-09-05T07:20:51.913+0000] {dag.py:4138} INFO - Setting next_dagrun for example_sensors to None, run_after=None
[2024-09-05T07:20:51.938+0000] {processor.py:208} INFO - Processing /home/airflow/.local/lib/python3.12/site-packages/airflow/example_dags/example_sensors.py took 0.108 seconds
[2024-09-05T07:21:22.479+0000] {processor.py:186} INFO - Started process (PID=14425) to work on /home/airflow/.local/lib/python3.12/site-packages/airflow/example_dags/example_sensors.py
[2024-09-05T07:21:22.480+0000] {processor.py:914} INFO - Processing file /home/airflow/.local/lib/python3.12/site-packages/airflow/example_dags/example_sensors.py for tasks to queue
[2024-09-05T07:21:22.483+0000] {logging_mixin.py:190} INFO - [2024-09-05T07:21:22.482+0000] {dagbag.py:587} INFO - Filling up the DagBag from /home/airflow/.local/lib/python3.12/site-packages/airflow/example_dags/example_sensors.py
[2024-09-05T07:21:22.494+0000] {processor.py:925} INFO - DAG(s) 'example_sensors' retrieved from /home/airflow/.local/lib/python3.12/site-packages/airflow/example_dags/example_sensors.py
[2024-09-05T07:21:22.521+0000] {logging_mixin.py:190} INFO - [2024-09-05T07:21:22.521+0000] {dag.py:3211} INFO - Sync 1 DAGs
[2024-09-05T07:21:22.537+0000] {logging_mixin.py:190} INFO - [2024-09-05T07:21:22.537+0000] {dag.py:4138} INFO - Setting next_dagrun for example_sensors to None, run_after=None
[2024-09-05T07:21:22.561+0000] {processor.py:208} INFO - Processing /home/airflow/.local/lib/python3.12/site-packages/airflow/example_dags/example_sensors.py took 0.089 seconds
[2024-09-05T07:21:53.308+0000] {processor.py:186} INFO - Started process (PID=14713) to work on /home/airflow/.local/lib/python3.12/site-packages/airflow/example_dags/example_sensors.py
[2024-09-05T07:21:53.309+0000] {processor.py:914} INFO - Processing file /home/airflow/.local/lib/python3.12/site-packages/airflow/example_dags/example_sensors.py for tasks to queue
[2024-09-05T07:21:53.312+0000] {logging_mixin.py:190} INFO - [2024-09-05T07:21:53.312+0000] {dagbag.py:587} INFO - Filling up the DagBag from /home/airflow/.local/lib/python3.12/site-packages/airflow/example_dags/example_sensors.py
[2024-09-05T07:21:53.324+0000] {processor.py:925} INFO - DAG(s) 'example_sensors' retrieved from /home/airflow/.local/lib/python3.12/site-packages/airflow/example_dags/example_sensors.py
[2024-09-05T07:21:53.350+0000] {logging_mixin.py:190} INFO - [2024-09-05T07:21:53.350+0000] {dag.py:3211} INFO - Sync 1 DAGs
[2024-09-05T07:21:53.364+0000] {logging_mixin.py:190} INFO - [2024-09-05T07:21:53.364+0000] {dag.py:4138} INFO - Setting next_dagrun for example_sensors to None, run_after=None
[2024-09-05T07:21:53.601+0000] {processor.py:208} INFO - Processing /home/airflow/.local/lib/python3.12/site-packages/airflow/example_dags/example_sensors.py took 0.299 seconds
[2024-09-05T07:22:24.563+0000] {processor.py:186} INFO - Started process (PID=14999) to work on /home/airflow/.local/lib/python3.12/site-packages/airflow/example_dags/example_sensors.py
[2024-09-05T07:22:24.564+0000] {processor.py:914} INFO - Processing file /home/airflow/.local/lib/python3.12/site-packages/airflow/example_dags/example_sensors.py for tasks to queue
[2024-09-05T07:22:24.567+0000] {logging_mixin.py:190} INFO - [2024-09-05T07:22:24.566+0000] {dagbag.py:587} INFO - Filling up the DagBag from /home/airflow/.local/lib/python3.12/site-packages/airflow/example_dags/example_sensors.py
[2024-09-05T07:22:24.577+0000] {processor.py:925} INFO - DAG(s) 'example_sensors' retrieved from /home/airflow/.local/lib/python3.12/site-packages/airflow/example_dags/example_sensors.py
[2024-09-05T07:22:24.606+0000] {logging_mixin.py:190} INFO - [2024-09-05T07:22:24.606+0000] {dag.py:3211} INFO - Sync 1 DAGs
[2024-09-05T07:22:24.622+0000] {logging_mixin.py:190} INFO - [2024-09-05T07:22:24.622+0000] {dag.py:4138} INFO - Setting next_dagrun for example_sensors to None, run_after=None
[2024-09-05T07:22:24.648+0000] {processor.py:208} INFO - Processing /home/airflow/.local/lib/python3.12/site-packages/airflow/example_dags/example_sensors.py took 0.091 seconds
[2024-09-05T07:22:55.044+0000] {processor.py:186} INFO - Started process (PID=15285) to work on /home/airflow/.local/lib/python3.12/site-packages/airflow/example_dags/example_sensors.py
[2024-09-05T07:22:55.045+0000] {processor.py:914} INFO - Processing file /home/airflow/.local/lib/python3.12/site-packages/airflow/example_dags/example_sensors.py for tasks to queue
[2024-09-05T07:22:55.048+0000] {logging_mixin.py:190} INFO - [2024-09-05T07:22:55.047+0000] {dagbag.py:587} INFO - Filling up the DagBag from /home/airflow/.local/lib/python3.12/site-packages/airflow/example_dags/example_sensors.py
[2024-09-05T07:22:55.060+0000] {processor.py:925} INFO - DAG(s) 'example_sensors' retrieved from /home/airflow/.local/lib/python3.12/site-packages/airflow/example_dags/example_sensors.py
[2024-09-05T07:22:55.089+0000] {logging_mixin.py:190} INFO - [2024-09-05T07:22:55.089+0000] {dag.py:3211} INFO - Sync 1 DAGs
[2024-09-05T07:22:55.105+0000] {logging_mixin.py:190} INFO - [2024-09-05T07:22:55.104+0000] {dag.py:4138} INFO - Setting next_dagrun for example_sensors to None, run_after=None
[2024-09-05T07:22:55.128+0000] {processor.py:208} INFO - Processing /home/airflow/.local/lib/python3.12/site-packages/airflow/example_dags/example_sensors.py took 0.090 seconds
[2024-09-05T07:23:25.545+0000] {processor.py:186} INFO - Started process (PID=15571) to work on /home/airflow/.local/lib/python3.12/site-packages/airflow/example_dags/example_sensors.py
[2024-09-05T07:23:25.546+0000] {processor.py:914} INFO - Processing file /home/airflow/.local/lib/python3.12/site-packages/airflow/example_dags/example_sensors.py for tasks to queue
[2024-09-05T07:23:25.549+0000] {logging_mixin.py:190} INFO - [2024-09-05T07:23:25.548+0000] {dagbag.py:587} INFO - Filling up the DagBag from /home/airflow/.local/lib/python3.12/site-packages/airflow/example_dags/example_sensors.py
[2024-09-05T07:23:25.559+0000] {processor.py:925} INFO - DAG(s) 'example_sensors' retrieved from /home/airflow/.local/lib/python3.12/site-packages/airflow/example_dags/example_sensors.py
[2024-09-05T07:23:25.603+0000] {logging_mixin.py:190} INFO - [2024-09-05T07:23:25.602+0000] {dag.py:3211} INFO - Sync 1 DAGs
[2024-09-05T07:23:25.617+0000] {logging_mixin.py:190} INFO - [2024-09-05T07:23:25.617+0000] {dag.py:4138} INFO - Setting next_dagrun for example_sensors to None, run_after=None
[2024-09-05T07:23:25.639+0000] {processor.py:208} INFO - Processing /home/airflow/.local/lib/python3.12/site-packages/airflow/example_dags/example_sensors.py took 0.101 seconds
[2024-09-05T07:23:56.180+0000] {processor.py:186} INFO - Started process (PID=15857) to work on /home/airflow/.local/lib/python3.12/site-packages/airflow/example_dags/example_sensors.py
[2024-09-05T07:23:56.181+0000] {processor.py:914} INFO - Processing file /home/airflow/.local/lib/python3.12/site-packages/airflow/example_dags/example_sensors.py for tasks to queue
[2024-09-05T07:23:56.184+0000] {logging_mixin.py:190} INFO - [2024-09-05T07:23:56.183+0000] {dagbag.py:587} INFO - Filling up the DagBag from /home/airflow/.local/lib/python3.12/site-packages/airflow/example_dags/example_sensors.py
[2024-09-05T07:23:56.194+0000] {processor.py:925} INFO - DAG(s) 'example_sensors' retrieved from /home/airflow/.local/lib/python3.12/site-packages/airflow/example_dags/example_sensors.py
[2024-09-05T07:23:56.221+0000] {logging_mixin.py:190} INFO - [2024-09-05T07:23:56.221+0000] {dag.py:3211} INFO - Sync 1 DAGs
[2024-09-05T07:23:56.236+0000] {logging_mixin.py:190} INFO - [2024-09-05T07:23:56.235+0000] {dag.py:4138} INFO - Setting next_dagrun for example_sensors to None, run_after=None
[2024-09-05T07:23:56.257+0000] {processor.py:208} INFO - Processing /home/airflow/.local/lib/python3.12/site-packages/airflow/example_dags/example_sensors.py took 0.083 seconds
[2024-09-05T07:24:26.470+0000] {processor.py:186} INFO - Started process (PID=16141) to work on /home/airflow/.local/lib/python3.12/site-packages/airflow/example_dags/example_sensors.py
[2024-09-05T07:24:26.471+0000] {processor.py:914} INFO - Processing file /home/airflow/.local/lib/python3.12/site-packages/airflow/example_dags/example_sensors.py for tasks to queue
[2024-09-05T07:24:26.473+0000] {logging_mixin.py:190} INFO - [2024-09-05T07:24:26.473+0000] {dagbag.py:587} INFO - Filling up the DagBag from /home/airflow/.local/lib/python3.12/site-packages/airflow/example_dags/example_sensors.py
[2024-09-05T07:24:26.485+0000] {processor.py:925} INFO - DAG(s) 'example_sensors' retrieved from /home/airflow/.local/lib/python3.12/site-packages/airflow/example_dags/example_sensors.py
[2024-09-05T07:24:26.711+0000] {logging_mixin.py:190} INFO - [2024-09-05T07:24:26.711+0000] {dag.py:3211} INFO - Sync 1 DAGs
[2024-09-05T07:24:26.726+0000] {logging_mixin.py:190} INFO - [2024-09-05T07:24:26.725+0000] {dag.py:4138} INFO - Setting next_dagrun for example_sensors to None, run_after=None
[2024-09-05T07:24:26.747+0000] {processor.py:208} INFO - Processing /home/airflow/.local/lib/python3.12/site-packages/airflow/example_dags/example_sensors.py took 0.283 seconds
[2024-09-05T07:24:57.641+0000] {processor.py:186} INFO - Started process (PID=16429) to work on /home/airflow/.local/lib/python3.12/site-packages/airflow/example_dags/example_sensors.py
[2024-09-05T07:24:57.642+0000] {processor.py:914} INFO - Processing file /home/airflow/.local/lib/python3.12/site-packages/airflow/example_dags/example_sensors.py for tasks to queue
[2024-09-05T07:24:57.646+0000] {logging_mixin.py:190} INFO - [2024-09-05T07:24:57.645+0000] {dagbag.py:587} INFO - Filling up the DagBag from /home/airflow/.local/lib/python3.12/site-packages/airflow/example_dags/example_sensors.py
[2024-09-05T07:24:57.662+0000] {processor.py:925} INFO - DAG(s) 'example_sensors' retrieved from /home/airflow/.local/lib/python3.12/site-packages/airflow/example_dags/example_sensors.py
[2024-09-05T07:24:57.693+0000] {logging_mixin.py:190} INFO - [2024-09-05T07:24:57.692+0000] {dag.py:3211} INFO - Sync 1 DAGs
[2024-09-05T07:24:57.708+0000] {logging_mixin.py:190} INFO - [2024-09-05T07:24:57.708+0000] {dag.py:4138} INFO - Setting next_dagrun for example_sensors to None, run_after=None
[2024-09-05T07:24:57.736+0000] {processor.py:208} INFO - Processing /home/airflow/.local/lib/python3.12/site-packages/airflow/example_dags/example_sensors.py took 0.102 seconds
[2024-09-05T07:25:28.597+0000] {processor.py:186} INFO - Started process (PID=16715) to work on /home/airflow/.local/lib/python3.12/site-packages/airflow/example_dags/example_sensors.py
[2024-09-05T07:25:28.598+0000] {processor.py:914} INFO - Processing file /home/airflow/.local/lib/python3.12/site-packages/airflow/example_dags/example_sensors.py for tasks to queue
[2024-09-05T07:25:28.601+0000] {logging_mixin.py:190} INFO - [2024-09-05T07:25:28.600+0000] {dagbag.py:587} INFO - Filling up the DagBag from /home/airflow/.local/lib/python3.12/site-packages/airflow/example_dags/example_sensors.py
[2024-09-05T07:25:28.612+0000] {processor.py:925} INFO - DAG(s) 'example_sensors' retrieved from /home/airflow/.local/lib/python3.12/site-packages/airflow/example_dags/example_sensors.py
[2024-09-05T07:25:28.639+0000] {logging_mixin.py:190} INFO - [2024-09-05T07:25:28.639+0000] {dag.py:3211} INFO - Sync 1 DAGs
[2024-09-05T07:25:28.653+0000] {logging_mixin.py:190} INFO - [2024-09-05T07:25:28.653+0000] {dag.py:4138} INFO - Setting next_dagrun for example_sensors to None, run_after=None
[2024-09-05T07:25:28.674+0000] {processor.py:208} INFO - Processing /home/airflow/.local/lib/python3.12/site-packages/airflow/example_dags/example_sensors.py took 0.084 seconds
[2024-09-05T07:25:58.846+0000] {processor.py:186} INFO - Started process (PID=17001) to work on /home/airflow/.local/lib/python3.12/site-packages/airflow/example_dags/example_sensors.py
[2024-09-05T07:25:58.847+0000] {processor.py:914} INFO - Processing file /home/airflow/.local/lib/python3.12/site-packages/airflow/example_dags/example_sensors.py for tasks to queue
[2024-09-05T07:25:58.850+0000] {logging_mixin.py:190} INFO - [2024-09-05T07:25:58.849+0000] {dagbag.py:587} INFO - Filling up the DagBag from /home/airflow/.local/lib/python3.12/site-packages/airflow/example_dags/example_sensors.py
[2024-09-05T07:25:58.862+0000] {processor.py:925} INFO - DAG(s) 'example_sensors' retrieved from /home/airflow/.local/lib/python3.12/site-packages/airflow/example_dags/example_sensors.py
[2024-09-05T07:25:58.893+0000] {logging_mixin.py:190} INFO - [2024-09-05T07:25:58.893+0000] {dag.py:3211} INFO - Sync 1 DAGs
[2024-09-05T07:25:58.907+0000] {logging_mixin.py:190} INFO - [2024-09-05T07:25:58.907+0000] {dag.py:4138} INFO - Setting next_dagrun for example_sensors to None, run_after=None
[2024-09-05T07:25:58.928+0000] {processor.py:208} INFO - Processing /home/airflow/.local/lib/python3.12/site-packages/airflow/example_dags/example_sensors.py took 0.089 seconds
[2024-09-05T07:26:29.285+0000] {processor.py:186} INFO - Started process (PID=17287) to work on /home/airflow/.local/lib/python3.12/site-packages/airflow/example_dags/example_sensors.py
[2024-09-05T07:26:29.286+0000] {processor.py:914} INFO - Processing file /home/airflow/.local/lib/python3.12/site-packages/airflow/example_dags/example_sensors.py for tasks to queue
[2024-09-05T07:26:29.288+0000] {logging_mixin.py:190} INFO - [2024-09-05T07:26:29.288+0000] {dagbag.py:587} INFO - Filling up the DagBag from /home/airflow/.local/lib/python3.12/site-packages/airflow/example_dags/example_sensors.py
[2024-09-05T07:26:29.298+0000] {processor.py:925} INFO - DAG(s) 'example_sensors' retrieved from /home/airflow/.local/lib/python3.12/site-packages/airflow/example_dags/example_sensors.py
[2024-09-05T07:26:29.326+0000] {logging_mixin.py:190} INFO - [2024-09-05T07:26:29.326+0000] {dag.py:3211} INFO - Sync 1 DAGs
[2024-09-05T07:26:29.340+0000] {logging_mixin.py:190} INFO - [2024-09-05T07:26:29.340+0000] {dag.py:4138} INFO - Setting next_dagrun for example_sensors to None, run_after=None
[2024-09-05T07:26:29.363+0000] {processor.py:208} INFO - Processing /home/airflow/.local/lib/python3.12/site-packages/airflow/example_dags/example_sensors.py took 0.084 seconds
[2024-09-05T07:26:59.532+0000] {processor.py:186} INFO - Started process (PID=17573) to work on /home/airflow/.local/lib/python3.12/site-packages/airflow/example_dags/example_sensors.py
[2024-09-05T07:26:59.533+0000] {processor.py:914} INFO - Processing file /home/airflow/.local/lib/python3.12/site-packages/airflow/example_dags/example_sensors.py for tasks to queue
[2024-09-05T07:26:59.536+0000] {logging_mixin.py:190} INFO - [2024-09-05T07:26:59.535+0000] {dagbag.py:587} INFO - Filling up the DagBag from /home/airflow/.local/lib/python3.12/site-packages/airflow/example_dags/example_sensors.py
[2024-09-05T07:26:59.545+0000] {processor.py:925} INFO - DAG(s) 'example_sensors' retrieved from /home/airflow/.local/lib/python3.12/site-packages/airflow/example_dags/example_sensors.py
[2024-09-05T07:26:59.573+0000] {logging_mixin.py:190} INFO - [2024-09-05T07:26:59.572+0000] {dag.py:3211} INFO - Sync 1 DAGs
[2024-09-05T07:26:59.587+0000] {logging_mixin.py:190} INFO - [2024-09-05T07:26:59.586+0000] {dag.py:4138} INFO - Setting next_dagrun for example_sensors to None, run_after=None
[2024-09-05T07:26:59.609+0000] {processor.py:208} INFO - Processing /home/airflow/.local/lib/python3.12/site-packages/airflow/example_dags/example_sensors.py took 0.083 seconds
[2024-09-05T07:27:29.891+0000] {processor.py:186} INFO - Started process (PID=17859) to work on /home/airflow/.local/lib/python3.12/site-packages/airflow/example_dags/example_sensors.py
[2024-09-05T07:27:29.892+0000] {processor.py:914} INFO - Processing file /home/airflow/.local/lib/python3.12/site-packages/airflow/example_dags/example_sensors.py for tasks to queue
[2024-09-05T07:27:29.895+0000] {logging_mixin.py:190} INFO - [2024-09-05T07:27:29.894+0000] {dagbag.py:587} INFO - Filling up the DagBag from /home/airflow/.local/lib/python3.12/site-packages/airflow/example_dags/example_sensors.py
[2024-09-05T07:27:29.906+0000] {processor.py:925} INFO - DAG(s) 'example_sensors' retrieved from /home/airflow/.local/lib/python3.12/site-packages/airflow/example_dags/example_sensors.py
[2024-09-05T07:27:29.936+0000] {logging_mixin.py:190} INFO - [2024-09-05T07:27:29.936+0000] {dag.py:3211} INFO - Sync 1 DAGs
[2024-09-05T07:27:29.952+0000] {logging_mixin.py:190} INFO - [2024-09-05T07:27:29.952+0000] {dag.py:4138} INFO - Setting next_dagrun for example_sensors to None, run_after=None
[2024-09-05T07:27:29.980+0000] {processor.py:208} INFO - Processing /home/airflow/.local/lib/python3.12/site-packages/airflow/example_dags/example_sensors.py took 0.097 seconds
[2024-09-05T07:28:00.199+0000] {processor.py:186} INFO - Started process (PID=18145) to work on /home/airflow/.local/lib/python3.12/site-packages/airflow/example_dags/example_sensors.py
[2024-09-05T07:28:00.200+0000] {processor.py:914} INFO - Processing file /home/airflow/.local/lib/python3.12/site-packages/airflow/example_dags/example_sensors.py for tasks to queue
[2024-09-05T07:28:00.203+0000] {logging_mixin.py:190} INFO - [2024-09-05T07:28:00.202+0000] {dagbag.py:587} INFO - Filling up the DagBag from /home/airflow/.local/lib/python3.12/site-packages/airflow/example_dags/example_sensors.py
[2024-09-05T07:28:00.213+0000] {processor.py:925} INFO - DAG(s) 'example_sensors' retrieved from /home/airflow/.local/lib/python3.12/site-packages/airflow/example_dags/example_sensors.py
[2024-09-05T07:28:00.243+0000] {logging_mixin.py:190} INFO - [2024-09-05T07:28:00.242+0000] {dag.py:3211} INFO - Sync 1 DAGs
[2024-09-05T07:28:00.256+0000] {logging_mixin.py:190} INFO - [2024-09-05T07:28:00.256+0000] {dag.py:4138} INFO - Setting next_dagrun for example_sensors to None, run_after=None
[2024-09-05T07:28:00.310+0000] {processor.py:208} INFO - Processing /home/airflow/.local/lib/python3.12/site-packages/airflow/example_dags/example_sensors.py took 0.116 seconds
[2024-09-05T07:28:30.560+0000] {processor.py:186} INFO - Started process (PID=18431) to work on /home/airflow/.local/lib/python3.12/site-packages/airflow/example_dags/example_sensors.py
[2024-09-05T07:28:30.561+0000] {processor.py:914} INFO - Processing file /home/airflow/.local/lib/python3.12/site-packages/airflow/example_dags/example_sensors.py for tasks to queue
[2024-09-05T07:28:30.563+0000] {logging_mixin.py:190} INFO - [2024-09-05T07:28:30.563+0000] {dagbag.py:587} INFO - Filling up the DagBag from /home/airflow/.local/lib/python3.12/site-packages/airflow/example_dags/example_sensors.py
[2024-09-05T07:28:30.573+0000] {processor.py:925} INFO - DAG(s) 'example_sensors' retrieved from /home/airflow/.local/lib/python3.12/site-packages/airflow/example_dags/example_sensors.py
[2024-09-05T07:28:30.602+0000] {logging_mixin.py:190} INFO - [2024-09-05T07:28:30.601+0000] {dag.py:3211} INFO - Sync 1 DAGs
[2024-09-05T07:28:30.617+0000] {logging_mixin.py:190} INFO - [2024-09-05T07:28:30.617+0000] {dag.py:4138} INFO - Setting next_dagrun for example_sensors to None, run_after=None
[2024-09-05T07:28:30.645+0000] {processor.py:208} INFO - Processing /home/airflow/.local/lib/python3.12/site-packages/airflow/example_dags/example_sensors.py took 0.091 seconds
[2024-09-05T07:29:00.919+0000] {processor.py:186} INFO - Started process (PID=18717) to work on /home/airflow/.local/lib/python3.12/site-packages/airflow/example_dags/example_sensors.py
[2024-09-05T07:29:00.920+0000] {processor.py:914} INFO - Processing file /home/airflow/.local/lib/python3.12/site-packages/airflow/example_dags/example_sensors.py for tasks to queue
[2024-09-05T07:29:00.923+0000] {logging_mixin.py:190} INFO - [2024-09-05T07:29:00.923+0000] {dagbag.py:587} INFO - Filling up the DagBag from /home/airflow/.local/lib/python3.12/site-packages/airflow/example_dags/example_sensors.py
[2024-09-05T07:29:00.933+0000] {processor.py:925} INFO - DAG(s) 'example_sensors' retrieved from /home/airflow/.local/lib/python3.12/site-packages/airflow/example_dags/example_sensors.py
[2024-09-05T07:29:00.961+0000] {logging_mixin.py:190} INFO - [2024-09-05T07:29:00.961+0000] {dag.py:3211} INFO - Sync 1 DAGs
[2024-09-05T07:29:00.975+0000] {logging_mixin.py:190} INFO - [2024-09-05T07:29:00.975+0000] {dag.py:4138} INFO - Setting next_dagrun for example_sensors to None, run_after=None
[2024-09-05T07:29:01.002+0000] {processor.py:208} INFO - Processing /home/airflow/.local/lib/python3.12/site-packages/airflow/example_dags/example_sensors.py took 0.088 seconds
[2024-09-05T07:29:31.435+0000] {processor.py:186} INFO - Started process (PID=19003) to work on /home/airflow/.local/lib/python3.12/site-packages/airflow/example_dags/example_sensors.py
[2024-09-05T07:29:31.436+0000] {processor.py:914} INFO - Processing file /home/airflow/.local/lib/python3.12/site-packages/airflow/example_dags/example_sensors.py for tasks to queue
[2024-09-05T07:29:31.438+0000] {logging_mixin.py:190} INFO - [2024-09-05T07:29:31.438+0000] {dagbag.py:587} INFO - Filling up the DagBag from /home/airflow/.local/lib/python3.12/site-packages/airflow/example_dags/example_sensors.py
[2024-09-05T07:29:31.449+0000] {processor.py:925} INFO - DAG(s) 'example_sensors' retrieved from /home/airflow/.local/lib/python3.12/site-packages/airflow/example_dags/example_sensors.py
[2024-09-05T07:29:31.477+0000] {logging_mixin.py:190} INFO - [2024-09-05T07:29:31.476+0000] {dag.py:3211} INFO - Sync 1 DAGs
[2024-09-05T07:29:31.491+0000] {logging_mixin.py:190} INFO - [2024-09-05T07:29:31.491+0000] {dag.py:4138} INFO - Setting next_dagrun for example_sensors to None, run_after=None
[2024-09-05T07:29:31.514+0000] {processor.py:208} INFO - Processing /home/airflow/.local/lib/python3.12/site-packages/airflow/example_dags/example_sensors.py took 0.086 seconds
[2024-09-05T07:30:01.951+0000] {processor.py:186} INFO - Started process (PID=19289) to work on /home/airflow/.local/lib/python3.12/site-packages/airflow/example_dags/example_sensors.py
[2024-09-05T07:30:01.953+0000] {processor.py:914} INFO - Processing file /home/airflow/.local/lib/python3.12/site-packages/airflow/example_dags/example_sensors.py for tasks to queue
[2024-09-05T07:30:01.955+0000] {logging_mixin.py:190} INFO - [2024-09-05T07:30:01.955+0000] {dagbag.py:587} INFO - Filling up the DagBag from /home/airflow/.local/lib/python3.12/site-packages/airflow/example_dags/example_sensors.py
[2024-09-05T07:30:01.966+0000] {processor.py:925} INFO - DAG(s) 'example_sensors' retrieved from /home/airflow/.local/lib/python3.12/site-packages/airflow/example_dags/example_sensors.py
[2024-09-05T07:30:01.993+0000] {logging_mixin.py:190} INFO - [2024-09-05T07:30:01.992+0000] {dag.py:3211} INFO - Sync 1 DAGs
[2024-09-05T07:30:02.006+0000] {logging_mixin.py:190} INFO - [2024-09-05T07:30:02.006+0000] {dag.py:4138} INFO - Setting next_dagrun for example_sensors to None, run_after=None
[2024-09-05T07:30:02.028+0000] {processor.py:208} INFO - Processing /home/airflow/.local/lib/python3.12/site-packages/airflow/example_dags/example_sensors.py took 0.082 seconds
[2024-09-05T07:30:32.684+0000] {processor.py:186} INFO - Started process (PID=19575) to work on /home/airflow/.local/lib/python3.12/site-packages/airflow/example_dags/example_sensors.py
[2024-09-05T07:30:32.685+0000] {processor.py:914} INFO - Processing file /home/airflow/.local/lib/python3.12/site-packages/airflow/example_dags/example_sensors.py for tasks to queue
[2024-09-05T07:30:32.688+0000] {logging_mixin.py:190} INFO - [2024-09-05T07:30:32.687+0000] {dagbag.py:587} INFO - Filling up the DagBag from /home/airflow/.local/lib/python3.12/site-packages/airflow/example_dags/example_sensors.py
[2024-09-05T07:30:32.698+0000] {processor.py:925} INFO - DAG(s) 'example_sensors' retrieved from /home/airflow/.local/lib/python3.12/site-packages/airflow/example_dags/example_sensors.py
[2024-09-05T07:30:32.730+0000] {logging_mixin.py:190} INFO - [2024-09-05T07:30:32.730+0000] {dag.py:3211} INFO - Sync 1 DAGs
[2024-09-05T07:30:32.744+0000] {logging_mixin.py:190} INFO - [2024-09-05T07:30:32.744+0000] {dag.py:4138} INFO - Setting next_dagrun for example_sensors to None, run_after=None
[2024-09-05T07:30:32.763+0000] {processor.py:208} INFO - Processing /home/airflow/.local/lib/python3.12/site-packages/airflow/example_dags/example_sensors.py took 0.085 seconds
[2024-09-05T07:31:02.941+0000] {processor.py:186} INFO - Started process (PID=19861) to work on /home/airflow/.local/lib/python3.12/site-packages/airflow/example_dags/example_sensors.py
[2024-09-05T07:31:02.942+0000] {processor.py:914} INFO - Processing file /home/airflow/.local/lib/python3.12/site-packages/airflow/example_dags/example_sensors.py for tasks to queue
[2024-09-05T07:31:02.944+0000] {logging_mixin.py:190} INFO - [2024-09-05T07:31:02.944+0000] {dagbag.py:587} INFO - Filling up the DagBag from /home/airflow/.local/lib/python3.12/site-packages/airflow/example_dags/example_sensors.py
[2024-09-05T07:31:02.955+0000] {processor.py:925} INFO - DAG(s) 'example_sensors' retrieved from /home/airflow/.local/lib/python3.12/site-packages/airflow/example_dags/example_sensors.py
[2024-09-05T07:31:02.982+0000] {logging_mixin.py:190} INFO - [2024-09-05T07:31:02.982+0000] {dag.py:3211} INFO - Sync 1 DAGs
[2024-09-05T07:31:02.997+0000] {logging_mixin.py:190} INFO - [2024-09-05T07:31:02.997+0000] {dag.py:4138} INFO - Setting next_dagrun for example_sensors to None, run_after=None
[2024-09-05T07:31:03.020+0000] {processor.py:208} INFO - Processing /home/airflow/.local/lib/python3.12/site-packages/airflow/example_dags/example_sensors.py took 0.085 seconds
[2024-09-05T07:31:33.457+0000] {processor.py:186} INFO - Started process (PID=20147) to work on /home/airflow/.local/lib/python3.12/site-packages/airflow/example_dags/example_sensors.py
[2024-09-05T07:31:33.459+0000] {processor.py:914} INFO - Processing file /home/airflow/.local/lib/python3.12/site-packages/airflow/example_dags/example_sensors.py for tasks to queue
[2024-09-05T07:31:33.461+0000] {logging_mixin.py:190} INFO - [2024-09-05T07:31:33.461+0000] {dagbag.py:587} INFO - Filling up the DagBag from /home/airflow/.local/lib/python3.12/site-packages/airflow/example_dags/example_sensors.py
[2024-09-05T07:31:33.471+0000] {processor.py:925} INFO - DAG(s) 'example_sensors' retrieved from /home/airflow/.local/lib/python3.12/site-packages/airflow/example_dags/example_sensors.py
[2024-09-05T07:31:33.497+0000] {logging_mixin.py:190} INFO - [2024-09-05T07:31:33.497+0000] {dag.py:3211} INFO - Sync 1 DAGs
[2024-09-05T07:31:33.511+0000] {logging_mixin.py:190} INFO - [2024-09-05T07:31:33.511+0000] {dag.py:4138} INFO - Setting next_dagrun for example_sensors to None, run_after=None
[2024-09-05T07:31:33.531+0000] {processor.py:208} INFO - Processing /home/airflow/.local/lib/python3.12/site-packages/airflow/example_dags/example_sensors.py took 0.080 seconds
[2024-09-05T07:32:04.033+0000] {processor.py:186} INFO - Started process (PID=20433) to work on /home/airflow/.local/lib/python3.12/site-packages/airflow/example_dags/example_sensors.py
[2024-09-05T07:32:04.034+0000] {processor.py:914} INFO - Processing file /home/airflow/.local/lib/python3.12/site-packages/airflow/example_dags/example_sensors.py for tasks to queue
[2024-09-05T07:32:04.036+0000] {logging_mixin.py:190} INFO - [2024-09-05T07:32:04.036+0000] {dagbag.py:587} INFO - Filling up the DagBag from /home/airflow/.local/lib/python3.12/site-packages/airflow/example_dags/example_sensors.py
[2024-09-05T07:32:04.046+0000] {processor.py:925} INFO - DAG(s) 'example_sensors' retrieved from /home/airflow/.local/lib/python3.12/site-packages/airflow/example_dags/example_sensors.py
[2024-09-05T07:32:04.073+0000] {logging_mixin.py:190} INFO - [2024-09-05T07:32:04.072+0000] {dag.py:3211} INFO - Sync 1 DAGs
[2024-09-05T07:32:04.086+0000] {logging_mixin.py:190} INFO - [2024-09-05T07:32:04.086+0000] {dag.py:4138} INFO - Setting next_dagrun for example_sensors to None, run_after=None
[2024-09-05T07:32:04.107+0000] {processor.py:208} INFO - Processing /home/airflow/.local/lib/python3.12/site-packages/airflow/example_dags/example_sensors.py took 0.079 seconds
[2024-09-05T07:32:34.786+0000] {processor.py:186} INFO - Started process (PID=20719) to work on /home/airflow/.local/lib/python3.12/site-packages/airflow/example_dags/example_sensors.py
[2024-09-05T07:32:34.787+0000] {processor.py:914} INFO - Processing file /home/airflow/.local/lib/python3.12/site-packages/airflow/example_dags/example_sensors.py for tasks to queue
[2024-09-05T07:32:34.790+0000] {logging_mixin.py:190} INFO - [2024-09-05T07:32:34.790+0000] {dagbag.py:587} INFO - Filling up the DagBag from /home/airflow/.local/lib/python3.12/site-packages/airflow/example_dags/example_sensors.py
[2024-09-05T07:32:34.801+0000] {processor.py:925} INFO - DAG(s) 'example_sensors' retrieved from /home/airflow/.local/lib/python3.12/site-packages/airflow/example_dags/example_sensors.py
[2024-09-05T07:32:34.830+0000] {logging_mixin.py:190} INFO - [2024-09-05T07:32:34.829+0000] {dag.py:3211} INFO - Sync 1 DAGs
[2024-09-05T07:32:34.843+0000] {logging_mixin.py:190} INFO - [2024-09-05T07:32:34.843+0000] {dag.py:4138} INFO - Setting next_dagrun for example_sensors to None, run_after=None
[2024-09-05T07:32:34.867+0000] {processor.py:208} INFO - Processing /home/airflow/.local/lib/python3.12/site-packages/airflow/example_dags/example_sensors.py took 0.088 seconds
[2024-09-05T07:33:05.491+0000] {processor.py:186} INFO - Started process (PID=21005) to work on /home/airflow/.local/lib/python3.12/site-packages/airflow/example_dags/example_sensors.py
[2024-09-05T07:33:05.492+0000] {processor.py:914} INFO - Processing file /home/airflow/.local/lib/python3.12/site-packages/airflow/example_dags/example_sensors.py for tasks to queue
[2024-09-05T07:33:05.495+0000] {logging_mixin.py:190} INFO - [2024-09-05T07:33:05.495+0000] {dagbag.py:587} INFO - Filling up the DagBag from /home/airflow/.local/lib/python3.12/site-packages/airflow/example_dags/example_sensors.py
[2024-09-05T07:33:05.506+0000] {processor.py:925} INFO - DAG(s) 'example_sensors' retrieved from /home/airflow/.local/lib/python3.12/site-packages/airflow/example_dags/example_sensors.py
[2024-09-05T07:33:05.534+0000] {logging_mixin.py:190} INFO - [2024-09-05T07:33:05.534+0000] {dag.py:3211} INFO - Sync 1 DAGs
[2024-09-05T07:33:05.548+0000] {logging_mixin.py:190} INFO - [2024-09-05T07:33:05.547+0000] {dag.py:4138} INFO - Setting next_dagrun for example_sensors to None, run_after=None
[2024-09-05T07:33:05.568+0000] {processor.py:208} INFO - Processing /home/airflow/.local/lib/python3.12/site-packages/airflow/example_dags/example_sensors.py took 0.082 seconds
[2024-09-05T07:33:36.017+0000] {processor.py:186} INFO - Started process (PID=21291) to work on /home/airflow/.local/lib/python3.12/site-packages/airflow/example_dags/example_sensors.py
[2024-09-05T07:33:36.018+0000] {processor.py:914} INFO - Processing file /home/airflow/.local/lib/python3.12/site-packages/airflow/example_dags/example_sensors.py for tasks to queue
[2024-09-05T07:33:36.020+0000] {logging_mixin.py:190} INFO - [2024-09-05T07:33:36.020+0000] {dagbag.py:587} INFO - Filling up the DagBag from /home/airflow/.local/lib/python3.12/site-packages/airflow/example_dags/example_sensors.py
[2024-09-05T07:33:36.031+0000] {processor.py:925} INFO - DAG(s) 'example_sensors' retrieved from /home/airflow/.local/lib/python3.12/site-packages/airflow/example_dags/example_sensors.py
[2024-09-05T07:33:36.058+0000] {logging_mixin.py:190} INFO - [2024-09-05T07:33:36.058+0000] {dag.py:3211} INFO - Sync 1 DAGs
[2024-09-05T07:33:36.072+0000] {logging_mixin.py:190} INFO - [2024-09-05T07:33:36.072+0000] {dag.py:4138} INFO - Setting next_dagrun for example_sensors to None, run_after=None
[2024-09-05T07:33:36.091+0000] {processor.py:208} INFO - Processing /home/airflow/.local/lib/python3.12/site-packages/airflow/example_dags/example_sensors.py took 0.080 seconds
[2024-09-05T07:34:06.953+0000] {processor.py:186} INFO - Started process (PID=21577) to work on /home/airflow/.local/lib/python3.12/site-packages/airflow/example_dags/example_sensors.py
[2024-09-05T07:34:06.954+0000] {processor.py:914} INFO - Processing file /home/airflow/.local/lib/python3.12/site-packages/airflow/example_dags/example_sensors.py for tasks to queue
[2024-09-05T07:34:06.957+0000] {logging_mixin.py:190} INFO - [2024-09-05T07:34:06.956+0000] {dagbag.py:587} INFO - Filling up the DagBag from /home/airflow/.local/lib/python3.12/site-packages/airflow/example_dags/example_sensors.py
[2024-09-05T07:34:06.968+0000] {processor.py:925} INFO - DAG(s) 'example_sensors' retrieved from /home/airflow/.local/lib/python3.12/site-packages/airflow/example_dags/example_sensors.py
[2024-09-05T07:34:06.996+0000] {logging_mixin.py:190} INFO - [2024-09-05T07:34:06.996+0000] {dag.py:3211} INFO - Sync 1 DAGs
[2024-09-05T07:34:07.011+0000] {logging_mixin.py:190} INFO - [2024-09-05T07:34:07.010+0000] {dag.py:4138} INFO - Setting next_dagrun for example_sensors to None, run_after=None
[2024-09-05T07:34:07.034+0000] {processor.py:208} INFO - Processing /home/airflow/.local/lib/python3.12/site-packages/airflow/example_dags/example_sensors.py took 0.087 seconds
[2024-09-05T07:34:37.629+0000] {processor.py:186} INFO - Started process (PID=21863) to work on /home/airflow/.local/lib/python3.12/site-packages/airflow/example_dags/example_sensors.py
[2024-09-05T07:34:37.630+0000] {processor.py:914} INFO - Processing file /home/airflow/.local/lib/python3.12/site-packages/airflow/example_dags/example_sensors.py for tasks to queue
[2024-09-05T07:34:37.633+0000] {logging_mixin.py:190} INFO - [2024-09-05T07:34:37.633+0000] {dagbag.py:587} INFO - Filling up the DagBag from /home/airflow/.local/lib/python3.12/site-packages/airflow/example_dags/example_sensors.py
[2024-09-05T07:34:37.643+0000] {processor.py:925} INFO - DAG(s) 'example_sensors' retrieved from /home/airflow/.local/lib/python3.12/site-packages/airflow/example_dags/example_sensors.py
[2024-09-05T07:34:37.673+0000] {logging_mixin.py:190} INFO - [2024-09-05T07:34:37.673+0000] {dag.py:3211} INFO - Sync 1 DAGs
[2024-09-05T07:34:37.689+0000] {logging_mixin.py:190} INFO - [2024-09-05T07:34:37.688+0000] {dag.py:4138} INFO - Setting next_dagrun for example_sensors to None, run_after=None
[2024-09-05T07:34:37.716+0000] {processor.py:208} INFO - Processing /home/airflow/.local/lib/python3.12/site-packages/airflow/example_dags/example_sensors.py took 0.092 seconds
[2024-09-05T07:35:08.226+0000] {processor.py:186} INFO - Started process (PID=22149) to work on /home/airflow/.local/lib/python3.12/site-packages/airflow/example_dags/example_sensors.py
[2024-09-05T07:35:08.227+0000] {processor.py:914} INFO - Processing file /home/airflow/.local/lib/python3.12/site-packages/airflow/example_dags/example_sensors.py for tasks to queue
[2024-09-05T07:35:08.229+0000] {logging_mixin.py:190} INFO - [2024-09-05T07:35:08.229+0000] {dagbag.py:587} INFO - Filling up the DagBag from /home/airflow/.local/lib/python3.12/site-packages/airflow/example_dags/example_sensors.py
[2024-09-05T07:35:08.240+0000] {processor.py:925} INFO - DAG(s) 'example_sensors' retrieved from /home/airflow/.local/lib/python3.12/site-packages/airflow/example_dags/example_sensors.py
[2024-09-05T07:35:08.273+0000] {logging_mixin.py:190} INFO - [2024-09-05T07:35:08.272+0000] {dag.py:3211} INFO - Sync 1 DAGs
[2024-09-05T07:35:08.287+0000] {logging_mixin.py:190} INFO - [2024-09-05T07:35:08.287+0000] {dag.py:4138} INFO - Setting next_dagrun for example_sensors to None, run_after=None
[2024-09-05T07:35:08.315+0000] {processor.py:208} INFO - Processing /home/airflow/.local/lib/python3.12/site-packages/airflow/example_dags/example_sensors.py took 0.095 seconds
[2024-09-05T07:35:41.850+0000] {processor.py:186} INFO - Started process (PID=22461) to work on /home/airflow/.local/lib/python3.12/site-packages/airflow/example_dags/example_sensors.py
[2024-09-05T07:35:41.851+0000] {processor.py:914} INFO - Processing file /home/airflow/.local/lib/python3.12/site-packages/airflow/example_dags/example_sensors.py for tasks to queue
[2024-09-05T07:35:41.853+0000] {logging_mixin.py:190} INFO - [2024-09-05T07:35:41.853+0000] {dagbag.py:587} INFO - Filling up the DagBag from /home/airflow/.local/lib/python3.12/site-packages/airflow/example_dags/example_sensors.py
[2024-09-05T07:35:41.863+0000] {processor.py:925} INFO - DAG(s) 'example_sensors' retrieved from /home/airflow/.local/lib/python3.12/site-packages/airflow/example_dags/example_sensors.py
[2024-09-05T07:35:41.889+0000] {logging_mixin.py:190} INFO - [2024-09-05T07:35:41.889+0000] {dag.py:3211} INFO - Sync 1 DAGs
[2024-09-05T07:35:41.904+0000] {logging_mixin.py:190} INFO - [2024-09-05T07:35:41.904+0000] {dag.py:4138} INFO - Setting next_dagrun for example_sensors to None, run_after=None
[2024-09-05T07:35:41.925+0000] {processor.py:208} INFO - Processing /home/airflow/.local/lib/python3.12/site-packages/airflow/example_dags/example_sensors.py took 0.081 seconds
