[2024-09-05T06:55:55.274+0000] {processor.py:186} INFO - Started process (PID=326) to work on /home/airflow/.local/lib/python3.12/site-packages/airflow/example_dags/tutorial.py
[2024-09-05T06:55:55.340+0000] {processor.py:914} INFO - Processing file /home/airflow/.local/lib/python3.12/site-packages/airflow/example_dags/tutorial.py for tasks to queue
[2024-09-05T06:55:55.344+0000] {logging_mixin.py:190} INFO - [2024-09-05T06:55:55.343+0000] {dagbag.py:587} INFO - Filling up the DagBag from /home/airflow/.local/lib/python3.12/site-packages/airflow/example_dags/tutorial.py
[2024-09-05T06:55:55.425+0000] {processor.py:925} INFO - DAG(s) 'tutorial' retrieved from /home/airflow/.local/lib/python3.12/site-packages/airflow/example_dags/tutorial.py
[2024-09-05T06:55:55.970+0000] {logging_mixin.py:190} INFO - [2024-09-05T06:55:55.969+0000] {override.py:1858} INFO - Created Permission View: can edit on DAG:tutorial
[2024-09-05T06:55:56.017+0000] {logging_mixin.py:190} INFO - [2024-09-05T06:55:56.017+0000] {override.py:1858} INFO - Created Permission View: can delete on DAG:tutorial
[2024-09-05T06:55:56.047+0000] {logging_mixin.py:190} INFO - [2024-09-05T06:55:56.046+0000] {override.py:1858} INFO - Created Permission View: can read on DAG:tutorial
[2024-09-05T06:55:56.059+0000] {logging_mixin.py:190} INFO - [2024-09-05T06:55:56.058+0000] {dag.py:3211} INFO - Sync 1 DAGs
[2024-09-05T06:55:56.080+0000] {logging_mixin.py:190} INFO - [2024-09-05T06:55:56.080+0000] {dag.py:3234} INFO - Creating ORM DAG for tutorial
[2024-09-05T06:55:56.106+0000] {logging_mixin.py:190} INFO - [2024-09-05T06:55:56.105+0000] {dag.py:4138} INFO - Setting next_dagrun for tutorial to 2024-09-04 00:00:00+00:00, run_after=2024-09-05 00:00:00+00:00
[2024-09-05T06:55:56.167+0000] {processor.py:208} INFO - Processing /home/airflow/.local/lib/python3.12/site-packages/airflow/example_dags/tutorial.py took 0.899 seconds
[2024-09-05T06:56:27.456+0000] {processor.py:186} INFO - Started process (PID=620) to work on /home/airflow/.local/lib/python3.12/site-packages/airflow/example_dags/tutorial.py
[2024-09-05T06:56:27.457+0000] {processor.py:914} INFO - Processing file /home/airflow/.local/lib/python3.12/site-packages/airflow/example_dags/tutorial.py for tasks to queue
[2024-09-05T06:56:27.460+0000] {logging_mixin.py:190} INFO - [2024-09-05T06:56:27.460+0000] {dagbag.py:587} INFO - Filling up the DagBag from /home/airflow/.local/lib/python3.12/site-packages/airflow/example_dags/tutorial.py
[2024-09-05T06:56:27.468+0000] {processor.py:925} INFO - DAG(s) 'tutorial' retrieved from /home/airflow/.local/lib/python3.12/site-packages/airflow/example_dags/tutorial.py
[2024-09-05T06:56:27.489+0000] {logging_mixin.py:190} INFO - [2024-09-05T06:56:27.489+0000] {dag.py:3211} INFO - Sync 1 DAGs
[2024-09-05T06:56:27.547+0000] {logging_mixin.py:190} INFO - [2024-09-05T06:56:27.547+0000] {dag.py:4138} INFO - Setting next_dagrun for tutorial to 2024-09-04 00:00:00+00:00, run_after=2024-09-05 00:00:00+00:00
[2024-09-05T06:56:27.702+0000] {processor.py:208} INFO - Processing /home/airflow/.local/lib/python3.12/site-packages/airflow/example_dags/tutorial.py took 0.252 seconds
[2024-09-05T06:56:58.325+0000] {processor.py:186} INFO - Started process (PID=904) to work on /home/airflow/.local/lib/python3.12/site-packages/airflow/example_dags/tutorial.py
[2024-09-05T06:56:58.343+0000] {processor.py:914} INFO - Processing file /home/airflow/.local/lib/python3.12/site-packages/airflow/example_dags/tutorial.py for tasks to queue
[2024-09-05T06:56:58.347+0000] {logging_mixin.py:190} INFO - [2024-09-05T06:56:58.346+0000] {dagbag.py:587} INFO - Filling up the DagBag from /home/airflow/.local/lib/python3.12/site-packages/airflow/example_dags/tutorial.py
[2024-09-05T06:56:58.360+0000] {processor.py:925} INFO - DAG(s) 'tutorial' retrieved from /home/airflow/.local/lib/python3.12/site-packages/airflow/example_dags/tutorial.py
[2024-09-05T06:56:58.391+0000] {logging_mixin.py:190} INFO - [2024-09-05T06:56:58.390+0000] {dag.py:3211} INFO - Sync 1 DAGs
[2024-09-05T06:56:58.428+0000] {logging_mixin.py:190} INFO - [2024-09-05T06:56:58.427+0000] {dag.py:4138} INFO - Setting next_dagrun for tutorial to 2024-09-04 00:00:00+00:00, run_after=2024-09-05 00:00:00+00:00
[2024-09-05T06:56:58.454+0000] {processor.py:208} INFO - Processing /home/airflow/.local/lib/python3.12/site-packages/airflow/example_dags/tutorial.py took 0.139 seconds
[2024-09-05T06:57:29.661+0000] {processor.py:186} INFO - Started process (PID=1192) to work on /home/airflow/.local/lib/python3.12/site-packages/airflow/example_dags/tutorial.py
[2024-09-05T06:57:29.663+0000] {processor.py:914} INFO - Processing file /home/airflow/.local/lib/python3.12/site-packages/airflow/example_dags/tutorial.py for tasks to queue
[2024-09-05T06:57:29.666+0000] {logging_mixin.py:190} INFO - [2024-09-05T06:57:29.665+0000] {dagbag.py:587} INFO - Filling up the DagBag from /home/airflow/.local/lib/python3.12/site-packages/airflow/example_dags/tutorial.py
[2024-09-05T06:57:29.673+0000] {processor.py:925} INFO - DAG(s) 'tutorial' retrieved from /home/airflow/.local/lib/python3.12/site-packages/airflow/example_dags/tutorial.py
[2024-09-05T06:57:29.692+0000] {logging_mixin.py:190} INFO - [2024-09-05T06:57:29.692+0000] {dag.py:3211} INFO - Sync 1 DAGs
[2024-09-05T06:57:29.715+0000] {logging_mixin.py:190} INFO - [2024-09-05T06:57:29.715+0000] {dag.py:4138} INFO - Setting next_dagrun for tutorial to 2024-09-04 00:00:00+00:00, run_after=2024-09-05 00:00:00+00:00
[2024-09-05T06:57:29.735+0000] {processor.py:208} INFO - Processing /home/airflow/.local/lib/python3.12/site-packages/airflow/example_dags/tutorial.py took 0.079 seconds
[2024-09-05T06:58:00.348+0000] {processor.py:186} INFO - Started process (PID=1476) to work on /home/airflow/.local/lib/python3.12/site-packages/airflow/example_dags/tutorial.py
[2024-09-05T06:58:00.349+0000] {processor.py:914} INFO - Processing file /home/airflow/.local/lib/python3.12/site-packages/airflow/example_dags/tutorial.py for tasks to queue
[2024-09-05T06:58:00.352+0000] {logging_mixin.py:190} INFO - [2024-09-05T06:58:00.351+0000] {dagbag.py:587} INFO - Filling up the DagBag from /home/airflow/.local/lib/python3.12/site-packages/airflow/example_dags/tutorial.py
[2024-09-05T06:58:00.360+0000] {processor.py:925} INFO - DAG(s) 'tutorial' retrieved from /home/airflow/.local/lib/python3.12/site-packages/airflow/example_dags/tutorial.py
[2024-09-05T06:58:00.385+0000] {logging_mixin.py:190} INFO - [2024-09-05T06:58:00.384+0000] {dag.py:3211} INFO - Sync 1 DAGs
[2024-09-05T06:58:00.410+0000] {logging_mixin.py:190} INFO - [2024-09-05T06:58:00.410+0000] {dag.py:4138} INFO - Setting next_dagrun for tutorial to 2024-09-04 00:00:00+00:00, run_after=2024-09-05 00:00:00+00:00
[2024-09-05T06:58:01.160+0000] {processor.py:208} INFO - Processing /home/airflow/.local/lib/python3.12/site-packages/airflow/example_dags/tutorial.py took 0.820 seconds
[2024-09-05T06:58:31.277+0000] {processor.py:186} INFO - Started process (PID=1759) to work on /home/airflow/.local/lib/python3.12/site-packages/airflow/example_dags/tutorial.py
[2024-09-05T06:58:31.278+0000] {processor.py:914} INFO - Processing file /home/airflow/.local/lib/python3.12/site-packages/airflow/example_dags/tutorial.py for tasks to queue
[2024-09-05T06:58:31.281+0000] {logging_mixin.py:190} INFO - [2024-09-05T06:58:31.281+0000] {dagbag.py:587} INFO - Filling up the DagBag from /home/airflow/.local/lib/python3.12/site-packages/airflow/example_dags/tutorial.py
[2024-09-05T06:58:31.293+0000] {processor.py:925} INFO - DAG(s) 'tutorial' retrieved from /home/airflow/.local/lib/python3.12/site-packages/airflow/example_dags/tutorial.py
[2024-09-05T06:58:31.330+0000] {logging_mixin.py:190} INFO - [2024-09-05T06:58:31.330+0000] {dag.py:3211} INFO - Sync 1 DAGs
[2024-09-05T06:58:31.353+0000] {logging_mixin.py:190} INFO - [2024-09-05T06:58:31.353+0000] {dag.py:4138} INFO - Setting next_dagrun for tutorial to 2024-09-04 00:00:00+00:00, run_after=2024-09-05 00:00:00+00:00
[2024-09-05T06:58:31.378+0000] {processor.py:208} INFO - Processing /home/airflow/.local/lib/python3.12/site-packages/airflow/example_dags/tutorial.py took 0.108 seconds
[2024-09-05T06:59:01.821+0000] {processor.py:186} INFO - Started process (PID=2043) to work on /home/airflow/.local/lib/python3.12/site-packages/airflow/example_dags/tutorial.py
[2024-09-05T06:59:01.823+0000] {processor.py:914} INFO - Processing file /home/airflow/.local/lib/python3.12/site-packages/airflow/example_dags/tutorial.py for tasks to queue
[2024-09-05T06:59:01.827+0000] {logging_mixin.py:190} INFO - [2024-09-05T06:59:01.827+0000] {dagbag.py:587} INFO - Filling up the DagBag from /home/airflow/.local/lib/python3.12/site-packages/airflow/example_dags/tutorial.py
[2024-09-05T06:59:02.134+0000] {processor.py:925} INFO - DAG(s) 'tutorial' retrieved from /home/airflow/.local/lib/python3.12/site-packages/airflow/example_dags/tutorial.py
[2024-09-05T06:59:02.203+0000] {logging_mixin.py:190} INFO - [2024-09-05T06:59:02.202+0000] {dag.py:3211} INFO - Sync 1 DAGs
[2024-09-05T06:59:02.380+0000] {logging_mixin.py:190} INFO - [2024-09-05T06:59:02.379+0000] {dag.py:4138} INFO - Setting next_dagrun for tutorial to 2024-09-04 00:00:00+00:00, run_after=2024-09-05 00:00:00+00:00
[2024-09-05T06:59:02.413+0000] {processor.py:208} INFO - Processing /home/airflow/.local/lib/python3.12/site-packages/airflow/example_dags/tutorial.py took 0.599 seconds
[2024-09-05T06:59:43.115+0000] {processor.py:186} INFO - Started process (PID=2334) to work on /home/airflow/.local/lib/python3.12/site-packages/airflow/example_dags/tutorial.py
[2024-09-05T06:59:43.198+0000] {processor.py:914} INFO - Processing file /home/airflow/.local/lib/python3.12/site-packages/airflow/example_dags/tutorial.py for tasks to queue
[2024-09-05T06:59:43.200+0000] {logging_mixin.py:190} INFO - [2024-09-05T06:59:43.200+0000] {dagbag.py:587} INFO - Filling up the DagBag from /home/airflow/.local/lib/python3.12/site-packages/airflow/example_dags/tutorial.py
[2024-09-05T06:59:43.208+0000] {processor.py:925} INFO - DAG(s) 'tutorial' retrieved from /home/airflow/.local/lib/python3.12/site-packages/airflow/example_dags/tutorial.py
[2024-09-05T06:59:43.229+0000] {logging_mixin.py:190} INFO - [2024-09-05T06:59:43.229+0000] {dag.py:3211} INFO - Sync 1 DAGs
[2024-09-05T06:59:43.253+0000] {logging_mixin.py:190} INFO - [2024-09-05T06:59:43.253+0000] {dag.py:4138} INFO - Setting next_dagrun for tutorial to 2024-09-04 00:00:00+00:00, run_after=2024-09-05 00:00:00+00:00
[2024-09-05T06:59:43.275+0000] {processor.py:208} INFO - Processing /home/airflow/.local/lib/python3.12/site-packages/airflow/example_dags/tutorial.py took 0.166 seconds
[2024-09-05T07:00:14.193+0000] {processor.py:186} INFO - Started process (PID=2600) to work on /home/airflow/.local/lib/python3.12/site-packages/airflow/example_dags/tutorial.py
[2024-09-05T07:00:14.194+0000] {processor.py:914} INFO - Processing file /home/airflow/.local/lib/python3.12/site-packages/airflow/example_dags/tutorial.py for tasks to queue
[2024-09-05T07:00:14.197+0000] {logging_mixin.py:190} INFO - [2024-09-05T07:00:14.196+0000] {dagbag.py:587} INFO - Filling up the DagBag from /home/airflow/.local/lib/python3.12/site-packages/airflow/example_dags/tutorial.py
[2024-09-05T07:00:14.205+0000] {processor.py:925} INFO - DAG(s) 'tutorial' retrieved from /home/airflow/.local/lib/python3.12/site-packages/airflow/example_dags/tutorial.py
[2024-09-05T07:00:14.225+0000] {logging_mixin.py:190} INFO - [2024-09-05T07:00:14.225+0000] {dag.py:3211} INFO - Sync 1 DAGs
[2024-09-05T07:00:14.247+0000] {logging_mixin.py:190} INFO - [2024-09-05T07:00:14.247+0000] {dag.py:4138} INFO - Setting next_dagrun for tutorial to 2024-09-04 00:00:00+00:00, run_after=2024-09-05 00:00:00+00:00
[2024-09-05T07:00:14.267+0000] {processor.py:208} INFO - Processing /home/airflow/.local/lib/python3.12/site-packages/airflow/example_dags/tutorial.py took 0.079 seconds
[2024-09-05T07:00:48.204+0000] {processor.py:186} INFO - Started process (PID=2875) to work on /home/airflow/.local/lib/python3.12/site-packages/airflow/example_dags/tutorial.py
[2024-09-05T07:00:48.206+0000] {processor.py:914} INFO - Processing file /home/airflow/.local/lib/python3.12/site-packages/airflow/example_dags/tutorial.py for tasks to queue
[2024-09-05T07:00:48.210+0000] {logging_mixin.py:190} INFO - [2024-09-05T07:00:48.209+0000] {dagbag.py:587} INFO - Filling up the DagBag from /home/airflow/.local/lib/python3.12/site-packages/airflow/example_dags/tutorial.py
[2024-09-05T07:00:48.220+0000] {processor.py:925} INFO - DAG(s) 'tutorial' retrieved from /home/airflow/.local/lib/python3.12/site-packages/airflow/example_dags/tutorial.py
[2024-09-05T07:00:48.250+0000] {logging_mixin.py:190} INFO - [2024-09-05T07:00:48.249+0000] {dag.py:3211} INFO - Sync 1 DAGs
[2024-09-05T07:00:48.281+0000] {logging_mixin.py:190} INFO - [2024-09-05T07:00:48.281+0000] {dag.py:4138} INFO - Setting next_dagrun for tutorial to 2024-09-04 00:00:00+00:00, run_after=2024-09-05 00:00:00+00:00
[2024-09-05T07:00:48.305+0000] {processor.py:208} INFO - Processing /home/airflow/.local/lib/python3.12/site-packages/airflow/example_dags/tutorial.py took 0.110 seconds
[2024-09-05T07:01:24.242+0000] {processor.py:186} INFO - Started process (PID=3159) to work on /home/airflow/.local/lib/python3.12/site-packages/airflow/example_dags/tutorial.py
[2024-09-05T07:01:24.244+0000] {processor.py:914} INFO - Processing file /home/airflow/.local/lib/python3.12/site-packages/airflow/example_dags/tutorial.py for tasks to queue
[2024-09-05T07:01:24.247+0000] {logging_mixin.py:190} INFO - [2024-09-05T07:01:24.247+0000] {dagbag.py:587} INFO - Filling up the DagBag from /home/airflow/.local/lib/python3.12/site-packages/airflow/example_dags/tutorial.py
[2024-09-05T07:01:24.255+0000] {processor.py:925} INFO - DAG(s) 'tutorial' retrieved from /home/airflow/.local/lib/python3.12/site-packages/airflow/example_dags/tutorial.py
[2024-09-05T07:01:24.276+0000] {logging_mixin.py:190} INFO - [2024-09-05T07:01:24.275+0000] {dag.py:3211} INFO - Sync 1 DAGs
[2024-09-05T07:01:24.300+0000] {logging_mixin.py:190} INFO - [2024-09-05T07:01:24.299+0000] {dag.py:4138} INFO - Setting next_dagrun for tutorial to 2024-09-04 00:00:00+00:00, run_after=2024-09-05 00:00:00+00:00
[2024-09-05T07:01:24.510+0000] {processor.py:208} INFO - Processing /home/airflow/.local/lib/python3.12/site-packages/airflow/example_dags/tutorial.py took 0.275 seconds
[2024-09-05T07:01:54.879+0000] {processor.py:186} INFO - Started process (PID=3446) to work on /home/airflow/.local/lib/python3.12/site-packages/airflow/example_dags/tutorial.py
[2024-09-05T07:01:54.881+0000] {processor.py:914} INFO - Processing file /home/airflow/.local/lib/python3.12/site-packages/airflow/example_dags/tutorial.py for tasks to queue
[2024-09-05T07:01:54.885+0000] {logging_mixin.py:190} INFO - [2024-09-05T07:01:54.884+0000] {dagbag.py:587} INFO - Filling up the DagBag from /home/airflow/.local/lib/python3.12/site-packages/airflow/example_dags/tutorial.py
[2024-09-05T07:01:54.903+0000] {processor.py:925} INFO - DAG(s) 'tutorial' retrieved from /home/airflow/.local/lib/python3.12/site-packages/airflow/example_dags/tutorial.py
[2024-09-05T07:01:54.960+0000] {logging_mixin.py:190} INFO - [2024-09-05T07:01:54.960+0000] {dag.py:3211} INFO - Sync 1 DAGs
[2024-09-05T07:01:55.019+0000] {logging_mixin.py:190} INFO - [2024-09-05T07:01:55.019+0000] {dag.py:4138} INFO - Setting next_dagrun for tutorial to 2024-09-04 00:00:00+00:00, run_after=2024-09-05 00:00:00+00:00
[2024-09-05T07:01:55.056+0000] {processor.py:208} INFO - Processing /home/airflow/.local/lib/python3.12/site-packages/airflow/example_dags/tutorial.py took 0.195 seconds
[2024-09-05T07:02:25.845+0000] {processor.py:186} INFO - Started process (PID=3732) to work on /home/airflow/.local/lib/python3.12/site-packages/airflow/example_dags/tutorial.py
[2024-09-05T07:02:25.891+0000] {processor.py:914} INFO - Processing file /home/airflow/.local/lib/python3.12/site-packages/airflow/example_dags/tutorial.py for tasks to queue
[2024-09-05T07:02:25.893+0000] {logging_mixin.py:190} INFO - [2024-09-05T07:02:25.893+0000] {dagbag.py:587} INFO - Filling up the DagBag from /home/airflow/.local/lib/python3.12/site-packages/airflow/example_dags/tutorial.py
[2024-09-05T07:02:25.902+0000] {processor.py:925} INFO - DAG(s) 'tutorial' retrieved from /home/airflow/.local/lib/python3.12/site-packages/airflow/example_dags/tutorial.py
[2024-09-05T07:02:25.928+0000] {logging_mixin.py:190} INFO - [2024-09-05T07:02:25.928+0000] {dag.py:3211} INFO - Sync 1 DAGs
[2024-09-05T07:02:25.953+0000] {logging_mixin.py:190} INFO - [2024-09-05T07:02:25.953+0000] {dag.py:4138} INFO - Setting next_dagrun for tutorial to 2024-09-04 00:00:00+00:00, run_after=2024-09-05 00:00:00+00:00
[2024-09-05T07:02:25.977+0000] {processor.py:208} INFO - Processing /home/airflow/.local/lib/python3.12/site-packages/airflow/example_dags/tutorial.py took 0.139 seconds
[2024-09-05T07:02:56.305+0000] {processor.py:186} INFO - Started process (PID=4018) to work on /home/airflow/.local/lib/python3.12/site-packages/airflow/example_dags/tutorial.py
[2024-09-05T07:02:56.306+0000] {processor.py:914} INFO - Processing file /home/airflow/.local/lib/python3.12/site-packages/airflow/example_dags/tutorial.py for tasks to queue
[2024-09-05T07:02:56.309+0000] {logging_mixin.py:190} INFO - [2024-09-05T07:02:56.309+0000] {dagbag.py:587} INFO - Filling up the DagBag from /home/airflow/.local/lib/python3.12/site-packages/airflow/example_dags/tutorial.py
[2024-09-05T07:02:56.317+0000] {processor.py:925} INFO - DAG(s) 'tutorial' retrieved from /home/airflow/.local/lib/python3.12/site-packages/airflow/example_dags/tutorial.py
[2024-09-05T07:02:56.338+0000] {logging_mixin.py:190} INFO - [2024-09-05T07:02:56.338+0000] {dag.py:3211} INFO - Sync 1 DAGs
[2024-09-05T07:02:56.365+0000] {logging_mixin.py:190} INFO - [2024-09-05T07:02:56.365+0000] {dag.py:4138} INFO - Setting next_dagrun for tutorial to 2024-09-04 00:00:00+00:00, run_after=2024-09-05 00:00:00+00:00
[2024-09-05T07:02:56.385+0000] {processor.py:208} INFO - Processing /home/airflow/.local/lib/python3.12/site-packages/airflow/example_dags/tutorial.py took 0.086 seconds
[2024-09-05T07:03:27.127+0000] {processor.py:186} INFO - Started process (PID=4304) to work on /home/airflow/.local/lib/python3.12/site-packages/airflow/example_dags/tutorial.py
[2024-09-05T07:03:27.128+0000] {processor.py:914} INFO - Processing file /home/airflow/.local/lib/python3.12/site-packages/airflow/example_dags/tutorial.py for tasks to queue
[2024-09-05T07:03:27.131+0000] {logging_mixin.py:190} INFO - [2024-09-05T07:03:27.131+0000] {dagbag.py:587} INFO - Filling up the DagBag from /home/airflow/.local/lib/python3.12/site-packages/airflow/example_dags/tutorial.py
[2024-09-05T07:03:27.139+0000] {processor.py:925} INFO - DAG(s) 'tutorial' retrieved from /home/airflow/.local/lib/python3.12/site-packages/airflow/example_dags/tutorial.py
[2024-09-05T07:03:27.160+0000] {logging_mixin.py:190} INFO - [2024-09-05T07:03:27.159+0000] {dag.py:3211} INFO - Sync 1 DAGs
[2024-09-05T07:03:27.184+0000] {logging_mixin.py:190} INFO - [2024-09-05T07:03:27.184+0000] {dag.py:4138} INFO - Setting next_dagrun for tutorial to 2024-09-04 00:00:00+00:00, run_after=2024-09-05 00:00:00+00:00
[2024-09-05T07:03:27.207+0000] {processor.py:208} INFO - Processing /home/airflow/.local/lib/python3.12/site-packages/airflow/example_dags/tutorial.py took 0.086 seconds
[2024-09-05T07:03:57.526+0000] {processor.py:186} INFO - Started process (PID=4590) to work on /home/airflow/.local/lib/python3.12/site-packages/airflow/example_dags/tutorial.py
[2024-09-05T07:03:57.528+0000] {processor.py:914} INFO - Processing file /home/airflow/.local/lib/python3.12/site-packages/airflow/example_dags/tutorial.py for tasks to queue
[2024-09-05T07:03:57.530+0000] {logging_mixin.py:190} INFO - [2024-09-05T07:03:57.530+0000] {dagbag.py:587} INFO - Filling up the DagBag from /home/airflow/.local/lib/python3.12/site-packages/airflow/example_dags/tutorial.py
[2024-09-05T07:03:57.537+0000] {processor.py:925} INFO - DAG(s) 'tutorial' retrieved from /home/airflow/.local/lib/python3.12/site-packages/airflow/example_dags/tutorial.py
[2024-09-05T07:03:57.559+0000] {logging_mixin.py:190} INFO - [2024-09-05T07:03:57.559+0000] {dag.py:3211} INFO - Sync 1 DAGs
[2024-09-05T07:03:57.582+0000] {logging_mixin.py:190} INFO - [2024-09-05T07:03:57.582+0000] {dag.py:4138} INFO - Setting next_dagrun for tutorial to 2024-09-04 00:00:00+00:00, run_after=2024-09-05 00:00:00+00:00
[2024-09-05T07:03:57.603+0000] {processor.py:208} INFO - Processing /home/airflow/.local/lib/python3.12/site-packages/airflow/example_dags/tutorial.py took 0.083 seconds
[2024-09-05T07:04:28.404+0000] {processor.py:186} INFO - Started process (PID=4876) to work on /home/airflow/.local/lib/python3.12/site-packages/airflow/example_dags/tutorial.py
[2024-09-05T07:04:28.405+0000] {processor.py:914} INFO - Processing file /home/airflow/.local/lib/python3.12/site-packages/airflow/example_dags/tutorial.py for tasks to queue
[2024-09-05T07:04:28.408+0000] {logging_mixin.py:190} INFO - [2024-09-05T07:04:28.408+0000] {dagbag.py:587} INFO - Filling up the DagBag from /home/airflow/.local/lib/python3.12/site-packages/airflow/example_dags/tutorial.py
[2024-09-05T07:04:28.419+0000] {processor.py:925} INFO - DAG(s) 'tutorial' retrieved from /home/airflow/.local/lib/python3.12/site-packages/airflow/example_dags/tutorial.py
[2024-09-05T07:04:28.440+0000] {logging_mixin.py:190} INFO - [2024-09-05T07:04:28.440+0000] {dag.py:3211} INFO - Sync 1 DAGs
[2024-09-05T07:04:28.465+0000] {logging_mixin.py:190} INFO - [2024-09-05T07:04:28.465+0000] {dag.py:4138} INFO - Setting next_dagrun for tutorial to 2024-09-04 00:00:00+00:00, run_after=2024-09-05 00:00:00+00:00
[2024-09-05T07:04:28.490+0000] {processor.py:208} INFO - Processing /home/airflow/.local/lib/python3.12/site-packages/airflow/example_dags/tutorial.py took 0.092 seconds
[2024-09-05T07:04:59.124+0000] {processor.py:186} INFO - Started process (PID=5162) to work on /home/airflow/.local/lib/python3.12/site-packages/airflow/example_dags/tutorial.py
[2024-09-05T07:04:59.125+0000] {processor.py:914} INFO - Processing file /home/airflow/.local/lib/python3.12/site-packages/airflow/example_dags/tutorial.py for tasks to queue
[2024-09-05T07:04:59.128+0000] {logging_mixin.py:190} INFO - [2024-09-05T07:04:59.128+0000] {dagbag.py:587} INFO - Filling up the DagBag from /home/airflow/.local/lib/python3.12/site-packages/airflow/example_dags/tutorial.py
[2024-09-05T07:04:59.137+0000] {processor.py:925} INFO - DAG(s) 'tutorial' retrieved from /home/airflow/.local/lib/python3.12/site-packages/airflow/example_dags/tutorial.py
[2024-09-05T07:04:59.167+0000] {logging_mixin.py:190} INFO - [2024-09-05T07:04:59.167+0000] {dag.py:3211} INFO - Sync 1 DAGs
[2024-09-05T07:04:59.195+0000] {logging_mixin.py:190} INFO - [2024-09-05T07:04:59.195+0000] {dag.py:4138} INFO - Setting next_dagrun for tutorial to 2024-09-04 00:00:00+00:00, run_after=2024-09-05 00:00:00+00:00
[2024-09-05T07:04:59.228+0000] {processor.py:208} INFO - Processing /home/airflow/.local/lib/python3.12/site-packages/airflow/example_dags/tutorial.py took 0.112 seconds
[2024-09-05T07:05:29.838+0000] {processor.py:186} INFO - Started process (PID=5448) to work on /home/airflow/.local/lib/python3.12/site-packages/airflow/example_dags/tutorial.py
[2024-09-05T07:05:29.839+0000] {processor.py:914} INFO - Processing file /home/airflow/.local/lib/python3.12/site-packages/airflow/example_dags/tutorial.py for tasks to queue
[2024-09-05T07:05:29.842+0000] {logging_mixin.py:190} INFO - [2024-09-05T07:05:29.842+0000] {dagbag.py:587} INFO - Filling up the DagBag from /home/airflow/.local/lib/python3.12/site-packages/airflow/example_dags/tutorial.py
[2024-09-05T07:05:29.850+0000] {processor.py:925} INFO - DAG(s) 'tutorial' retrieved from /home/airflow/.local/lib/python3.12/site-packages/airflow/example_dags/tutorial.py
[2024-09-05T07:05:29.874+0000] {logging_mixin.py:190} INFO - [2024-09-05T07:05:29.874+0000] {dag.py:3211} INFO - Sync 1 DAGs
[2024-09-05T07:05:29.897+0000] {logging_mixin.py:190} INFO - [2024-09-05T07:05:29.897+0000] {dag.py:4138} INFO - Setting next_dagrun for tutorial to 2024-09-04 00:00:00+00:00, run_after=2024-09-05 00:00:00+00:00
[2024-09-05T07:05:29.921+0000] {processor.py:208} INFO - Processing /home/airflow/.local/lib/python3.12/site-packages/airflow/example_dags/tutorial.py took 0.089 seconds
[2024-09-05T07:06:00.900+0000] {processor.py:186} INFO - Started process (PID=5748) to work on /home/airflow/.local/lib/python3.12/site-packages/airflow/example_dags/tutorial.py
[2024-09-05T07:06:00.901+0000] {processor.py:914} INFO - Processing file /home/airflow/.local/lib/python3.12/site-packages/airflow/example_dags/tutorial.py for tasks to queue
[2024-09-05T07:06:00.904+0000] {logging_mixin.py:190} INFO - [2024-09-05T07:06:00.904+0000] {dagbag.py:587} INFO - Filling up the DagBag from /home/airflow/.local/lib/python3.12/site-packages/airflow/example_dags/tutorial.py
[2024-09-05T07:06:00.913+0000] {processor.py:925} INFO - DAG(s) 'tutorial' retrieved from /home/airflow/.local/lib/python3.12/site-packages/airflow/example_dags/tutorial.py
[2024-09-05T07:06:00.935+0000] {logging_mixin.py:190} INFO - [2024-09-05T07:06:00.934+0000] {dag.py:3211} INFO - Sync 1 DAGs
[2024-09-05T07:06:00.960+0000] {logging_mixin.py:190} INFO - [2024-09-05T07:06:00.960+0000] {dag.py:4138} INFO - Setting next_dagrun for tutorial to 2024-09-04 00:00:00+00:00, run_after=2024-09-05 00:00:00+00:00
[2024-09-05T07:06:00.983+0000] {processor.py:208} INFO - Processing /home/airflow/.local/lib/python3.12/site-packages/airflow/example_dags/tutorial.py took 0.090 seconds
[2024-09-05T07:06:31.608+0000] {processor.py:186} INFO - Started process (PID=6034) to work on /home/airflow/.local/lib/python3.12/site-packages/airflow/example_dags/tutorial.py
[2024-09-05T07:06:31.609+0000] {processor.py:914} INFO - Processing file /home/airflow/.local/lib/python3.12/site-packages/airflow/example_dags/tutorial.py for tasks to queue
[2024-09-05T07:06:31.612+0000] {logging_mixin.py:190} INFO - [2024-09-05T07:06:31.611+0000] {dagbag.py:587} INFO - Filling up the DagBag from /home/airflow/.local/lib/python3.12/site-packages/airflow/example_dags/tutorial.py
[2024-09-05T07:06:31.620+0000] {processor.py:925} INFO - DAG(s) 'tutorial' retrieved from /home/airflow/.local/lib/python3.12/site-packages/airflow/example_dags/tutorial.py
[2024-09-05T07:06:31.640+0000] {logging_mixin.py:190} INFO - [2024-09-05T07:06:31.640+0000] {dag.py:3211} INFO - Sync 1 DAGs
[2024-09-05T07:06:31.665+0000] {logging_mixin.py:190} INFO - [2024-09-05T07:06:31.664+0000] {dag.py:4138} INFO - Setting next_dagrun for tutorial to 2024-09-04 00:00:00+00:00, run_after=2024-09-05 00:00:00+00:00
[2024-09-05T07:06:31.686+0000] {processor.py:208} INFO - Processing /home/airflow/.local/lib/python3.12/site-packages/airflow/example_dags/tutorial.py took 0.084 seconds
[2024-09-05T07:07:02.214+0000] {processor.py:186} INFO - Started process (PID=6320) to work on /home/airflow/.local/lib/python3.12/site-packages/airflow/example_dags/tutorial.py
[2024-09-05T07:07:02.216+0000] {processor.py:914} INFO - Processing file /home/airflow/.local/lib/python3.12/site-packages/airflow/example_dags/tutorial.py for tasks to queue
[2024-09-05T07:07:02.218+0000] {logging_mixin.py:190} INFO - [2024-09-05T07:07:02.218+0000] {dagbag.py:587} INFO - Filling up the DagBag from /home/airflow/.local/lib/python3.12/site-packages/airflow/example_dags/tutorial.py
[2024-09-05T07:07:02.226+0000] {processor.py:925} INFO - DAG(s) 'tutorial' retrieved from /home/airflow/.local/lib/python3.12/site-packages/airflow/example_dags/tutorial.py
[2024-09-05T07:07:02.247+0000] {logging_mixin.py:190} INFO - [2024-09-05T07:07:02.247+0000] {dag.py:3211} INFO - Sync 1 DAGs
[2024-09-05T07:07:02.270+0000] {logging_mixin.py:190} INFO - [2024-09-05T07:07:02.270+0000] {dag.py:4138} INFO - Setting next_dagrun for tutorial to 2024-09-04 00:00:00+00:00, run_after=2024-09-05 00:00:00+00:00
[2024-09-05T07:07:02.292+0000] {processor.py:208} INFO - Processing /home/airflow/.local/lib/python3.12/site-packages/airflow/example_dags/tutorial.py took 0.083 seconds
[2024-09-05T07:07:33.064+0000] {processor.py:186} INFO - Started process (PID=6606) to work on /home/airflow/.local/lib/python3.12/site-packages/airflow/example_dags/tutorial.py
[2024-09-05T07:07:33.065+0000] {processor.py:914} INFO - Processing file /home/airflow/.local/lib/python3.12/site-packages/airflow/example_dags/tutorial.py for tasks to queue
[2024-09-05T07:07:33.067+0000] {logging_mixin.py:190} INFO - [2024-09-05T07:07:33.067+0000] {dagbag.py:587} INFO - Filling up the DagBag from /home/airflow/.local/lib/python3.12/site-packages/airflow/example_dags/tutorial.py
[2024-09-05T07:07:33.079+0000] {processor.py:925} INFO - DAG(s) 'tutorial' retrieved from /home/airflow/.local/lib/python3.12/site-packages/airflow/example_dags/tutorial.py
[2024-09-05T07:07:33.103+0000] {logging_mixin.py:190} INFO - [2024-09-05T07:07:33.103+0000] {dag.py:3211} INFO - Sync 1 DAGs
[2024-09-05T07:07:33.131+0000] {logging_mixin.py:190} INFO - [2024-09-05T07:07:33.131+0000] {dag.py:4138} INFO - Setting next_dagrun for tutorial to 2024-09-04 00:00:00+00:00, run_after=2024-09-05 00:00:00+00:00
[2024-09-05T07:07:33.156+0000] {processor.py:208} INFO - Processing /home/airflow/.local/lib/python3.12/site-packages/airflow/example_dags/tutorial.py took 0.098 seconds
[2024-09-05T07:08:03.232+0000] {processor.py:186} INFO - Started process (PID=6892) to work on /home/airflow/.local/lib/python3.12/site-packages/airflow/example_dags/tutorial.py
[2024-09-05T07:08:03.233+0000] {processor.py:914} INFO - Processing file /home/airflow/.local/lib/python3.12/site-packages/airflow/example_dags/tutorial.py for tasks to queue
[2024-09-05T07:08:03.236+0000] {logging_mixin.py:190} INFO - [2024-09-05T07:08:03.236+0000] {dagbag.py:587} INFO - Filling up the DagBag from /home/airflow/.local/lib/python3.12/site-packages/airflow/example_dags/tutorial.py
[2024-09-05T07:08:03.246+0000] {processor.py:925} INFO - DAG(s) 'tutorial' retrieved from /home/airflow/.local/lib/python3.12/site-packages/airflow/example_dags/tutorial.py
[2024-09-05T07:08:03.269+0000] {logging_mixin.py:190} INFO - [2024-09-05T07:08:03.269+0000] {dag.py:3211} INFO - Sync 1 DAGs
[2024-09-05T07:08:03.295+0000] {logging_mixin.py:190} INFO - [2024-09-05T07:08:03.295+0000] {dag.py:4138} INFO - Setting next_dagrun for tutorial to 2024-09-04 00:00:00+00:00, run_after=2024-09-05 00:00:00+00:00
[2024-09-05T07:08:03.318+0000] {processor.py:208} INFO - Processing /home/airflow/.local/lib/python3.12/site-packages/airflow/example_dags/tutorial.py took 0.092 seconds
[2024-09-05T07:08:33.437+0000] {processor.py:186} INFO - Started process (PID=7175) to work on /home/airflow/.local/lib/python3.12/site-packages/airflow/example_dags/tutorial.py
[2024-09-05T07:08:33.438+0000] {processor.py:914} INFO - Processing file /home/airflow/.local/lib/python3.12/site-packages/airflow/example_dags/tutorial.py for tasks to queue
[2024-09-05T07:08:33.441+0000] {logging_mixin.py:190} INFO - [2024-09-05T07:08:33.441+0000] {dagbag.py:587} INFO - Filling up the DagBag from /home/airflow/.local/lib/python3.12/site-packages/airflow/example_dags/tutorial.py
[2024-09-05T07:08:33.449+0000] {processor.py:925} INFO - DAG(s) 'tutorial' retrieved from /home/airflow/.local/lib/python3.12/site-packages/airflow/example_dags/tutorial.py
[2024-09-05T07:08:33.470+0000] {logging_mixin.py:190} INFO - [2024-09-05T07:08:33.470+0000] {dag.py:3211} INFO - Sync 1 DAGs
[2024-09-05T07:08:33.495+0000] {logging_mixin.py:190} INFO - [2024-09-05T07:08:33.495+0000] {dag.py:4138} INFO - Setting next_dagrun for tutorial to 2024-09-04 00:00:00+00:00, run_after=2024-09-05 00:00:00+00:00
[2024-09-05T07:08:33.524+0000] {processor.py:208} INFO - Processing /home/airflow/.local/lib/python3.12/site-packages/airflow/example_dags/tutorial.py took 0.094 seconds
[2024-09-05T07:09:03.637+0000] {processor.py:186} INFO - Started process (PID=7461) to work on /home/airflow/.local/lib/python3.12/site-packages/airflow/example_dags/tutorial.py
[2024-09-05T07:09:03.638+0000] {processor.py:914} INFO - Processing file /home/airflow/.local/lib/python3.12/site-packages/airflow/example_dags/tutorial.py for tasks to queue
[2024-09-05T07:09:03.641+0000] {logging_mixin.py:190} INFO - [2024-09-05T07:09:03.641+0000] {dagbag.py:587} INFO - Filling up the DagBag from /home/airflow/.local/lib/python3.12/site-packages/airflow/example_dags/tutorial.py
[2024-09-05T07:09:03.649+0000] {processor.py:925} INFO - DAG(s) 'tutorial' retrieved from /home/airflow/.local/lib/python3.12/site-packages/airflow/example_dags/tutorial.py
[2024-09-05T07:09:03.669+0000] {logging_mixin.py:190} INFO - [2024-09-05T07:09:03.669+0000] {dag.py:3211} INFO - Sync 1 DAGs
[2024-09-05T07:09:03.693+0000] {logging_mixin.py:190} INFO - [2024-09-05T07:09:03.692+0000] {dag.py:4138} INFO - Setting next_dagrun for tutorial to 2024-09-04 00:00:00+00:00, run_after=2024-09-05 00:00:00+00:00
[2024-09-05T07:09:03.712+0000] {processor.py:208} INFO - Processing /home/airflow/.local/lib/python3.12/site-packages/airflow/example_dags/tutorial.py took 0.081 seconds
[2024-09-05T07:09:33.974+0000] {processor.py:186} INFO - Started process (PID=7745) to work on /home/airflow/.local/lib/python3.12/site-packages/airflow/example_dags/tutorial.py
[2024-09-05T07:09:33.975+0000] {processor.py:914} INFO - Processing file /home/airflow/.local/lib/python3.12/site-packages/airflow/example_dags/tutorial.py for tasks to queue
[2024-09-05T07:09:33.978+0000] {logging_mixin.py:190} INFO - [2024-09-05T07:09:33.978+0000] {dagbag.py:587} INFO - Filling up the DagBag from /home/airflow/.local/lib/python3.12/site-packages/airflow/example_dags/tutorial.py
[2024-09-05T07:09:33.990+0000] {processor.py:925} INFO - DAG(s) 'tutorial' retrieved from /home/airflow/.local/lib/python3.12/site-packages/airflow/example_dags/tutorial.py
[2024-09-05T07:09:34.010+0000] {logging_mixin.py:190} INFO - [2024-09-05T07:09:34.010+0000] {dag.py:3211} INFO - Sync 1 DAGs
[2024-09-05T07:09:34.034+0000] {logging_mixin.py:190} INFO - [2024-09-05T07:09:34.034+0000] {dag.py:4138} INFO - Setting next_dagrun for tutorial to 2024-09-04 00:00:00+00:00, run_after=2024-09-05 00:00:00+00:00
[2024-09-05T07:09:34.058+0000] {processor.py:208} INFO - Processing /home/airflow/.local/lib/python3.12/site-packages/airflow/example_dags/tutorial.py took 0.091 seconds
[2024-09-05T07:10:04.179+0000] {processor.py:186} INFO - Started process (PID=8037) to work on /home/airflow/.local/lib/python3.12/site-packages/airflow/example_dags/tutorial.py
[2024-09-05T07:10:04.180+0000] {processor.py:914} INFO - Processing file /home/airflow/.local/lib/python3.12/site-packages/airflow/example_dags/tutorial.py for tasks to queue
[2024-09-05T07:10:04.183+0000] {logging_mixin.py:190} INFO - [2024-09-05T07:10:04.182+0000] {dagbag.py:587} INFO - Filling up the DagBag from /home/airflow/.local/lib/python3.12/site-packages/airflow/example_dags/tutorial.py
[2024-09-05T07:10:04.190+0000] {processor.py:925} INFO - DAG(s) 'tutorial' retrieved from /home/airflow/.local/lib/python3.12/site-packages/airflow/example_dags/tutorial.py
[2024-09-05T07:10:04.209+0000] {logging_mixin.py:190} INFO - [2024-09-05T07:10:04.209+0000] {dag.py:3211} INFO - Sync 1 DAGs
[2024-09-05T07:10:04.232+0000] {logging_mixin.py:190} INFO - [2024-09-05T07:10:04.231+0000] {dag.py:4138} INFO - Setting next_dagrun for tutorial to 2024-09-04 00:00:00+00:00, run_after=2024-09-05 00:00:00+00:00
[2024-09-05T07:10:04.252+0000] {processor.py:208} INFO - Processing /home/airflow/.local/lib/python3.12/site-packages/airflow/example_dags/tutorial.py took 0.080 seconds
[2024-09-05T07:10:35.167+0000] {processor.py:186} INFO - Started process (PID=8323) to work on /home/airflow/.local/lib/python3.12/site-packages/airflow/example_dags/tutorial.py
[2024-09-05T07:10:35.168+0000] {processor.py:914} INFO - Processing file /home/airflow/.local/lib/python3.12/site-packages/airflow/example_dags/tutorial.py for tasks to queue
[2024-09-05T07:10:35.171+0000] {logging_mixin.py:190} INFO - [2024-09-05T07:10:35.170+0000] {dagbag.py:587} INFO - Filling up the DagBag from /home/airflow/.local/lib/python3.12/site-packages/airflow/example_dags/tutorial.py
[2024-09-05T07:10:35.178+0000] {processor.py:925} INFO - DAG(s) 'tutorial' retrieved from /home/airflow/.local/lib/python3.12/site-packages/airflow/example_dags/tutorial.py
[2024-09-05T07:10:35.200+0000] {logging_mixin.py:190} INFO - [2024-09-05T07:10:35.200+0000] {dag.py:3211} INFO - Sync 1 DAGs
[2024-09-05T07:10:35.225+0000] {logging_mixin.py:190} INFO - [2024-09-05T07:10:35.225+0000] {dag.py:4138} INFO - Setting next_dagrun for tutorial to 2024-09-04 00:00:00+00:00, run_after=2024-09-05 00:00:00+00:00
[2024-09-05T07:10:35.252+0000] {processor.py:208} INFO - Processing /home/airflow/.local/lib/python3.12/site-packages/airflow/example_dags/tutorial.py took 0.091 seconds
[2024-09-05T07:11:05.988+0000] {processor.py:186} INFO - Started process (PID=8609) to work on /home/airflow/.local/lib/python3.12/site-packages/airflow/example_dags/tutorial.py
[2024-09-05T07:11:05.989+0000] {processor.py:914} INFO - Processing file /home/airflow/.local/lib/python3.12/site-packages/airflow/example_dags/tutorial.py for tasks to queue
[2024-09-05T07:11:05.992+0000] {logging_mixin.py:190} INFO - [2024-09-05T07:11:05.992+0000] {dagbag.py:587} INFO - Filling up the DagBag from /home/airflow/.local/lib/python3.12/site-packages/airflow/example_dags/tutorial.py
[2024-09-05T07:11:06.000+0000] {processor.py:925} INFO - DAG(s) 'tutorial' retrieved from /home/airflow/.local/lib/python3.12/site-packages/airflow/example_dags/tutorial.py
[2024-09-05T07:11:06.021+0000] {logging_mixin.py:190} INFO - [2024-09-05T07:11:06.020+0000] {dag.py:3211} INFO - Sync 1 DAGs
[2024-09-05T07:11:06.048+0000] {logging_mixin.py:190} INFO - [2024-09-05T07:11:06.047+0000] {dag.py:4138} INFO - Setting next_dagrun for tutorial to 2024-09-04 00:00:00+00:00, run_after=2024-09-05 00:00:00+00:00
[2024-09-05T07:11:06.070+0000] {processor.py:208} INFO - Processing /home/airflow/.local/lib/python3.12/site-packages/airflow/example_dags/tutorial.py took 0.089 seconds
[2024-09-05T07:11:36.283+0000] {processor.py:186} INFO - Started process (PID=8895) to work on /home/airflow/.local/lib/python3.12/site-packages/airflow/example_dags/tutorial.py
[2024-09-05T07:11:36.284+0000] {processor.py:914} INFO - Processing file /home/airflow/.local/lib/python3.12/site-packages/airflow/example_dags/tutorial.py for tasks to queue
[2024-09-05T07:11:36.287+0000] {logging_mixin.py:190} INFO - [2024-09-05T07:11:36.286+0000] {dagbag.py:587} INFO - Filling up the DagBag from /home/airflow/.local/lib/python3.12/site-packages/airflow/example_dags/tutorial.py
[2024-09-05T07:11:36.311+0000] {processor.py:925} INFO - DAG(s) 'tutorial' retrieved from /home/airflow/.local/lib/python3.12/site-packages/airflow/example_dags/tutorial.py
[2024-09-05T07:11:36.350+0000] {logging_mixin.py:190} INFO - [2024-09-05T07:11:36.349+0000] {dag.py:3211} INFO - Sync 1 DAGs
[2024-09-05T07:11:36.396+0000] {logging_mixin.py:190} INFO - [2024-09-05T07:11:36.395+0000] {dag.py:4138} INFO - Setting next_dagrun for tutorial to 2024-09-04 00:00:00+00:00, run_after=2024-09-05 00:00:00+00:00
[2024-09-05T07:11:36.421+0000] {processor.py:208} INFO - Processing /home/airflow/.local/lib/python3.12/site-packages/airflow/example_dags/tutorial.py took 0.144 seconds
[2024-09-05T07:12:07.178+0000] {processor.py:186} INFO - Started process (PID=9181) to work on /home/airflow/.local/lib/python3.12/site-packages/airflow/example_dags/tutorial.py
[2024-09-05T07:12:07.179+0000] {processor.py:914} INFO - Processing file /home/airflow/.local/lib/python3.12/site-packages/airflow/example_dags/tutorial.py for tasks to queue
[2024-09-05T07:12:07.181+0000] {logging_mixin.py:190} INFO - [2024-09-05T07:12:07.181+0000] {dagbag.py:587} INFO - Filling up the DagBag from /home/airflow/.local/lib/python3.12/site-packages/airflow/example_dags/tutorial.py
[2024-09-05T07:12:07.190+0000] {processor.py:925} INFO - DAG(s) 'tutorial' retrieved from /home/airflow/.local/lib/python3.12/site-packages/airflow/example_dags/tutorial.py
[2024-09-05T07:12:07.210+0000] {logging_mixin.py:190} INFO - [2024-09-05T07:12:07.210+0000] {dag.py:3211} INFO - Sync 1 DAGs
[2024-09-05T07:12:07.234+0000] {logging_mixin.py:190} INFO - [2024-09-05T07:12:07.234+0000] {dag.py:4138} INFO - Setting next_dagrun for tutorial to 2024-09-04 00:00:00+00:00, run_after=2024-09-05 00:00:00+00:00
[2024-09-05T07:12:07.254+0000] {processor.py:208} INFO - Processing /home/airflow/.local/lib/python3.12/site-packages/airflow/example_dags/tutorial.py took 0.083 seconds
[2024-09-05T07:12:37.758+0000] {processor.py:186} INFO - Started process (PID=9467) to work on /home/airflow/.local/lib/python3.12/site-packages/airflow/example_dags/tutorial.py
[2024-09-05T07:12:37.759+0000] {processor.py:914} INFO - Processing file /home/airflow/.local/lib/python3.12/site-packages/airflow/example_dags/tutorial.py for tasks to queue
[2024-09-05T07:12:37.762+0000] {logging_mixin.py:190} INFO - [2024-09-05T07:12:37.762+0000] {dagbag.py:587} INFO - Filling up the DagBag from /home/airflow/.local/lib/python3.12/site-packages/airflow/example_dags/tutorial.py
[2024-09-05T07:12:37.770+0000] {processor.py:925} INFO - DAG(s) 'tutorial' retrieved from /home/airflow/.local/lib/python3.12/site-packages/airflow/example_dags/tutorial.py
[2024-09-05T07:12:37.792+0000] {logging_mixin.py:190} INFO - [2024-09-05T07:12:37.792+0000] {dag.py:3211} INFO - Sync 1 DAGs
[2024-09-05T07:12:37.821+0000] {logging_mixin.py:190} INFO - [2024-09-05T07:12:37.821+0000] {dag.py:4138} INFO - Setting next_dagrun for tutorial to 2024-09-04 00:00:00+00:00, run_after=2024-09-05 00:00:00+00:00
[2024-09-05T07:12:37.843+0000] {processor.py:208} INFO - Processing /home/airflow/.local/lib/python3.12/site-packages/airflow/example_dags/tutorial.py took 0.091 seconds
[2024-09-05T07:13:07.919+0000] {processor.py:186} INFO - Started process (PID=9753) to work on /home/airflow/.local/lib/python3.12/site-packages/airflow/example_dags/tutorial.py
[2024-09-05T07:13:07.920+0000] {processor.py:914} INFO - Processing file /home/airflow/.local/lib/python3.12/site-packages/airflow/example_dags/tutorial.py for tasks to queue
[2024-09-05T07:13:07.923+0000] {logging_mixin.py:190} INFO - [2024-09-05T07:13:07.923+0000] {dagbag.py:587} INFO - Filling up the DagBag from /home/airflow/.local/lib/python3.12/site-packages/airflow/example_dags/tutorial.py
[2024-09-05T07:13:07.931+0000] {processor.py:925} INFO - DAG(s) 'tutorial' retrieved from /home/airflow/.local/lib/python3.12/site-packages/airflow/example_dags/tutorial.py
[2024-09-05T07:13:07.952+0000] {logging_mixin.py:190} INFO - [2024-09-05T07:13:07.952+0000] {dag.py:3211} INFO - Sync 1 DAGs
[2024-09-05T07:13:07.976+0000] {logging_mixin.py:190} INFO - [2024-09-05T07:13:07.976+0000] {dag.py:4138} INFO - Setting next_dagrun for tutorial to 2024-09-04 00:00:00+00:00, run_after=2024-09-05 00:00:00+00:00
[2024-09-05T07:13:07.996+0000] {processor.py:208} INFO - Processing /home/airflow/.local/lib/python3.12/site-packages/airflow/example_dags/tutorial.py took 0.083 seconds
[2024-09-05T07:13:38.260+0000] {processor.py:186} INFO - Started process (PID=10039) to work on /home/airflow/.local/lib/python3.12/site-packages/airflow/example_dags/tutorial.py
[2024-09-05T07:13:38.261+0000] {processor.py:914} INFO - Processing file /home/airflow/.local/lib/python3.12/site-packages/airflow/example_dags/tutorial.py for tasks to queue
[2024-09-05T07:13:38.264+0000] {logging_mixin.py:190} INFO - [2024-09-05T07:13:38.263+0000] {dagbag.py:587} INFO - Filling up the DagBag from /home/airflow/.local/lib/python3.12/site-packages/airflow/example_dags/tutorial.py
[2024-09-05T07:13:38.272+0000] {processor.py:925} INFO - DAG(s) 'tutorial' retrieved from /home/airflow/.local/lib/python3.12/site-packages/airflow/example_dags/tutorial.py
[2024-09-05T07:13:38.297+0000] {logging_mixin.py:190} INFO - [2024-09-05T07:13:38.296+0000] {dag.py:3211} INFO - Sync 1 DAGs
[2024-09-05T07:13:38.324+0000] {logging_mixin.py:190} INFO - [2024-09-05T07:13:38.324+0000] {dag.py:4138} INFO - Setting next_dagrun for tutorial to 2024-09-04 00:00:00+00:00, run_after=2024-09-05 00:00:00+00:00
[2024-09-05T07:13:38.349+0000] {processor.py:208} INFO - Processing /home/airflow/.local/lib/python3.12/site-packages/airflow/example_dags/tutorial.py took 0.094 seconds
[2024-09-05T07:14:08.649+0000] {processor.py:186} INFO - Started process (PID=10325) to work on /home/airflow/.local/lib/python3.12/site-packages/airflow/example_dags/tutorial.py
[2024-09-05T07:14:08.650+0000] {processor.py:914} INFO - Processing file /home/airflow/.local/lib/python3.12/site-packages/airflow/example_dags/tutorial.py for tasks to queue
[2024-09-05T07:14:08.654+0000] {logging_mixin.py:190} INFO - [2024-09-05T07:14:08.653+0000] {dagbag.py:587} INFO - Filling up the DagBag from /home/airflow/.local/lib/python3.12/site-packages/airflow/example_dags/tutorial.py
[2024-09-05T07:14:08.663+0000] {processor.py:925} INFO - DAG(s) 'tutorial' retrieved from /home/airflow/.local/lib/python3.12/site-packages/airflow/example_dags/tutorial.py
[2024-09-05T07:14:08.685+0000] {logging_mixin.py:190} INFO - [2024-09-05T07:14:08.684+0000] {dag.py:3211} INFO - Sync 1 DAGs
[2024-09-05T07:14:08.714+0000] {logging_mixin.py:190} INFO - [2024-09-05T07:14:08.713+0000] {dag.py:4138} INFO - Setting next_dagrun for tutorial to 2024-09-04 00:00:00+00:00, run_after=2024-09-05 00:00:00+00:00
[2024-09-05T07:14:08.738+0000] {processor.py:208} INFO - Processing /home/airflow/.local/lib/python3.12/site-packages/airflow/example_dags/tutorial.py took 0.097 seconds
[2024-09-05T07:14:38.992+0000] {processor.py:186} INFO - Started process (PID=10611) to work on /home/airflow/.local/lib/python3.12/site-packages/airflow/example_dags/tutorial.py
[2024-09-05T07:14:38.993+0000] {processor.py:914} INFO - Processing file /home/airflow/.local/lib/python3.12/site-packages/airflow/example_dags/tutorial.py for tasks to queue
[2024-09-05T07:14:38.995+0000] {logging_mixin.py:190} INFO - [2024-09-05T07:14:38.995+0000] {dagbag.py:587} INFO - Filling up the DagBag from /home/airflow/.local/lib/python3.12/site-packages/airflow/example_dags/tutorial.py
[2024-09-05T07:14:39.004+0000] {processor.py:925} INFO - DAG(s) 'tutorial' retrieved from /home/airflow/.local/lib/python3.12/site-packages/airflow/example_dags/tutorial.py
[2024-09-05T07:14:39.025+0000] {logging_mixin.py:190} INFO - [2024-09-05T07:14:39.025+0000] {dag.py:3211} INFO - Sync 1 DAGs
[2024-09-05T07:14:39.049+0000] {logging_mixin.py:190} INFO - [2024-09-05T07:14:39.049+0000] {dag.py:4138} INFO - Setting next_dagrun for tutorial to 2024-09-04 00:00:00+00:00, run_after=2024-09-05 00:00:00+00:00
[2024-09-05T07:14:39.073+0000] {processor.py:208} INFO - Processing /home/airflow/.local/lib/python3.12/site-packages/airflow/example_dags/tutorial.py took 0.087 seconds
[2024-09-05T07:15:09.368+0000] {processor.py:186} INFO - Started process (PID=10898) to work on /home/airflow/.local/lib/python3.12/site-packages/airflow/example_dags/tutorial.py
[2024-09-05T07:15:09.369+0000] {processor.py:914} INFO - Processing file /home/airflow/.local/lib/python3.12/site-packages/airflow/example_dags/tutorial.py for tasks to queue
[2024-09-05T07:15:09.372+0000] {logging_mixin.py:190} INFO - [2024-09-05T07:15:09.372+0000] {dagbag.py:587} INFO - Filling up the DagBag from /home/airflow/.local/lib/python3.12/site-packages/airflow/example_dags/tutorial.py
[2024-09-05T07:15:09.386+0000] {processor.py:925} INFO - DAG(s) 'tutorial' retrieved from /home/airflow/.local/lib/python3.12/site-packages/airflow/example_dags/tutorial.py
[2024-09-05T07:15:09.422+0000] {logging_mixin.py:190} INFO - [2024-09-05T07:15:09.421+0000] {dag.py:3211} INFO - Sync 1 DAGs
[2024-09-05T07:15:09.451+0000] {logging_mixin.py:190} INFO - [2024-09-05T07:15:09.451+0000] {dag.py:4138} INFO - Setting next_dagrun for tutorial to 2024-09-04 00:00:00+00:00, run_after=2024-09-05 00:00:00+00:00
[2024-09-05T07:15:09.471+0000] {processor.py:208} INFO - Processing /home/airflow/.local/lib/python3.12/site-packages/airflow/example_dags/tutorial.py took 0.111 seconds
[2024-09-05T07:15:39.701+0000] {processor.py:186} INFO - Started process (PID=11184) to work on /home/airflow/.local/lib/python3.12/site-packages/airflow/example_dags/tutorial.py
[2024-09-05T07:15:39.702+0000] {processor.py:914} INFO - Processing file /home/airflow/.local/lib/python3.12/site-packages/airflow/example_dags/tutorial.py for tasks to queue
[2024-09-05T07:15:39.704+0000] {logging_mixin.py:190} INFO - [2024-09-05T07:15:39.704+0000] {dagbag.py:587} INFO - Filling up the DagBag from /home/airflow/.local/lib/python3.12/site-packages/airflow/example_dags/tutorial.py
[2024-09-05T07:15:39.712+0000] {processor.py:925} INFO - DAG(s) 'tutorial' retrieved from /home/airflow/.local/lib/python3.12/site-packages/airflow/example_dags/tutorial.py
[2024-09-05T07:15:39.733+0000] {logging_mixin.py:190} INFO - [2024-09-05T07:15:39.732+0000] {dag.py:3211} INFO - Sync 1 DAGs
[2024-09-05T07:15:39.757+0000] {logging_mixin.py:190} INFO - [2024-09-05T07:15:39.756+0000] {dag.py:4138} INFO - Setting next_dagrun for tutorial to 2024-09-04 00:00:00+00:00, run_after=2024-09-05 00:00:00+00:00
[2024-09-05T07:15:39.781+0000] {processor.py:208} INFO - Processing /home/airflow/.local/lib/python3.12/site-packages/airflow/example_dags/tutorial.py took 0.086 seconds
[2024-09-05T07:16:10.147+0000] {processor.py:186} INFO - Started process (PID=11470) to work on /home/airflow/.local/lib/python3.12/site-packages/airflow/example_dags/tutorial.py
[2024-09-05T07:16:10.148+0000] {processor.py:914} INFO - Processing file /home/airflow/.local/lib/python3.12/site-packages/airflow/example_dags/tutorial.py for tasks to queue
[2024-09-05T07:16:10.151+0000] {logging_mixin.py:190} INFO - [2024-09-05T07:16:10.151+0000] {dagbag.py:587} INFO - Filling up the DagBag from /home/airflow/.local/lib/python3.12/site-packages/airflow/example_dags/tutorial.py
[2024-09-05T07:16:10.160+0000] {processor.py:925} INFO - DAG(s) 'tutorial' retrieved from /home/airflow/.local/lib/python3.12/site-packages/airflow/example_dags/tutorial.py
[2024-09-05T07:16:10.181+0000] {logging_mixin.py:190} INFO - [2024-09-05T07:16:10.181+0000] {dag.py:3211} INFO - Sync 1 DAGs
[2024-09-05T07:16:10.204+0000] {logging_mixin.py:190} INFO - [2024-09-05T07:16:10.204+0000] {dag.py:4138} INFO - Setting next_dagrun for tutorial to 2024-09-04 00:00:00+00:00, run_after=2024-09-05 00:00:00+00:00
[2024-09-05T07:16:10.225+0000] {processor.py:208} INFO - Processing /home/airflow/.local/lib/python3.12/site-packages/airflow/example_dags/tutorial.py took 0.086 seconds
[2024-09-05T07:16:40.827+0000] {processor.py:186} INFO - Started process (PID=11756) to work on /home/airflow/.local/lib/python3.12/site-packages/airflow/example_dags/tutorial.py
[2024-09-05T07:16:40.828+0000] {processor.py:914} INFO - Processing file /home/airflow/.local/lib/python3.12/site-packages/airflow/example_dags/tutorial.py for tasks to queue
[2024-09-05T07:16:40.831+0000] {logging_mixin.py:190} INFO - [2024-09-05T07:16:40.831+0000] {dagbag.py:587} INFO - Filling up the DagBag from /home/airflow/.local/lib/python3.12/site-packages/airflow/example_dags/tutorial.py
[2024-09-05T07:16:40.840+0000] {processor.py:925} INFO - DAG(s) 'tutorial' retrieved from /home/airflow/.local/lib/python3.12/site-packages/airflow/example_dags/tutorial.py
[2024-09-05T07:16:40.863+0000] {logging_mixin.py:190} INFO - [2024-09-05T07:16:40.863+0000] {dag.py:3211} INFO - Sync 1 DAGs
[2024-09-05T07:16:40.887+0000] {logging_mixin.py:190} INFO - [2024-09-05T07:16:40.887+0000] {dag.py:4138} INFO - Setting next_dagrun for tutorial to 2024-09-04 00:00:00+00:00, run_after=2024-09-05 00:00:00+00:00
[2024-09-05T07:16:40.907+0000] {processor.py:208} INFO - Processing /home/airflow/.local/lib/python3.12/site-packages/airflow/example_dags/tutorial.py took 0.088 seconds
[2024-09-05T07:17:11.123+0000] {processor.py:186} INFO - Started process (PID=12042) to work on /home/airflow/.local/lib/python3.12/site-packages/airflow/example_dags/tutorial.py
[2024-09-05T07:17:11.124+0000] {processor.py:914} INFO - Processing file /home/airflow/.local/lib/python3.12/site-packages/airflow/example_dags/tutorial.py for tasks to queue
[2024-09-05T07:17:11.126+0000] {logging_mixin.py:190} INFO - [2024-09-05T07:17:11.126+0000] {dagbag.py:587} INFO - Filling up the DagBag from /home/airflow/.local/lib/python3.12/site-packages/airflow/example_dags/tutorial.py
[2024-09-05T07:17:11.135+0000] {processor.py:925} INFO - DAG(s) 'tutorial' retrieved from /home/airflow/.local/lib/python3.12/site-packages/airflow/example_dags/tutorial.py
[2024-09-05T07:17:11.156+0000] {logging_mixin.py:190} INFO - [2024-09-05T07:17:11.156+0000] {dag.py:3211} INFO - Sync 1 DAGs
[2024-09-05T07:17:11.180+0000] {logging_mixin.py:190} INFO - [2024-09-05T07:17:11.179+0000] {dag.py:4138} INFO - Setting next_dagrun for tutorial to 2024-09-04 00:00:00+00:00, run_after=2024-09-05 00:00:00+00:00
[2024-09-05T07:17:11.204+0000] {processor.py:208} INFO - Processing /home/airflow/.local/lib/python3.12/site-packages/airflow/example_dags/tutorial.py took 0.087 seconds
[2024-09-05T07:17:41.375+0000] {processor.py:186} INFO - Started process (PID=12328) to work on /home/airflow/.local/lib/python3.12/site-packages/airflow/example_dags/tutorial.py
[2024-09-05T07:17:41.376+0000] {processor.py:914} INFO - Processing file /home/airflow/.local/lib/python3.12/site-packages/airflow/example_dags/tutorial.py for tasks to queue
[2024-09-05T07:17:41.379+0000] {logging_mixin.py:190} INFO - [2024-09-05T07:17:41.379+0000] {dagbag.py:587} INFO - Filling up the DagBag from /home/airflow/.local/lib/python3.12/site-packages/airflow/example_dags/tutorial.py
[2024-09-05T07:17:41.388+0000] {processor.py:925} INFO - DAG(s) 'tutorial' retrieved from /home/airflow/.local/lib/python3.12/site-packages/airflow/example_dags/tutorial.py
[2024-09-05T07:17:41.409+0000] {logging_mixin.py:190} INFO - [2024-09-05T07:17:41.409+0000] {dag.py:3211} INFO - Sync 1 DAGs
[2024-09-05T07:17:41.436+0000] {logging_mixin.py:190} INFO - [2024-09-05T07:17:41.436+0000] {dag.py:4138} INFO - Setting next_dagrun for tutorial to 2024-09-04 00:00:00+00:00, run_after=2024-09-05 00:00:00+00:00
[2024-09-05T07:17:41.457+0000] {processor.py:208} INFO - Processing /home/airflow/.local/lib/python3.12/site-packages/airflow/example_dags/tutorial.py took 0.087 seconds
[2024-09-05T07:18:11.669+0000] {processor.py:186} INFO - Started process (PID=12614) to work on /home/airflow/.local/lib/python3.12/site-packages/airflow/example_dags/tutorial.py
[2024-09-05T07:18:11.670+0000] {processor.py:914} INFO - Processing file /home/airflow/.local/lib/python3.12/site-packages/airflow/example_dags/tutorial.py for tasks to queue
[2024-09-05T07:18:11.672+0000] {logging_mixin.py:190} INFO - [2024-09-05T07:18:11.672+0000] {dagbag.py:587} INFO - Filling up the DagBag from /home/airflow/.local/lib/python3.12/site-packages/airflow/example_dags/tutorial.py
[2024-09-05T07:18:11.681+0000] {processor.py:925} INFO - DAG(s) 'tutorial' retrieved from /home/airflow/.local/lib/python3.12/site-packages/airflow/example_dags/tutorial.py
[2024-09-05T07:18:11.701+0000] {logging_mixin.py:190} INFO - [2024-09-05T07:18:11.701+0000] {dag.py:3211} INFO - Sync 1 DAGs
[2024-09-05T07:18:11.727+0000] {logging_mixin.py:190} INFO - [2024-09-05T07:18:11.726+0000] {dag.py:4138} INFO - Setting next_dagrun for tutorial to 2024-09-04 00:00:00+00:00, run_after=2024-09-05 00:00:00+00:00
[2024-09-05T07:18:11.755+0000] {processor.py:208} INFO - Processing /home/airflow/.local/lib/python3.12/site-packages/airflow/example_dags/tutorial.py took 0.093 seconds
[2024-09-05T07:18:41.986+0000] {processor.py:186} INFO - Started process (PID=12900) to work on /home/airflow/.local/lib/python3.12/site-packages/airflow/example_dags/tutorial.py
[2024-09-05T07:18:41.987+0000] {processor.py:914} INFO - Processing file /home/airflow/.local/lib/python3.12/site-packages/airflow/example_dags/tutorial.py for tasks to queue
[2024-09-05T07:18:41.990+0000] {logging_mixin.py:190} INFO - [2024-09-05T07:18:41.990+0000] {dagbag.py:587} INFO - Filling up the DagBag from /home/airflow/.local/lib/python3.12/site-packages/airflow/example_dags/tutorial.py
[2024-09-05T07:18:41.999+0000] {processor.py:925} INFO - DAG(s) 'tutorial' retrieved from /home/airflow/.local/lib/python3.12/site-packages/airflow/example_dags/tutorial.py
[2024-09-05T07:18:42.020+0000] {logging_mixin.py:190} INFO - [2024-09-05T07:18:42.020+0000] {dag.py:3211} INFO - Sync 1 DAGs
[2024-09-05T07:18:42.047+0000] {logging_mixin.py:190} INFO - [2024-09-05T07:18:42.047+0000] {dag.py:4138} INFO - Setting next_dagrun for tutorial to 2024-09-04 00:00:00+00:00, run_after=2024-09-05 00:00:00+00:00
[2024-09-05T07:18:42.070+0000] {processor.py:208} INFO - Processing /home/airflow/.local/lib/python3.12/site-packages/airflow/example_dags/tutorial.py took 0.090 seconds
[2024-09-05T07:19:12.125+0000] {processor.py:186} INFO - Started process (PID=13181) to work on /home/airflow/.local/lib/python3.12/site-packages/airflow/example_dags/tutorial.py
[2024-09-05T07:19:12.127+0000] {processor.py:914} INFO - Processing file /home/airflow/.local/lib/python3.12/site-packages/airflow/example_dags/tutorial.py for tasks to queue
[2024-09-05T07:19:12.130+0000] {logging_mixin.py:190} INFO - [2024-09-05T07:19:12.130+0000] {dagbag.py:587} INFO - Filling up the DagBag from /home/airflow/.local/lib/python3.12/site-packages/airflow/example_dags/tutorial.py
[2024-09-05T07:19:12.140+0000] {processor.py:925} INFO - DAG(s) 'tutorial' retrieved from /home/airflow/.local/lib/python3.12/site-packages/airflow/example_dags/tutorial.py
[2024-09-05T07:19:12.164+0000] {logging_mixin.py:190} INFO - [2024-09-05T07:19:12.164+0000] {dag.py:3211} INFO - Sync 1 DAGs
[2024-09-05T07:19:12.189+0000] {logging_mixin.py:190} INFO - [2024-09-05T07:19:12.189+0000] {dag.py:4138} INFO - Setting next_dagrun for tutorial to 2024-09-04 00:00:00+00:00, run_after=2024-09-05 00:00:00+00:00
[2024-09-05T07:19:12.210+0000] {processor.py:208} INFO - Processing /home/airflow/.local/lib/python3.12/site-packages/airflow/example_dags/tutorial.py took 0.092 seconds
[2024-09-05T07:19:42.434+0000] {processor.py:186} INFO - Started process (PID=13467) to work on /home/airflow/.local/lib/python3.12/site-packages/airflow/example_dags/tutorial.py
[2024-09-05T07:19:42.435+0000] {processor.py:914} INFO - Processing file /home/airflow/.local/lib/python3.12/site-packages/airflow/example_dags/tutorial.py for tasks to queue
[2024-09-05T07:19:42.438+0000] {logging_mixin.py:190} INFO - [2024-09-05T07:19:42.438+0000] {dagbag.py:587} INFO - Filling up the DagBag from /home/airflow/.local/lib/python3.12/site-packages/airflow/example_dags/tutorial.py
[2024-09-05T07:19:42.451+0000] {processor.py:925} INFO - DAG(s) 'tutorial' retrieved from /home/airflow/.local/lib/python3.12/site-packages/airflow/example_dags/tutorial.py
[2024-09-05T07:19:42.481+0000] {logging_mixin.py:190} INFO - [2024-09-05T07:19:42.481+0000] {dag.py:3211} INFO - Sync 1 DAGs
[2024-09-05T07:19:42.516+0000] {logging_mixin.py:190} INFO - [2024-09-05T07:19:42.516+0000] {dag.py:4138} INFO - Setting next_dagrun for tutorial to 2024-09-04 00:00:00+00:00, run_after=2024-09-05 00:00:00+00:00
[2024-09-05T07:19:42.544+0000] {processor.py:208} INFO - Processing /home/airflow/.local/lib/python3.12/site-packages/airflow/example_dags/tutorial.py took 0.116 seconds
[2024-09-05T07:20:12.604+0000] {processor.py:186} INFO - Started process (PID=13753) to work on /home/airflow/.local/lib/python3.12/site-packages/airflow/example_dags/tutorial.py
[2024-09-05T07:20:12.605+0000] {processor.py:914} INFO - Processing file /home/airflow/.local/lib/python3.12/site-packages/airflow/example_dags/tutorial.py for tasks to queue
[2024-09-05T07:20:12.608+0000] {logging_mixin.py:190} INFO - [2024-09-05T07:20:12.608+0000] {dagbag.py:587} INFO - Filling up the DagBag from /home/airflow/.local/lib/python3.12/site-packages/airflow/example_dags/tutorial.py
[2024-09-05T07:20:12.615+0000] {processor.py:925} INFO - DAG(s) 'tutorial' retrieved from /home/airflow/.local/lib/python3.12/site-packages/airflow/example_dags/tutorial.py
[2024-09-05T07:20:12.635+0000] {logging_mixin.py:190} INFO - [2024-09-05T07:20:12.635+0000] {dag.py:3211} INFO - Sync 1 DAGs
[2024-09-05T07:20:12.658+0000] {logging_mixin.py:190} INFO - [2024-09-05T07:20:12.658+0000] {dag.py:4138} INFO - Setting next_dagrun for tutorial to 2024-09-04 00:00:00+00:00, run_after=2024-09-05 00:00:00+00:00
[2024-09-05T07:20:12.678+0000] {processor.py:208} INFO - Processing /home/airflow/.local/lib/python3.12/site-packages/airflow/example_dags/tutorial.py took 0.079 seconds
[2024-09-05T07:20:42.781+0000] {processor.py:186} INFO - Started process (PID=14039) to work on /home/airflow/.local/lib/python3.12/site-packages/airflow/example_dags/tutorial.py
[2024-09-05T07:20:42.782+0000] {processor.py:914} INFO - Processing file /home/airflow/.local/lib/python3.12/site-packages/airflow/example_dags/tutorial.py for tasks to queue
[2024-09-05T07:20:42.785+0000] {logging_mixin.py:190} INFO - [2024-09-05T07:20:42.784+0000] {dagbag.py:587} INFO - Filling up the DagBag from /home/airflow/.local/lib/python3.12/site-packages/airflow/example_dags/tutorial.py
[2024-09-05T07:20:42.792+0000] {processor.py:925} INFO - DAG(s) 'tutorial' retrieved from /home/airflow/.local/lib/python3.12/site-packages/airflow/example_dags/tutorial.py
[2024-09-05T07:20:42.814+0000] {logging_mixin.py:190} INFO - [2024-09-05T07:20:42.813+0000] {dag.py:3211} INFO - Sync 1 DAGs
[2024-09-05T07:20:42.840+0000] {logging_mixin.py:190} INFO - [2024-09-05T07:20:42.840+0000] {dag.py:4138} INFO - Setting next_dagrun for tutorial to 2024-09-04 00:00:00+00:00, run_after=2024-09-05 00:00:00+00:00
[2024-09-05T07:20:42.864+0000] {processor.py:208} INFO - Processing /home/airflow/.local/lib/python3.12/site-packages/airflow/example_dags/tutorial.py took 0.089 seconds
[2024-09-05T07:21:13.475+0000] {processor.py:186} INFO - Started process (PID=14325) to work on /home/airflow/.local/lib/python3.12/site-packages/airflow/example_dags/tutorial.py
[2024-09-05T07:21:13.476+0000] {processor.py:914} INFO - Processing file /home/airflow/.local/lib/python3.12/site-packages/airflow/example_dags/tutorial.py for tasks to queue
[2024-09-05T07:21:13.479+0000] {logging_mixin.py:190} INFO - [2024-09-05T07:21:13.479+0000] {dagbag.py:587} INFO - Filling up the DagBag from /home/airflow/.local/lib/python3.12/site-packages/airflow/example_dags/tutorial.py
[2024-09-05T07:21:13.486+0000] {processor.py:925} INFO - DAG(s) 'tutorial' retrieved from /home/airflow/.local/lib/python3.12/site-packages/airflow/example_dags/tutorial.py
[2024-09-05T07:21:13.506+0000] {logging_mixin.py:190} INFO - [2024-09-05T07:21:13.506+0000] {dag.py:3211} INFO - Sync 1 DAGs
[2024-09-05T07:21:13.531+0000] {logging_mixin.py:190} INFO - [2024-09-05T07:21:13.531+0000] {dag.py:4138} INFO - Setting next_dagrun for tutorial to 2024-09-04 00:00:00+00:00, run_after=2024-09-05 00:00:00+00:00
[2024-09-05T07:21:13.722+0000] {processor.py:208} INFO - Processing /home/airflow/.local/lib/python3.12/site-packages/airflow/example_dags/tutorial.py took 0.252 seconds
[2024-09-05T07:21:43.770+0000] {processor.py:186} INFO - Started process (PID=14613) to work on /home/airflow/.local/lib/python3.12/site-packages/airflow/example_dags/tutorial.py
[2024-09-05T07:21:43.771+0000] {processor.py:914} INFO - Processing file /home/airflow/.local/lib/python3.12/site-packages/airflow/example_dags/tutorial.py for tasks to queue
[2024-09-05T07:21:43.773+0000] {logging_mixin.py:190} INFO - [2024-09-05T07:21:43.773+0000] {dagbag.py:587} INFO - Filling up the DagBag from /home/airflow/.local/lib/python3.12/site-packages/airflow/example_dags/tutorial.py
[2024-09-05T07:21:43.782+0000] {processor.py:925} INFO - DAG(s) 'tutorial' retrieved from /home/airflow/.local/lib/python3.12/site-packages/airflow/example_dags/tutorial.py
[2024-09-05T07:21:43.802+0000] {logging_mixin.py:190} INFO - [2024-09-05T07:21:43.802+0000] {dag.py:3211} INFO - Sync 1 DAGs
[2024-09-05T07:21:43.825+0000] {logging_mixin.py:190} INFO - [2024-09-05T07:21:43.825+0000] {dag.py:4138} INFO - Setting next_dagrun for tutorial to 2024-09-04 00:00:00+00:00, run_after=2024-09-05 00:00:00+00:00
[2024-09-05T07:21:43.846+0000] {processor.py:208} INFO - Processing /home/airflow/.local/lib/python3.12/site-packages/airflow/example_dags/tutorial.py took 0.083 seconds
[2024-09-05T07:22:13.908+0000] {processor.py:186} INFO - Started process (PID=14897) to work on /home/airflow/.local/lib/python3.12/site-packages/airflow/example_dags/tutorial.py
[2024-09-05T07:22:13.909+0000] {processor.py:914} INFO - Processing file /home/airflow/.local/lib/python3.12/site-packages/airflow/example_dags/tutorial.py for tasks to queue
[2024-09-05T07:22:13.912+0000] {logging_mixin.py:190} INFO - [2024-09-05T07:22:13.911+0000] {dagbag.py:587} INFO - Filling up the DagBag from /home/airflow/.local/lib/python3.12/site-packages/airflow/example_dags/tutorial.py
[2024-09-05T07:22:13.920+0000] {processor.py:925} INFO - DAG(s) 'tutorial' retrieved from /home/airflow/.local/lib/python3.12/site-packages/airflow/example_dags/tutorial.py
[2024-09-05T07:22:13.940+0000] {logging_mixin.py:190} INFO - [2024-09-05T07:22:13.940+0000] {dag.py:3211} INFO - Sync 1 DAGs
[2024-09-05T07:22:13.963+0000] {logging_mixin.py:190} INFO - [2024-09-05T07:22:13.963+0000] {dag.py:4138} INFO - Setting next_dagrun for tutorial to 2024-09-04 00:00:00+00:00, run_after=2024-09-05 00:00:00+00:00
[2024-09-05T07:22:13.983+0000] {processor.py:208} INFO - Processing /home/airflow/.local/lib/python3.12/site-packages/airflow/example_dags/tutorial.py took 0.081 seconds
[2024-09-05T07:22:44.379+0000] {processor.py:186} INFO - Started process (PID=15183) to work on /home/airflow/.local/lib/python3.12/site-packages/airflow/example_dags/tutorial.py
[2024-09-05T07:22:44.380+0000] {processor.py:914} INFO - Processing file /home/airflow/.local/lib/python3.12/site-packages/airflow/example_dags/tutorial.py for tasks to queue
[2024-09-05T07:22:44.382+0000] {logging_mixin.py:190} INFO - [2024-09-05T07:22:44.382+0000] {dagbag.py:587} INFO - Filling up the DagBag from /home/airflow/.local/lib/python3.12/site-packages/airflow/example_dags/tutorial.py
[2024-09-05T07:22:44.389+0000] {processor.py:925} INFO - DAG(s) 'tutorial' retrieved from /home/airflow/.local/lib/python3.12/site-packages/airflow/example_dags/tutorial.py
[2024-09-05T07:22:44.409+0000] {logging_mixin.py:190} INFO - [2024-09-05T07:22:44.409+0000] {dag.py:3211} INFO - Sync 1 DAGs
[2024-09-05T07:22:44.432+0000] {logging_mixin.py:190} INFO - [2024-09-05T07:22:44.432+0000] {dag.py:4138} INFO - Setting next_dagrun for tutorial to 2024-09-04 00:00:00+00:00, run_after=2024-09-05 00:00:00+00:00
[2024-09-05T07:22:44.456+0000] {processor.py:208} INFO - Processing /home/airflow/.local/lib/python3.12/site-packages/airflow/example_dags/tutorial.py took 0.083 seconds
[2024-09-05T07:23:14.974+0000] {processor.py:186} INFO - Started process (PID=15469) to work on /home/airflow/.local/lib/python3.12/site-packages/airflow/example_dags/tutorial.py
[2024-09-05T07:23:14.975+0000] {processor.py:914} INFO - Processing file /home/airflow/.local/lib/python3.12/site-packages/airflow/example_dags/tutorial.py for tasks to queue
[2024-09-05T07:23:14.980+0000] {logging_mixin.py:190} INFO - [2024-09-05T07:23:14.979+0000] {dagbag.py:587} INFO - Filling up the DagBag from /home/airflow/.local/lib/python3.12/site-packages/airflow/example_dags/tutorial.py
[2024-09-05T07:23:14.992+0000] {processor.py:925} INFO - DAG(s) 'tutorial' retrieved from /home/airflow/.local/lib/python3.12/site-packages/airflow/example_dags/tutorial.py
[2024-09-05T07:23:15.014+0000] {logging_mixin.py:190} INFO - [2024-09-05T07:23:15.013+0000] {dag.py:3211} INFO - Sync 1 DAGs
[2024-09-05T07:23:15.037+0000] {logging_mixin.py:190} INFO - [2024-09-05T07:23:15.037+0000] {dag.py:4138} INFO - Setting next_dagrun for tutorial to 2024-09-04 00:00:00+00:00, run_after=2024-09-05 00:00:00+00:00
[2024-09-05T07:23:15.058+0000] {processor.py:208} INFO - Processing /home/airflow/.local/lib/python3.12/site-packages/airflow/example_dags/tutorial.py took 0.091 seconds
[2024-09-05T07:23:45.642+0000] {processor.py:186} INFO - Started process (PID=15755) to work on /home/airflow/.local/lib/python3.12/site-packages/airflow/example_dags/tutorial.py
[2024-09-05T07:23:45.643+0000] {processor.py:914} INFO - Processing file /home/airflow/.local/lib/python3.12/site-packages/airflow/example_dags/tutorial.py for tasks to queue
[2024-09-05T07:23:45.645+0000] {logging_mixin.py:190} INFO - [2024-09-05T07:23:45.645+0000] {dagbag.py:587} INFO - Filling up the DagBag from /home/airflow/.local/lib/python3.12/site-packages/airflow/example_dags/tutorial.py
[2024-09-05T07:23:45.653+0000] {processor.py:925} INFO - DAG(s) 'tutorial' retrieved from /home/airflow/.local/lib/python3.12/site-packages/airflow/example_dags/tutorial.py
[2024-09-05T07:23:45.673+0000] {logging_mixin.py:190} INFO - [2024-09-05T07:23:45.673+0000] {dag.py:3211} INFO - Sync 1 DAGs
[2024-09-05T07:23:45.886+0000] {logging_mixin.py:190} INFO - [2024-09-05T07:23:45.886+0000] {dag.py:4138} INFO - Setting next_dagrun for tutorial to 2024-09-04 00:00:00+00:00, run_after=2024-09-05 00:00:00+00:00
[2024-09-05T07:23:45.908+0000] {processor.py:208} INFO - Processing /home/airflow/.local/lib/python3.12/site-packages/airflow/example_dags/tutorial.py took 0.272 seconds
[2024-09-05T07:24:16.384+0000] {processor.py:186} INFO - Started process (PID=16041) to work on /home/airflow/.local/lib/python3.12/site-packages/airflow/example_dags/tutorial.py
[2024-09-05T07:24:16.385+0000] {processor.py:914} INFO - Processing file /home/airflow/.local/lib/python3.12/site-packages/airflow/example_dags/tutorial.py for tasks to queue
[2024-09-05T07:24:16.387+0000] {logging_mixin.py:190} INFO - [2024-09-05T07:24:16.387+0000] {dagbag.py:587} INFO - Filling up the DagBag from /home/airflow/.local/lib/python3.12/site-packages/airflow/example_dags/tutorial.py
[2024-09-05T07:24:16.396+0000] {processor.py:925} INFO - DAG(s) 'tutorial' retrieved from /home/airflow/.local/lib/python3.12/site-packages/airflow/example_dags/tutorial.py
[2024-09-05T07:24:16.421+0000] {logging_mixin.py:190} INFO - [2024-09-05T07:24:16.420+0000] {dag.py:3211} INFO - Sync 1 DAGs
[2024-09-05T07:24:16.650+0000] {logging_mixin.py:190} INFO - [2024-09-05T07:24:16.650+0000] {dag.py:4138} INFO - Setting next_dagrun for tutorial to 2024-09-04 00:00:00+00:00, run_after=2024-09-05 00:00:00+00:00
[2024-09-05T07:24:16.673+0000] {processor.py:208} INFO - Processing /home/airflow/.local/lib/python3.12/site-packages/airflow/example_dags/tutorial.py took 0.295 seconds
[2024-09-05T07:24:47.226+0000] {processor.py:186} INFO - Started process (PID=16327) to work on /home/airflow/.local/lib/python3.12/site-packages/airflow/example_dags/tutorial.py
[2024-09-05T07:24:47.227+0000] {processor.py:914} INFO - Processing file /home/airflow/.local/lib/python3.12/site-packages/airflow/example_dags/tutorial.py for tasks to queue
[2024-09-05T07:24:47.230+0000] {logging_mixin.py:190} INFO - [2024-09-05T07:24:47.229+0000] {dagbag.py:587} INFO - Filling up the DagBag from /home/airflow/.local/lib/python3.12/site-packages/airflow/example_dags/tutorial.py
[2024-09-05T07:24:47.237+0000] {processor.py:925} INFO - DAG(s) 'tutorial' retrieved from /home/airflow/.local/lib/python3.12/site-packages/airflow/example_dags/tutorial.py
[2024-09-05T07:24:47.259+0000] {logging_mixin.py:190} INFO - [2024-09-05T07:24:47.259+0000] {dag.py:3211} INFO - Sync 1 DAGs
[2024-09-05T07:24:47.285+0000] {logging_mixin.py:190} INFO - [2024-09-05T07:24:47.285+0000] {dag.py:4138} INFO - Setting next_dagrun for tutorial to 2024-09-04 00:00:00+00:00, run_after=2024-09-05 00:00:00+00:00
[2024-09-05T07:24:47.312+0000] {processor.py:208} INFO - Processing /home/airflow/.local/lib/python3.12/site-packages/airflow/example_dags/tutorial.py took 0.093 seconds
[2024-09-05T07:25:17.970+0000] {processor.py:186} INFO - Started process (PID=16613) to work on /home/airflow/.local/lib/python3.12/site-packages/airflow/example_dags/tutorial.py
[2024-09-05T07:25:17.971+0000] {processor.py:914} INFO - Processing file /home/airflow/.local/lib/python3.12/site-packages/airflow/example_dags/tutorial.py for tasks to queue
[2024-09-05T07:25:17.974+0000] {logging_mixin.py:190} INFO - [2024-09-05T07:25:17.973+0000] {dagbag.py:587} INFO - Filling up the DagBag from /home/airflow/.local/lib/python3.12/site-packages/airflow/example_dags/tutorial.py
[2024-09-05T07:25:17.981+0000] {processor.py:925} INFO - DAG(s) 'tutorial' retrieved from /home/airflow/.local/lib/python3.12/site-packages/airflow/example_dags/tutorial.py
[2024-09-05T07:25:18.000+0000] {logging_mixin.py:190} INFO - [2024-09-05T07:25:18.000+0000] {dag.py:3211} INFO - Sync 1 DAGs
[2024-09-05T07:25:18.023+0000] {logging_mixin.py:190} INFO - [2024-09-05T07:25:18.022+0000] {dag.py:4138} INFO - Setting next_dagrun for tutorial to 2024-09-04 00:00:00+00:00, run_after=2024-09-05 00:00:00+00:00
[2024-09-05T07:25:18.045+0000] {processor.py:208} INFO - Processing /home/airflow/.local/lib/python3.12/site-packages/airflow/example_dags/tutorial.py took 0.080 seconds
[2024-09-05T07:25:48.194+0000] {processor.py:186} INFO - Started process (PID=16899) to work on /home/airflow/.local/lib/python3.12/site-packages/airflow/example_dags/tutorial.py
[2024-09-05T07:25:48.195+0000] {processor.py:914} INFO - Processing file /home/airflow/.local/lib/python3.12/site-packages/airflow/example_dags/tutorial.py for tasks to queue
[2024-09-05T07:25:48.198+0000] {logging_mixin.py:190} INFO - [2024-09-05T07:25:48.198+0000] {dagbag.py:587} INFO - Filling up the DagBag from /home/airflow/.local/lib/python3.12/site-packages/airflow/example_dags/tutorial.py
[2024-09-05T07:25:48.205+0000] {processor.py:925} INFO - DAG(s) 'tutorial' retrieved from /home/airflow/.local/lib/python3.12/site-packages/airflow/example_dags/tutorial.py
[2024-09-05T07:25:48.230+0000] {logging_mixin.py:190} INFO - [2024-09-05T07:25:48.230+0000] {dag.py:3211} INFO - Sync 1 DAGs
[2024-09-05T07:25:48.259+0000] {logging_mixin.py:190} INFO - [2024-09-05T07:25:48.258+0000] {dag.py:4138} INFO - Setting next_dagrun for tutorial to 2024-09-04 00:00:00+00:00, run_after=2024-09-05 00:00:00+00:00
[2024-09-05T07:25:48.284+0000] {processor.py:208} INFO - Processing /home/airflow/.local/lib/python3.12/site-packages/airflow/example_dags/tutorial.py took 0.098 seconds
[2024-09-05T07:26:18.487+0000] {processor.py:186} INFO - Started process (PID=17185) to work on /home/airflow/.local/lib/python3.12/site-packages/airflow/example_dags/tutorial.py
[2024-09-05T07:26:18.488+0000] {processor.py:914} INFO - Processing file /home/airflow/.local/lib/python3.12/site-packages/airflow/example_dags/tutorial.py for tasks to queue
[2024-09-05T07:26:18.492+0000] {logging_mixin.py:190} INFO - [2024-09-05T07:26:18.492+0000] {dagbag.py:587} INFO - Filling up the DagBag from /home/airflow/.local/lib/python3.12/site-packages/airflow/example_dags/tutorial.py
[2024-09-05T07:26:18.499+0000] {processor.py:925} INFO - DAG(s) 'tutorial' retrieved from /home/airflow/.local/lib/python3.12/site-packages/airflow/example_dags/tutorial.py
[2024-09-05T07:26:18.519+0000] {logging_mixin.py:190} INFO - [2024-09-05T07:26:18.519+0000] {dag.py:3211} INFO - Sync 1 DAGs
[2024-09-05T07:26:18.543+0000] {logging_mixin.py:190} INFO - [2024-09-05T07:26:18.543+0000] {dag.py:4138} INFO - Setting next_dagrun for tutorial to 2024-09-04 00:00:00+00:00, run_after=2024-09-05 00:00:00+00:00
[2024-09-05T07:26:18.570+0000] {processor.py:208} INFO - Processing /home/airflow/.local/lib/python3.12/site-packages/airflow/example_dags/tutorial.py took 0.088 seconds
[2024-09-05T07:26:48.836+0000] {processor.py:186} INFO - Started process (PID=17471) to work on /home/airflow/.local/lib/python3.12/site-packages/airflow/example_dags/tutorial.py
[2024-09-05T07:26:48.837+0000] {processor.py:914} INFO - Processing file /home/airflow/.local/lib/python3.12/site-packages/airflow/example_dags/tutorial.py for tasks to queue
[2024-09-05T07:26:48.840+0000] {logging_mixin.py:190} INFO - [2024-09-05T07:26:48.840+0000] {dagbag.py:587} INFO - Filling up the DagBag from /home/airflow/.local/lib/python3.12/site-packages/airflow/example_dags/tutorial.py
[2024-09-05T07:26:48.847+0000] {processor.py:925} INFO - DAG(s) 'tutorial' retrieved from /home/airflow/.local/lib/python3.12/site-packages/airflow/example_dags/tutorial.py
[2024-09-05T07:26:48.870+0000] {logging_mixin.py:190} INFO - [2024-09-05T07:26:48.869+0000] {dag.py:3211} INFO - Sync 1 DAGs
[2024-09-05T07:26:48.896+0000] {logging_mixin.py:190} INFO - [2024-09-05T07:26:48.896+0000] {dag.py:4138} INFO - Setting next_dagrun for tutorial to 2024-09-04 00:00:00+00:00, run_after=2024-09-05 00:00:00+00:00
[2024-09-05T07:26:48.916+0000] {processor.py:208} INFO - Processing /home/airflow/.local/lib/python3.12/site-packages/airflow/example_dags/tutorial.py took 0.086 seconds
[2024-09-05T07:27:19.090+0000] {processor.py:186} INFO - Started process (PID=17757) to work on /home/airflow/.local/lib/python3.12/site-packages/airflow/example_dags/tutorial.py
[2024-09-05T07:27:19.091+0000] {processor.py:914} INFO - Processing file /home/airflow/.local/lib/python3.12/site-packages/airflow/example_dags/tutorial.py for tasks to queue
[2024-09-05T07:27:19.093+0000] {logging_mixin.py:190} INFO - [2024-09-05T07:27:19.093+0000] {dagbag.py:587} INFO - Filling up the DagBag from /home/airflow/.local/lib/python3.12/site-packages/airflow/example_dags/tutorial.py
[2024-09-05T07:27:19.100+0000] {processor.py:925} INFO - DAG(s) 'tutorial' retrieved from /home/airflow/.local/lib/python3.12/site-packages/airflow/example_dags/tutorial.py
[2024-09-05T07:27:19.121+0000] {logging_mixin.py:190} INFO - [2024-09-05T07:27:19.120+0000] {dag.py:3211} INFO - Sync 1 DAGs
[2024-09-05T07:27:19.145+0000] {logging_mixin.py:190} INFO - [2024-09-05T07:27:19.145+0000] {dag.py:4138} INFO - Setting next_dagrun for tutorial to 2024-09-04 00:00:00+00:00, run_after=2024-09-05 00:00:00+00:00
[2024-09-05T07:27:19.178+0000] {processor.py:208} INFO - Processing /home/airflow/.local/lib/python3.12/site-packages/airflow/example_dags/tutorial.py took 0.093 seconds
[2024-09-05T07:27:49.824+0000] {processor.py:186} INFO - Started process (PID=18043) to work on /home/airflow/.local/lib/python3.12/site-packages/airflow/example_dags/tutorial.py
[2024-09-05T07:27:49.825+0000] {processor.py:914} INFO - Processing file /home/airflow/.local/lib/python3.12/site-packages/airflow/example_dags/tutorial.py for tasks to queue
[2024-09-05T07:27:49.828+0000] {logging_mixin.py:190} INFO - [2024-09-05T07:27:49.827+0000] {dagbag.py:587} INFO - Filling up the DagBag from /home/airflow/.local/lib/python3.12/site-packages/airflow/example_dags/tutorial.py
[2024-09-05T07:27:49.835+0000] {processor.py:925} INFO - DAG(s) 'tutorial' retrieved from /home/airflow/.local/lib/python3.12/site-packages/airflow/example_dags/tutorial.py
[2024-09-05T07:27:49.855+0000] {logging_mixin.py:190} INFO - [2024-09-05T07:27:49.854+0000] {dag.py:3211} INFO - Sync 1 DAGs
[2024-09-05T07:27:49.877+0000] {logging_mixin.py:190} INFO - [2024-09-05T07:27:49.877+0000] {dag.py:4138} INFO - Setting next_dagrun for tutorial to 2024-09-04 00:00:00+00:00, run_after=2024-09-05 00:00:00+00:00
[2024-09-05T07:27:49.898+0000] {processor.py:208} INFO - Processing /home/airflow/.local/lib/python3.12/site-packages/airflow/example_dags/tutorial.py took 0.079 seconds
[2024-09-05T07:28:20.699+0000] {processor.py:186} INFO - Started process (PID=18329) to work on /home/airflow/.local/lib/python3.12/site-packages/airflow/example_dags/tutorial.py
[2024-09-05T07:28:20.700+0000] {processor.py:914} INFO - Processing file /home/airflow/.local/lib/python3.12/site-packages/airflow/example_dags/tutorial.py for tasks to queue
[2024-09-05T07:28:20.702+0000] {logging_mixin.py:190} INFO - [2024-09-05T07:28:20.702+0000] {dagbag.py:587} INFO - Filling up the DagBag from /home/airflow/.local/lib/python3.12/site-packages/airflow/example_dags/tutorial.py
[2024-09-05T07:28:20.709+0000] {processor.py:925} INFO - DAG(s) 'tutorial' retrieved from /home/airflow/.local/lib/python3.12/site-packages/airflow/example_dags/tutorial.py
[2024-09-05T07:28:20.728+0000] {logging_mixin.py:190} INFO - [2024-09-05T07:28:20.728+0000] {dag.py:3211} INFO - Sync 1 DAGs
[2024-09-05T07:28:20.750+0000] {logging_mixin.py:190} INFO - [2024-09-05T07:28:20.750+0000] {dag.py:4138} INFO - Setting next_dagrun for tutorial to 2024-09-04 00:00:00+00:00, run_after=2024-09-05 00:00:00+00:00
[2024-09-05T07:28:20.770+0000] {processor.py:208} INFO - Processing /home/airflow/.local/lib/python3.12/site-packages/airflow/example_dags/tutorial.py took 0.077 seconds
[2024-09-05T07:28:51.052+0000] {processor.py:186} INFO - Started process (PID=18610) to work on /home/airflow/.local/lib/python3.12/site-packages/airflow/example_dags/tutorial.py
[2024-09-05T07:28:51.054+0000] {processor.py:914} INFO - Processing file /home/airflow/.local/lib/python3.12/site-packages/airflow/example_dags/tutorial.py for tasks to queue
[2024-09-05T07:28:51.056+0000] {logging_mixin.py:190} INFO - [2024-09-05T07:28:51.056+0000] {dagbag.py:587} INFO - Filling up the DagBag from /home/airflow/.local/lib/python3.12/site-packages/airflow/example_dags/tutorial.py
[2024-09-05T07:28:51.064+0000] {processor.py:925} INFO - DAG(s) 'tutorial' retrieved from /home/airflow/.local/lib/python3.12/site-packages/airflow/example_dags/tutorial.py
[2024-09-05T07:28:51.085+0000] {logging_mixin.py:190} INFO - [2024-09-05T07:28:51.085+0000] {dag.py:3211} INFO - Sync 1 DAGs
[2024-09-05T07:28:51.110+0000] {logging_mixin.py:190} INFO - [2024-09-05T07:28:51.110+0000] {dag.py:4138} INFO - Setting next_dagrun for tutorial to 2024-09-04 00:00:00+00:00, run_after=2024-09-05 00:00:00+00:00
[2024-09-05T07:28:51.130+0000] {processor.py:208} INFO - Processing /home/airflow/.local/lib/python3.12/site-packages/airflow/example_dags/tutorial.py took 0.084 seconds
[2024-09-05T07:29:21.496+0000] {processor.py:186} INFO - Started process (PID=18903) to work on /home/airflow/.local/lib/python3.12/site-packages/airflow/example_dags/tutorial.py
[2024-09-05T07:29:21.497+0000] {processor.py:914} INFO - Processing file /home/airflow/.local/lib/python3.12/site-packages/airflow/example_dags/tutorial.py for tasks to queue
[2024-09-05T07:29:21.500+0000] {logging_mixin.py:190} INFO - [2024-09-05T07:29:21.499+0000] {dagbag.py:587} INFO - Filling up the DagBag from /home/airflow/.local/lib/python3.12/site-packages/airflow/example_dags/tutorial.py
[2024-09-05T07:29:21.507+0000] {processor.py:925} INFO - DAG(s) 'tutorial' retrieved from /home/airflow/.local/lib/python3.12/site-packages/airflow/example_dags/tutorial.py
[2024-09-05T07:29:21.599+0000] {logging_mixin.py:190} INFO - [2024-09-05T07:29:21.599+0000] {dag.py:3211} INFO - Sync 1 DAGs
[2024-09-05T07:29:21.623+0000] {logging_mixin.py:190} INFO - [2024-09-05T07:29:21.623+0000] {dag.py:4138} INFO - Setting next_dagrun for tutorial to 2024-09-04 00:00:00+00:00, run_after=2024-09-05 00:00:00+00:00
[2024-09-05T07:29:21.644+0000] {processor.py:208} INFO - Processing /home/airflow/.local/lib/python3.12/site-packages/airflow/example_dags/tutorial.py took 0.153 seconds
[2024-09-05T07:29:51.696+0000] {processor.py:186} INFO - Started process (PID=19189) to work on /home/airflow/.local/lib/python3.12/site-packages/airflow/example_dags/tutorial.py
[2024-09-05T07:29:51.697+0000] {processor.py:914} INFO - Processing file /home/airflow/.local/lib/python3.12/site-packages/airflow/example_dags/tutorial.py for tasks to queue
[2024-09-05T07:29:51.700+0000] {logging_mixin.py:190} INFO - [2024-09-05T07:29:51.700+0000] {dagbag.py:587} INFO - Filling up the DagBag from /home/airflow/.local/lib/python3.12/site-packages/airflow/example_dags/tutorial.py
[2024-09-05T07:29:51.707+0000] {processor.py:925} INFO - DAG(s) 'tutorial' retrieved from /home/airflow/.local/lib/python3.12/site-packages/airflow/example_dags/tutorial.py
[2024-09-05T07:29:51.727+0000] {logging_mixin.py:190} INFO - [2024-09-05T07:29:51.727+0000] {dag.py:3211} INFO - Sync 1 DAGs
[2024-09-05T07:29:51.750+0000] {logging_mixin.py:190} INFO - [2024-09-05T07:29:51.750+0000] {dag.py:4138} INFO - Setting next_dagrun for tutorial to 2024-09-04 00:00:00+00:00, run_after=2024-09-05 00:00:00+00:00
[2024-09-05T07:29:51.769+0000] {processor.py:208} INFO - Processing /home/airflow/.local/lib/python3.12/site-packages/airflow/example_dags/tutorial.py took 0.080 seconds
[2024-09-05T07:30:22.166+0000] {processor.py:186} INFO - Started process (PID=19473) to work on /home/airflow/.local/lib/python3.12/site-packages/airflow/example_dags/tutorial.py
[2024-09-05T07:30:22.167+0000] {processor.py:914} INFO - Processing file /home/airflow/.local/lib/python3.12/site-packages/airflow/example_dags/tutorial.py for tasks to queue
[2024-09-05T07:30:22.169+0000] {logging_mixin.py:190} INFO - [2024-09-05T07:30:22.169+0000] {dagbag.py:587} INFO - Filling up the DagBag from /home/airflow/.local/lib/python3.12/site-packages/airflow/example_dags/tutorial.py
[2024-09-05T07:30:22.176+0000] {processor.py:925} INFO - DAG(s) 'tutorial' retrieved from /home/airflow/.local/lib/python3.12/site-packages/airflow/example_dags/tutorial.py
[2024-09-05T07:30:22.196+0000] {logging_mixin.py:190} INFO - [2024-09-05T07:30:22.195+0000] {dag.py:3211} INFO - Sync 1 DAGs
[2024-09-05T07:30:22.217+0000] {logging_mixin.py:190} INFO - [2024-09-05T07:30:22.217+0000] {dag.py:4138} INFO - Setting next_dagrun for tutorial to 2024-09-04 00:00:00+00:00, run_after=2024-09-05 00:00:00+00:00
[2024-09-05T07:30:22.237+0000] {processor.py:208} INFO - Processing /home/airflow/.local/lib/python3.12/site-packages/airflow/example_dags/tutorial.py took 0.077 seconds
[2024-09-05T07:30:52.286+0000] {processor.py:186} INFO - Started process (PID=19754) to work on /home/airflow/.local/lib/python3.12/site-packages/airflow/example_dags/tutorial.py
[2024-09-05T07:30:52.287+0000] {processor.py:914} INFO - Processing file /home/airflow/.local/lib/python3.12/site-packages/airflow/example_dags/tutorial.py for tasks to queue
[2024-09-05T07:30:52.289+0000] {logging_mixin.py:190} INFO - [2024-09-05T07:30:52.289+0000] {dagbag.py:587} INFO - Filling up the DagBag from /home/airflow/.local/lib/python3.12/site-packages/airflow/example_dags/tutorial.py
[2024-09-05T07:30:52.297+0000] {processor.py:925} INFO - DAG(s) 'tutorial' retrieved from /home/airflow/.local/lib/python3.12/site-packages/airflow/example_dags/tutorial.py
[2024-09-05T07:30:52.320+0000] {logging_mixin.py:190} INFO - [2024-09-05T07:30:52.319+0000] {dag.py:3211} INFO - Sync 1 DAGs
[2024-09-05T07:30:52.343+0000] {logging_mixin.py:190} INFO - [2024-09-05T07:30:52.342+0000] {dag.py:4138} INFO - Setting next_dagrun for tutorial to 2024-09-04 00:00:00+00:00, run_after=2024-09-05 00:00:00+00:00
[2024-09-05T07:30:52.366+0000] {processor.py:208} INFO - Processing /home/airflow/.local/lib/python3.12/site-packages/airflow/example_dags/tutorial.py took 0.087 seconds
[2024-09-05T07:31:23.190+0000] {processor.py:186} INFO - Started process (PID=20040) to work on /home/airflow/.local/lib/python3.12/site-packages/airflow/example_dags/tutorial.py
[2024-09-05T07:31:23.191+0000] {processor.py:914} INFO - Processing file /home/airflow/.local/lib/python3.12/site-packages/airflow/example_dags/tutorial.py for tasks to queue
[2024-09-05T07:31:23.193+0000] {logging_mixin.py:190} INFO - [2024-09-05T07:31:23.193+0000] {dagbag.py:587} INFO - Filling up the DagBag from /home/airflow/.local/lib/python3.12/site-packages/airflow/example_dags/tutorial.py
[2024-09-05T07:31:23.201+0000] {processor.py:925} INFO - DAG(s) 'tutorial' retrieved from /home/airflow/.local/lib/python3.12/site-packages/airflow/example_dags/tutorial.py
[2024-09-05T07:31:23.222+0000] {logging_mixin.py:190} INFO - [2024-09-05T07:31:23.221+0000] {dag.py:3211} INFO - Sync 1 DAGs
[2024-09-05T07:31:23.244+0000] {logging_mixin.py:190} INFO - [2024-09-05T07:31:23.244+0000] {dag.py:4138} INFO - Setting next_dagrun for tutorial to 2024-09-04 00:00:00+00:00, run_after=2024-09-05 00:00:00+00:00
[2024-09-05T07:31:23.266+0000] {processor.py:208} INFO - Processing /home/airflow/.local/lib/python3.12/site-packages/airflow/example_dags/tutorial.py took 0.082 seconds
[2024-09-05T07:31:53.646+0000] {processor.py:186} INFO - Started process (PID=20326) to work on /home/airflow/.local/lib/python3.12/site-packages/airflow/example_dags/tutorial.py
[2024-09-05T07:31:53.648+0000] {processor.py:914} INFO - Processing file /home/airflow/.local/lib/python3.12/site-packages/airflow/example_dags/tutorial.py for tasks to queue
[2024-09-05T07:31:53.650+0000] {logging_mixin.py:190} INFO - [2024-09-05T07:31:53.650+0000] {dagbag.py:587} INFO - Filling up the DagBag from /home/airflow/.local/lib/python3.12/site-packages/airflow/example_dags/tutorial.py
[2024-09-05T07:31:53.658+0000] {processor.py:925} INFO - DAG(s) 'tutorial' retrieved from /home/airflow/.local/lib/python3.12/site-packages/airflow/example_dags/tutorial.py
[2024-09-05T07:31:53.680+0000] {logging_mixin.py:190} INFO - [2024-09-05T07:31:53.680+0000] {dag.py:3211} INFO - Sync 1 DAGs
[2024-09-05T07:31:53.701+0000] {logging_mixin.py:190} INFO - [2024-09-05T07:31:53.701+0000] {dag.py:4138} INFO - Setting next_dagrun for tutorial to 2024-09-04 00:00:00+00:00, run_after=2024-09-05 00:00:00+00:00
[2024-09-05T07:31:53.721+0000] {processor.py:208} INFO - Processing /home/airflow/.local/lib/python3.12/site-packages/airflow/example_dags/tutorial.py took 0.081 seconds
[2024-09-05T07:32:24.268+0000] {processor.py:186} INFO - Started process (PID=20612) to work on /home/airflow/.local/lib/python3.12/site-packages/airflow/example_dags/tutorial.py
[2024-09-05T07:32:24.269+0000] {processor.py:914} INFO - Processing file /home/airflow/.local/lib/python3.12/site-packages/airflow/example_dags/tutorial.py for tasks to queue
[2024-09-05T07:32:24.272+0000] {logging_mixin.py:190} INFO - [2024-09-05T07:32:24.272+0000] {dagbag.py:587} INFO - Filling up the DagBag from /home/airflow/.local/lib/python3.12/site-packages/airflow/example_dags/tutorial.py
[2024-09-05T07:32:24.281+0000] {processor.py:925} INFO - DAG(s) 'tutorial' retrieved from /home/airflow/.local/lib/python3.12/site-packages/airflow/example_dags/tutorial.py
[2024-09-05T07:32:24.303+0000] {logging_mixin.py:190} INFO - [2024-09-05T07:32:24.302+0000] {dag.py:3211} INFO - Sync 1 DAGs
[2024-09-05T07:32:24.329+0000] {logging_mixin.py:190} INFO - [2024-09-05T07:32:24.329+0000] {dag.py:4138} INFO - Setting next_dagrun for tutorial to 2024-09-04 00:00:00+00:00, run_after=2024-09-05 00:00:00+00:00
[2024-09-05T07:32:24.353+0000] {processor.py:208} INFO - Processing /home/airflow/.local/lib/python3.12/site-packages/airflow/example_dags/tutorial.py took 0.092 seconds
[2024-09-05T07:32:55.139+0000] {processor.py:186} INFO - Started process (PID=20898) to work on /home/airflow/.local/lib/python3.12/site-packages/airflow/example_dags/tutorial.py
[2024-09-05T07:32:55.140+0000] {processor.py:914} INFO - Processing file /home/airflow/.local/lib/python3.12/site-packages/airflow/example_dags/tutorial.py for tasks to queue
[2024-09-05T07:32:55.143+0000] {logging_mixin.py:190} INFO - [2024-09-05T07:32:55.143+0000] {dagbag.py:587} INFO - Filling up the DagBag from /home/airflow/.local/lib/python3.12/site-packages/airflow/example_dags/tutorial.py
[2024-09-05T07:32:55.150+0000] {processor.py:925} INFO - DAG(s) 'tutorial' retrieved from /home/airflow/.local/lib/python3.12/site-packages/airflow/example_dags/tutorial.py
[2024-09-05T07:32:55.172+0000] {logging_mixin.py:190} INFO - [2024-09-05T07:32:55.172+0000] {dag.py:3211} INFO - Sync 1 DAGs
[2024-09-05T07:32:55.198+0000] {logging_mixin.py:190} INFO - [2024-09-05T07:32:55.198+0000] {dag.py:4138} INFO - Setting next_dagrun for tutorial to 2024-09-04 00:00:00+00:00, run_after=2024-09-05 00:00:00+00:00
[2024-09-05T07:32:55.220+0000] {processor.py:208} INFO - Processing /home/airflow/.local/lib/python3.12/site-packages/airflow/example_dags/tutorial.py took 0.086 seconds
[2024-09-05T07:33:25.670+0000] {processor.py:186} INFO - Started process (PID=21184) to work on /home/airflow/.local/lib/python3.12/site-packages/airflow/example_dags/tutorial.py
[2024-09-05T07:33:25.672+0000] {processor.py:914} INFO - Processing file /home/airflow/.local/lib/python3.12/site-packages/airflow/example_dags/tutorial.py for tasks to queue
[2024-09-05T07:33:25.674+0000] {logging_mixin.py:190} INFO - [2024-09-05T07:33:25.674+0000] {dagbag.py:587} INFO - Filling up the DagBag from /home/airflow/.local/lib/python3.12/site-packages/airflow/example_dags/tutorial.py
[2024-09-05T07:33:25.681+0000] {processor.py:925} INFO - DAG(s) 'tutorial' retrieved from /home/airflow/.local/lib/python3.12/site-packages/airflow/example_dags/tutorial.py
[2024-09-05T07:33:25.702+0000] {logging_mixin.py:190} INFO - [2024-09-05T07:33:25.702+0000] {dag.py:3211} INFO - Sync 1 DAGs
[2024-09-05T07:33:25.725+0000] {logging_mixin.py:190} INFO - [2024-09-05T07:33:25.725+0000] {dag.py:4138} INFO - Setting next_dagrun for tutorial to 2024-09-04 00:00:00+00:00, run_after=2024-09-05 00:00:00+00:00
[2024-09-05T07:33:25.745+0000] {processor.py:208} INFO - Processing /home/airflow/.local/lib/python3.12/site-packages/airflow/example_dags/tutorial.py took 0.081 seconds
[2024-09-05T07:33:56.542+0000] {processor.py:186} INFO - Started process (PID=21470) to work on /home/airflow/.local/lib/python3.12/site-packages/airflow/example_dags/tutorial.py
[2024-09-05T07:33:56.543+0000] {processor.py:914} INFO - Processing file /home/airflow/.local/lib/python3.12/site-packages/airflow/example_dags/tutorial.py for tasks to queue
[2024-09-05T07:33:56.545+0000] {logging_mixin.py:190} INFO - [2024-09-05T07:33:56.545+0000] {dagbag.py:587} INFO - Filling up the DagBag from /home/airflow/.local/lib/python3.12/site-packages/airflow/example_dags/tutorial.py
[2024-09-05T07:33:56.552+0000] {processor.py:925} INFO - DAG(s) 'tutorial' retrieved from /home/airflow/.local/lib/python3.12/site-packages/airflow/example_dags/tutorial.py
[2024-09-05T07:33:56.572+0000] {logging_mixin.py:190} INFO - [2024-09-05T07:33:56.572+0000] {dag.py:3211} INFO - Sync 1 DAGs
[2024-09-05T07:33:56.594+0000] {logging_mixin.py:190} INFO - [2024-09-05T07:33:56.594+0000] {dag.py:4138} INFO - Setting next_dagrun for tutorial to 2024-09-04 00:00:00+00:00, run_after=2024-09-05 00:00:00+00:00
[2024-09-05T07:33:56.614+0000] {processor.py:208} INFO - Processing /home/airflow/.local/lib/python3.12/site-packages/airflow/example_dags/tutorial.py took 0.078 seconds
[2024-09-05T07:34:27.074+0000] {processor.py:186} INFO - Started process (PID=21756) to work on /home/airflow/.local/lib/python3.12/site-packages/airflow/example_dags/tutorial.py
[2024-09-05T07:34:27.076+0000] {processor.py:914} INFO - Processing file /home/airflow/.local/lib/python3.12/site-packages/airflow/example_dags/tutorial.py for tasks to queue
[2024-09-05T07:34:27.079+0000] {logging_mixin.py:190} INFO - [2024-09-05T07:34:27.079+0000] {dagbag.py:587} INFO - Filling up the DagBag from /home/airflow/.local/lib/python3.12/site-packages/airflow/example_dags/tutorial.py
[2024-09-05T07:34:27.088+0000] {processor.py:925} INFO - DAG(s) 'tutorial' retrieved from /home/airflow/.local/lib/python3.12/site-packages/airflow/example_dags/tutorial.py
[2024-09-05T07:34:27.116+0000] {logging_mixin.py:190} INFO - [2024-09-05T07:34:27.115+0000] {dag.py:3211} INFO - Sync 1 DAGs
[2024-09-05T07:34:27.139+0000] {logging_mixin.py:190} INFO - [2024-09-05T07:34:27.139+0000] {dag.py:4138} INFO - Setting next_dagrun for tutorial to 2024-09-04 00:00:00+00:00, run_after=2024-09-05 00:00:00+00:00
[2024-09-05T07:34:27.164+0000] {processor.py:208} INFO - Processing /home/airflow/.local/lib/python3.12/site-packages/airflow/example_dags/tutorial.py took 0.097 seconds
[2024-09-05T07:34:57.880+0000] {processor.py:186} INFO - Started process (PID=22042) to work on /home/airflow/.local/lib/python3.12/site-packages/airflow/example_dags/tutorial.py
[2024-09-05T07:34:57.881+0000] {processor.py:914} INFO - Processing file /home/airflow/.local/lib/python3.12/site-packages/airflow/example_dags/tutorial.py for tasks to queue
[2024-09-05T07:34:57.884+0000] {logging_mixin.py:190} INFO - [2024-09-05T07:34:57.883+0000] {dagbag.py:587} INFO - Filling up the DagBag from /home/airflow/.local/lib/python3.12/site-packages/airflow/example_dags/tutorial.py
[2024-09-05T07:34:57.891+0000] {processor.py:925} INFO - DAG(s) 'tutorial' retrieved from /home/airflow/.local/lib/python3.12/site-packages/airflow/example_dags/tutorial.py
[2024-09-05T07:34:57.911+0000] {logging_mixin.py:190} INFO - [2024-09-05T07:34:57.911+0000] {dag.py:3211} INFO - Sync 1 DAGs
[2024-09-05T07:34:57.933+0000] {logging_mixin.py:190} INFO - [2024-09-05T07:34:57.933+0000] {dag.py:4138} INFO - Setting next_dagrun for tutorial to 2024-09-04 00:00:00+00:00, run_after=2024-09-05 00:00:00+00:00
[2024-09-05T07:34:57.956+0000] {processor.py:208} INFO - Processing /home/airflow/.local/lib/python3.12/site-packages/airflow/example_dags/tutorial.py took 0.081 seconds
[2024-09-05T07:35:28.264+0000] {processor.py:186} INFO - Started process (PID=22330) to work on /home/airflow/.local/lib/python3.12/site-packages/airflow/example_dags/tutorial.py
[2024-09-05T07:35:28.265+0000] {processor.py:914} INFO - Processing file /home/airflow/.local/lib/python3.12/site-packages/airflow/example_dags/tutorial.py for tasks to queue
[2024-09-05T07:35:28.268+0000] {logging_mixin.py:190} INFO - [2024-09-05T07:35:28.267+0000] {dagbag.py:587} INFO - Filling up the DagBag from /home/airflow/.local/lib/python3.12/site-packages/airflow/example_dags/tutorial.py
[2024-09-05T07:35:28.275+0000] {processor.py:925} INFO - DAG(s) 'tutorial' retrieved from /home/airflow/.local/lib/python3.12/site-packages/airflow/example_dags/tutorial.py
[2024-09-05T07:35:28.295+0000] {logging_mixin.py:190} INFO - [2024-09-05T07:35:28.295+0000] {dag.py:3211} INFO - Sync 1 DAGs
[2024-09-05T07:35:28.320+0000] {logging_mixin.py:190} INFO - [2024-09-05T07:35:28.320+0000] {dag.py:4138} INFO - Setting next_dagrun for tutorial to 2024-09-04 00:00:00+00:00, run_after=2024-09-05 00:00:00+00:00
[2024-09-05T07:35:28.341+0000] {processor.py:208} INFO - Processing /home/airflow/.local/lib/python3.12/site-packages/airflow/example_dags/tutorial.py took 0.083 seconds
