[2024-09-05T06:55:59.804+0000] {processor.py:186} INFO - Started process (PID=397) to work on /home/airflow/.local/lib/python3.12/site-packages/airflow/example_dags/tutorial_dag.py
[2024-09-05T06:55:59.805+0000] {processor.py:914} INFO - Processing file /home/airflow/.local/lib/python3.12/site-packages/airflow/example_dags/tutorial_dag.py for tasks to queue
[2024-09-05T06:55:59.807+0000] {logging_mixin.py:190} INFO - [2024-09-05T06:55:59.807+0000] {dagbag.py:587} INFO - Filling up the DagBag from /home/airflow/.local/lib/python3.12/site-packages/airflow/example_dags/tutorial_dag.py
[2024-09-05T06:55:59.815+0000] {processor.py:925} INFO - DAG(s) 'tutorial_dag' retrieved from /home/airflow/.local/lib/python3.12/site-packages/airflow/example_dags/tutorial_dag.py
[2024-09-05T06:56:00.488+0000] {logging_mixin.py:190} INFO - [2024-09-05T06:56:00.487+0000] {override.py:1858} INFO - Created Permission View: can edit on DAG:tutorial_dag
[2024-09-05T06:56:00.502+0000] {logging_mixin.py:190} INFO - [2024-09-05T06:56:00.502+0000] {override.py:1858} INFO - Created Permission View: can delete on DAG:tutorial_dag
[2024-09-05T06:56:00.512+0000] {logging_mixin.py:190} INFO - [2024-09-05T06:56:00.512+0000] {override.py:1858} INFO - Created Permission View: can read on DAG:tutorial_dag
[2024-09-05T06:56:00.513+0000] {logging_mixin.py:190} INFO - [2024-09-05T06:56:00.513+0000] {dag.py:3211} INFO - Sync 1 DAGs
[2024-09-05T06:56:00.781+0000] {logging_mixin.py:190} INFO - [2024-09-05T06:56:00.781+0000] {dag.py:3234} INFO - Creating ORM DAG for tutorial_dag
[2024-09-05T06:56:00.783+0000] {logging_mixin.py:190} INFO - [2024-09-05T06:56:00.783+0000] {dag.py:4138} INFO - Setting next_dagrun for tutorial_dag to None, run_after=None
[2024-09-05T06:56:00.814+0000] {processor.py:208} INFO - Processing /home/airflow/.local/lib/python3.12/site-packages/airflow/example_dags/tutorial_dag.py took 1.016 seconds
[2024-09-05T06:56:31.559+0000] {processor.py:186} INFO - Started process (PID=685) to work on /home/airflow/.local/lib/python3.12/site-packages/airflow/example_dags/tutorial_dag.py
[2024-09-05T06:56:31.560+0000] {processor.py:914} INFO - Processing file /home/airflow/.local/lib/python3.12/site-packages/airflow/example_dags/tutorial_dag.py for tasks to queue
[2024-09-05T06:56:31.563+0000] {logging_mixin.py:190} INFO - [2024-09-05T06:56:31.563+0000] {dagbag.py:587} INFO - Filling up the DagBag from /home/airflow/.local/lib/python3.12/site-packages/airflow/example_dags/tutorial_dag.py
[2024-09-05T06:56:31.571+0000] {processor.py:925} INFO - DAG(s) 'tutorial_dag' retrieved from /home/airflow/.local/lib/python3.12/site-packages/airflow/example_dags/tutorial_dag.py
[2024-09-05T06:56:31.694+0000] {logging_mixin.py:190} INFO - [2024-09-05T06:56:31.694+0000] {dag.py:3211} INFO - Sync 1 DAGs
[2024-09-05T06:56:31.750+0000] {logging_mixin.py:190} INFO - [2024-09-05T06:56:31.750+0000] {dag.py:4138} INFO - Setting next_dagrun for tutorial_dag to None, run_after=None
[2024-09-05T06:56:31.882+0000] {processor.py:208} INFO - Processing /home/airflow/.local/lib/python3.12/site-packages/airflow/example_dags/tutorial_dag.py took 0.329 seconds
[2024-09-05T06:57:02.552+0000] {processor.py:186} INFO - Started process (PID=971) to work on /home/airflow/.local/lib/python3.12/site-packages/airflow/example_dags/tutorial_dag.py
[2024-09-05T06:57:02.657+0000] {processor.py:914} INFO - Processing file /home/airflow/.local/lib/python3.12/site-packages/airflow/example_dags/tutorial_dag.py for tasks to queue
[2024-09-05T06:57:02.659+0000] {logging_mixin.py:190} INFO - [2024-09-05T06:57:02.659+0000] {dagbag.py:587} INFO - Filling up the DagBag from /home/airflow/.local/lib/python3.12/site-packages/airflow/example_dags/tutorial_dag.py
[2024-09-05T06:57:02.937+0000] {processor.py:925} INFO - DAG(s) 'tutorial_dag' retrieved from /home/airflow/.local/lib/python3.12/site-packages/airflow/example_dags/tutorial_dag.py
[2024-09-05T06:57:02.961+0000] {logging_mixin.py:190} INFO - [2024-09-05T06:57:02.961+0000] {dag.py:3211} INFO - Sync 1 DAGs
[2024-09-05T06:57:02.980+0000] {logging_mixin.py:190} INFO - [2024-09-05T06:57:02.979+0000] {dag.py:4138} INFO - Setting next_dagrun for tutorial_dag to None, run_after=None
[2024-09-05T06:57:03.007+0000] {processor.py:208} INFO - Processing /home/airflow/.local/lib/python3.12/site-packages/airflow/example_dags/tutorial_dag.py took 0.463 seconds
[2024-09-05T06:57:33.077+0000] {processor.py:186} INFO - Started process (PID=1257) to work on /home/airflow/.local/lib/python3.12/site-packages/airflow/example_dags/tutorial_dag.py
[2024-09-05T06:57:33.126+0000] {processor.py:914} INFO - Processing file /home/airflow/.local/lib/python3.12/site-packages/airflow/example_dags/tutorial_dag.py for tasks to queue
[2024-09-05T06:57:33.129+0000] {logging_mixin.py:190} INFO - [2024-09-05T06:57:33.128+0000] {dagbag.py:587} INFO - Filling up the DagBag from /home/airflow/.local/lib/python3.12/site-packages/airflow/example_dags/tutorial_dag.py
[2024-09-05T06:57:33.136+0000] {processor.py:925} INFO - DAG(s) 'tutorial_dag' retrieved from /home/airflow/.local/lib/python3.12/site-packages/airflow/example_dags/tutorial_dag.py
[2024-09-05T06:57:33.156+0000] {logging_mixin.py:190} INFO - [2024-09-05T06:57:33.156+0000] {dag.py:3211} INFO - Sync 1 DAGs
[2024-09-05T06:57:33.170+0000] {logging_mixin.py:190} INFO - [2024-09-05T06:57:33.170+0000] {dag.py:4138} INFO - Setting next_dagrun for tutorial_dag to None, run_after=None
[2024-09-05T06:57:33.231+0000] {processor.py:208} INFO - Processing /home/airflow/.local/lib/python3.12/site-packages/airflow/example_dags/tutorial_dag.py took 0.160 seconds
[2024-09-05T06:58:06.506+0000] {processor.py:186} INFO - Started process (PID=1541) to work on /home/airflow/.local/lib/python3.12/site-packages/airflow/example_dags/tutorial_dag.py
[2024-09-05T06:58:06.508+0000] {processor.py:914} INFO - Processing file /home/airflow/.local/lib/python3.12/site-packages/airflow/example_dags/tutorial_dag.py for tasks to queue
[2024-09-05T06:58:06.513+0000] {logging_mixin.py:190} INFO - [2024-09-05T06:58:06.512+0000] {dagbag.py:587} INFO - Filling up the DagBag from /home/airflow/.local/lib/python3.12/site-packages/airflow/example_dags/tutorial_dag.py
[2024-09-05T06:58:06.525+0000] {processor.py:925} INFO - DAG(s) 'tutorial_dag' retrieved from /home/airflow/.local/lib/python3.12/site-packages/airflow/example_dags/tutorial_dag.py
[2024-09-05T06:58:06.549+0000] {logging_mixin.py:190} INFO - [2024-09-05T06:58:06.549+0000] {dag.py:3211} INFO - Sync 1 DAGs
[2024-09-05T06:58:06.570+0000] {logging_mixin.py:190} INFO - [2024-09-05T06:58:06.570+0000] {dag.py:4138} INFO - Setting next_dagrun for tutorial_dag to None, run_after=None
[2024-09-05T06:58:06.602+0000] {processor.py:208} INFO - Processing /home/airflow/.local/lib/python3.12/site-packages/airflow/example_dags/tutorial_dag.py took 0.107 seconds
[2024-09-05T06:58:37.685+0000] {processor.py:186} INFO - Started process (PID=1827) to work on /home/airflow/.local/lib/python3.12/site-packages/airflow/example_dags/tutorial_dag.py
[2024-09-05T06:58:37.686+0000] {processor.py:914} INFO - Processing file /home/airflow/.local/lib/python3.12/site-packages/airflow/example_dags/tutorial_dag.py for tasks to queue
[2024-09-05T06:58:37.689+0000] {logging_mixin.py:190} INFO - [2024-09-05T06:58:37.688+0000] {dagbag.py:587} INFO - Filling up the DagBag from /home/airflow/.local/lib/python3.12/site-packages/airflow/example_dags/tutorial_dag.py
[2024-09-05T06:58:37.698+0000] {processor.py:925} INFO - DAG(s) 'tutorial_dag' retrieved from /home/airflow/.local/lib/python3.12/site-packages/airflow/example_dags/tutorial_dag.py
[2024-09-05T06:58:37.733+0000] {logging_mixin.py:190} INFO - [2024-09-05T06:58:37.732+0000] {dag.py:3211} INFO - Sync 1 DAGs
[2024-09-05T06:58:37.759+0000] {logging_mixin.py:190} INFO - [2024-09-05T06:58:37.758+0000] {dag.py:4138} INFO - Setting next_dagrun for tutorial_dag to None, run_after=None
[2024-09-05T06:58:37.786+0000] {processor.py:208} INFO - Processing /home/airflow/.local/lib/python3.12/site-packages/airflow/example_dags/tutorial_dag.py took 0.107 seconds
[2024-09-05T06:59:14.578+0000] {processor.py:186} INFO - Started process (PID=2113) to work on /home/airflow/.local/lib/python3.12/site-packages/airflow/example_dags/tutorial_dag.py
[2024-09-05T06:59:14.654+0000] {processor.py:914} INFO - Processing file /home/airflow/.local/lib/python3.12/site-packages/airflow/example_dags/tutorial_dag.py for tasks to queue
[2024-09-05T06:59:14.657+0000] {logging_mixin.py:190} INFO - [2024-09-05T06:59:14.656+0000] {dagbag.py:587} INFO - Filling up the DagBag from /home/airflow/.local/lib/python3.12/site-packages/airflow/example_dags/tutorial_dag.py
[2024-09-05T06:59:14.664+0000] {processor.py:925} INFO - DAG(s) 'tutorial_dag' retrieved from /home/airflow/.local/lib/python3.12/site-packages/airflow/example_dags/tutorial_dag.py
[2024-09-05T06:59:14.688+0000] {logging_mixin.py:190} INFO - [2024-09-05T06:59:14.687+0000] {dag.py:3211} INFO - Sync 1 DAGs
[2024-09-05T06:59:14.707+0000] {logging_mixin.py:190} INFO - [2024-09-05T06:59:14.707+0000] {dag.py:4138} INFO - Setting next_dagrun for tutorial_dag to None, run_after=None
[2024-09-05T06:59:14.731+0000] {processor.py:208} INFO - Processing /home/airflow/.local/lib/python3.12/site-packages/airflow/example_dags/tutorial_dag.py took 0.159 seconds
[2024-09-05T06:59:45.293+0000] {processor.py:186} INFO - Started process (PID=2399) to work on /home/airflow/.local/lib/python3.12/site-packages/airflow/example_dags/tutorial_dag.py
[2024-09-05T06:59:45.320+0000] {processor.py:914} INFO - Processing file /home/airflow/.local/lib/python3.12/site-packages/airflow/example_dags/tutorial_dag.py for tasks to queue
[2024-09-05T06:59:45.323+0000] {logging_mixin.py:190} INFO - [2024-09-05T06:59:45.323+0000] {dagbag.py:587} INFO - Filling up the DagBag from /home/airflow/.local/lib/python3.12/site-packages/airflow/example_dags/tutorial_dag.py
[2024-09-05T06:59:45.331+0000] {processor.py:925} INFO - DAG(s) 'tutorial_dag' retrieved from /home/airflow/.local/lib/python3.12/site-packages/airflow/example_dags/tutorial_dag.py
[2024-09-05T06:59:45.355+0000] {logging_mixin.py:190} INFO - [2024-09-05T06:59:45.355+0000] {dag.py:3211} INFO - Sync 1 DAGs
[2024-09-05T06:59:45.373+0000] {logging_mixin.py:190} INFO - [2024-09-05T06:59:45.373+0000] {dag.py:4138} INFO - Setting next_dagrun for tutorial_dag to None, run_after=None
[2024-09-05T06:59:45.399+0000] {processor.py:208} INFO - Processing /home/airflow/.local/lib/python3.12/site-packages/airflow/example_dags/tutorial_dag.py took 0.112 seconds
[2024-09-05T07:00:15.581+0000] {processor.py:186} INFO - Started process (PID=2685) to work on /home/airflow/.local/lib/python3.12/site-packages/airflow/example_dags/tutorial_dag.py
[2024-09-05T07:00:15.582+0000] {processor.py:914} INFO - Processing file /home/airflow/.local/lib/python3.12/site-packages/airflow/example_dags/tutorial_dag.py for tasks to queue
[2024-09-05T07:00:15.584+0000] {logging_mixin.py:190} INFO - [2024-09-05T07:00:15.584+0000] {dagbag.py:587} INFO - Filling up the DagBag from /home/airflow/.local/lib/python3.12/site-packages/airflow/example_dags/tutorial_dag.py
[2024-09-05T07:00:15.596+0000] {processor.py:925} INFO - DAG(s) 'tutorial_dag' retrieved from /home/airflow/.local/lib/python3.12/site-packages/airflow/example_dags/tutorial_dag.py
[2024-09-05T07:00:15.630+0000] {logging_mixin.py:190} INFO - [2024-09-05T07:00:15.629+0000] {dag.py:3211} INFO - Sync 1 DAGs
[2024-09-05T07:00:15.653+0000] {logging_mixin.py:190} INFO - [2024-09-05T07:00:15.653+0000] {dag.py:4138} INFO - Setting next_dagrun for tutorial_dag to None, run_after=None
[2024-09-05T07:00:15.687+0000] {processor.py:208} INFO - Processing /home/airflow/.local/lib/python3.12/site-packages/airflow/example_dags/tutorial_dag.py took 0.115 seconds
[2024-09-05T07:00:49.126+0000] {processor.py:186} INFO - Started process (PID=2938) to work on /home/airflow/.local/lib/python3.12/site-packages/airflow/example_dags/tutorial_dag.py
[2024-09-05T07:00:49.127+0000] {processor.py:914} INFO - Processing file /home/airflow/.local/lib/python3.12/site-packages/airflow/example_dags/tutorial_dag.py for tasks to queue
[2024-09-05T07:00:49.130+0000] {logging_mixin.py:190} INFO - [2024-09-05T07:00:49.129+0000] {dagbag.py:587} INFO - Filling up the DagBag from /home/airflow/.local/lib/python3.12/site-packages/airflow/example_dags/tutorial_dag.py
[2024-09-05T07:00:49.137+0000] {processor.py:925} INFO - DAG(s) 'tutorial_dag' retrieved from /home/airflow/.local/lib/python3.12/site-packages/airflow/example_dags/tutorial_dag.py
[2024-09-05T07:00:49.161+0000] {logging_mixin.py:190} INFO - [2024-09-05T07:00:49.160+0000] {dag.py:3211} INFO - Sync 1 DAGs
[2024-09-05T07:00:49.178+0000] {logging_mixin.py:190} INFO - [2024-09-05T07:00:49.178+0000] {dag.py:4138} INFO - Setting next_dagrun for tutorial_dag to None, run_after=None
[2024-09-05T07:00:49.202+0000] {processor.py:208} INFO - Processing /home/airflow/.local/lib/python3.12/site-packages/airflow/example_dags/tutorial_dag.py took 0.083 seconds
[2024-09-05T07:01:25.504+0000] {processor.py:186} INFO - Started process (PID=3226) to work on /home/airflow/.local/lib/python3.12/site-packages/airflow/example_dags/tutorial_dag.py
[2024-09-05T07:01:25.506+0000] {processor.py:914} INFO - Processing file /home/airflow/.local/lib/python3.12/site-packages/airflow/example_dags/tutorial_dag.py for tasks to queue
[2024-09-05T07:01:25.509+0000] {logging_mixin.py:190} INFO - [2024-09-05T07:01:25.508+0000] {dagbag.py:587} INFO - Filling up the DagBag from /home/airflow/.local/lib/python3.12/site-packages/airflow/example_dags/tutorial_dag.py
[2024-09-05T07:01:25.516+0000] {processor.py:925} INFO - DAG(s) 'tutorial_dag' retrieved from /home/airflow/.local/lib/python3.12/site-packages/airflow/example_dags/tutorial_dag.py
[2024-09-05T07:01:25.539+0000] {logging_mixin.py:190} INFO - [2024-09-05T07:01:25.539+0000] {dag.py:3211} INFO - Sync 1 DAGs
[2024-09-05T07:01:25.559+0000] {logging_mixin.py:190} INFO - [2024-09-05T07:01:25.559+0000] {dag.py:4138} INFO - Setting next_dagrun for tutorial_dag to None, run_after=None
[2024-09-05T07:01:25.581+0000] {processor.py:208} INFO - Processing /home/airflow/.local/lib/python3.12/site-packages/airflow/example_dags/tutorial_dag.py took 0.083 seconds
[2024-09-05T07:01:59.143+0000] {processor.py:186} INFO - Started process (PID=3513) to work on /home/airflow/.local/lib/python3.12/site-packages/airflow/example_dags/tutorial_dag.py
[2024-09-05T07:01:59.144+0000] {processor.py:914} INFO - Processing file /home/airflow/.local/lib/python3.12/site-packages/airflow/example_dags/tutorial_dag.py for tasks to queue
[2024-09-05T07:01:59.148+0000] {logging_mixin.py:190} INFO - [2024-09-05T07:01:59.147+0000] {dagbag.py:587} INFO - Filling up the DagBag from /home/airflow/.local/lib/python3.12/site-packages/airflow/example_dags/tutorial_dag.py
[2024-09-05T07:01:59.159+0000] {processor.py:925} INFO - DAG(s) 'tutorial_dag' retrieved from /home/airflow/.local/lib/python3.12/site-packages/airflow/example_dags/tutorial_dag.py
[2024-09-05T07:01:59.192+0000] {logging_mixin.py:190} INFO - [2024-09-05T07:01:59.192+0000] {dag.py:3211} INFO - Sync 1 DAGs
[2024-09-05T07:01:59.212+0000] {logging_mixin.py:190} INFO - [2024-09-05T07:01:59.212+0000] {dag.py:4138} INFO - Setting next_dagrun for tutorial_dag to None, run_after=None
[2024-09-05T07:01:59.239+0000] {processor.py:208} INFO - Processing /home/airflow/.local/lib/python3.12/site-packages/airflow/example_dags/tutorial_dag.py took 0.104 seconds
[2024-09-05T07:02:29.499+0000] {processor.py:186} INFO - Started process (PID=3797) to work on /home/airflow/.local/lib/python3.12/site-packages/airflow/example_dags/tutorial_dag.py
[2024-09-05T07:02:29.526+0000] {processor.py:914} INFO - Processing file /home/airflow/.local/lib/python3.12/site-packages/airflow/example_dags/tutorial_dag.py for tasks to queue
[2024-09-05T07:02:29.529+0000] {logging_mixin.py:190} INFO - [2024-09-05T07:02:29.528+0000] {dagbag.py:587} INFO - Filling up the DagBag from /home/airflow/.local/lib/python3.12/site-packages/airflow/example_dags/tutorial_dag.py
[2024-09-05T07:02:29.536+0000] {processor.py:925} INFO - DAG(s) 'tutorial_dag' retrieved from /home/airflow/.local/lib/python3.12/site-packages/airflow/example_dags/tutorial_dag.py
[2024-09-05T07:02:29.557+0000] {logging_mixin.py:190} INFO - [2024-09-05T07:02:29.556+0000] {dag.py:3211} INFO - Sync 1 DAGs
[2024-09-05T07:02:29.572+0000] {logging_mixin.py:190} INFO - [2024-09-05T07:02:29.572+0000] {dag.py:4138} INFO - Setting next_dagrun for tutorial_dag to None, run_after=None
[2024-09-05T07:02:29.594+0000] {processor.py:208} INFO - Processing /home/airflow/.local/lib/python3.12/site-packages/airflow/example_dags/tutorial_dag.py took 0.103 seconds
[2024-09-05T07:03:00.177+0000] {processor.py:186} INFO - Started process (PID=4083) to work on /home/airflow/.local/lib/python3.12/site-packages/airflow/example_dags/tutorial_dag.py
[2024-09-05T07:03:00.178+0000] {processor.py:914} INFO - Processing file /home/airflow/.local/lib/python3.12/site-packages/airflow/example_dags/tutorial_dag.py for tasks to queue
[2024-09-05T07:03:00.180+0000] {logging_mixin.py:190} INFO - [2024-09-05T07:03:00.180+0000] {dagbag.py:587} INFO - Filling up the DagBag from /home/airflow/.local/lib/python3.12/site-packages/airflow/example_dags/tutorial_dag.py
[2024-09-05T07:03:00.188+0000] {processor.py:925} INFO - DAG(s) 'tutorial_dag' retrieved from /home/airflow/.local/lib/python3.12/site-packages/airflow/example_dags/tutorial_dag.py
[2024-09-05T07:03:00.210+0000] {logging_mixin.py:190} INFO - [2024-09-05T07:03:00.209+0000] {dag.py:3211} INFO - Sync 1 DAGs
[2024-09-05T07:03:00.226+0000] {logging_mixin.py:190} INFO - [2024-09-05T07:03:00.226+0000] {dag.py:4138} INFO - Setting next_dagrun for tutorial_dag to None, run_after=None
[2024-09-05T07:03:00.247+0000] {processor.py:208} INFO - Processing /home/airflow/.local/lib/python3.12/site-packages/airflow/example_dags/tutorial_dag.py took 0.076 seconds
[2024-09-05T07:03:31.125+0000] {processor.py:186} INFO - Started process (PID=4371) to work on /home/airflow/.local/lib/python3.12/site-packages/airflow/example_dags/tutorial_dag.py
[2024-09-05T07:03:31.126+0000] {processor.py:914} INFO - Processing file /home/airflow/.local/lib/python3.12/site-packages/airflow/example_dags/tutorial_dag.py for tasks to queue
[2024-09-05T07:03:31.129+0000] {logging_mixin.py:190} INFO - [2024-09-05T07:03:31.128+0000] {dagbag.py:587} INFO - Filling up the DagBag from /home/airflow/.local/lib/python3.12/site-packages/airflow/example_dags/tutorial_dag.py
[2024-09-05T07:03:31.136+0000] {processor.py:925} INFO - DAG(s) 'tutorial_dag' retrieved from /home/airflow/.local/lib/python3.12/site-packages/airflow/example_dags/tutorial_dag.py
[2024-09-05T07:03:31.160+0000] {logging_mixin.py:190} INFO - [2024-09-05T07:03:31.159+0000] {dag.py:3211} INFO - Sync 1 DAGs
[2024-09-05T07:03:31.177+0000] {logging_mixin.py:190} INFO - [2024-09-05T07:03:31.177+0000] {dag.py:4138} INFO - Setting next_dagrun for tutorial_dag to None, run_after=None
[2024-09-05T07:03:31.201+0000] {processor.py:208} INFO - Processing /home/airflow/.local/lib/python3.12/site-packages/airflow/example_dags/tutorial_dag.py took 0.083 seconds
[2024-09-05T07:04:01.388+0000] {processor.py:186} INFO - Started process (PID=4655) to work on /home/airflow/.local/lib/python3.12/site-packages/airflow/example_dags/tutorial_dag.py
[2024-09-05T07:04:01.389+0000] {processor.py:914} INFO - Processing file /home/airflow/.local/lib/python3.12/site-packages/airflow/example_dags/tutorial_dag.py for tasks to queue
[2024-09-05T07:04:01.391+0000] {logging_mixin.py:190} INFO - [2024-09-05T07:04:01.391+0000] {dagbag.py:587} INFO - Filling up the DagBag from /home/airflow/.local/lib/python3.12/site-packages/airflow/example_dags/tutorial_dag.py
[2024-09-05T07:04:01.398+0000] {processor.py:925} INFO - DAG(s) 'tutorial_dag' retrieved from /home/airflow/.local/lib/python3.12/site-packages/airflow/example_dags/tutorial_dag.py
[2024-09-05T07:04:01.421+0000] {logging_mixin.py:190} INFO - [2024-09-05T07:04:01.420+0000] {dag.py:3211} INFO - Sync 1 DAGs
[2024-09-05T07:04:01.437+0000] {logging_mixin.py:190} INFO - [2024-09-05T07:04:01.436+0000] {dag.py:4138} INFO - Setting next_dagrun for tutorial_dag to None, run_after=None
[2024-09-05T07:04:01.459+0000] {processor.py:208} INFO - Processing /home/airflow/.local/lib/python3.12/site-packages/airflow/example_dags/tutorial_dag.py took 0.077 seconds
[2024-09-05T07:04:32.269+0000] {processor.py:186} INFO - Started process (PID=4941) to work on /home/airflow/.local/lib/python3.12/site-packages/airflow/example_dags/tutorial_dag.py
[2024-09-05T07:04:32.270+0000] {processor.py:914} INFO - Processing file /home/airflow/.local/lib/python3.12/site-packages/airflow/example_dags/tutorial_dag.py for tasks to queue
[2024-09-05T07:04:32.273+0000] {logging_mixin.py:190} INFO - [2024-09-05T07:04:32.272+0000] {dagbag.py:587} INFO - Filling up the DagBag from /home/airflow/.local/lib/python3.12/site-packages/airflow/example_dags/tutorial_dag.py
[2024-09-05T07:04:32.281+0000] {processor.py:925} INFO - DAG(s) 'tutorial_dag' retrieved from /home/airflow/.local/lib/python3.12/site-packages/airflow/example_dags/tutorial_dag.py
[2024-09-05T07:04:32.304+0000] {logging_mixin.py:190} INFO - [2024-09-05T07:04:32.304+0000] {dag.py:3211} INFO - Sync 1 DAGs
[2024-09-05T07:04:32.322+0000] {logging_mixin.py:190} INFO - [2024-09-05T07:04:32.321+0000] {dag.py:4138} INFO - Setting next_dagrun for tutorial_dag to None, run_after=None
[2024-09-05T07:04:32.347+0000] {processor.py:208} INFO - Processing /home/airflow/.local/lib/python3.12/site-packages/airflow/example_dags/tutorial_dag.py took 0.084 seconds
[2024-09-05T07:05:03.026+0000] {processor.py:186} INFO - Started process (PID=5227) to work on /home/airflow/.local/lib/python3.12/site-packages/airflow/example_dags/tutorial_dag.py
[2024-09-05T07:05:03.028+0000] {processor.py:914} INFO - Processing file /home/airflow/.local/lib/python3.12/site-packages/airflow/example_dags/tutorial_dag.py for tasks to queue
[2024-09-05T07:05:03.030+0000] {logging_mixin.py:190} INFO - [2024-09-05T07:05:03.030+0000] {dagbag.py:587} INFO - Filling up the DagBag from /home/airflow/.local/lib/python3.12/site-packages/airflow/example_dags/tutorial_dag.py
[2024-09-05T07:05:03.037+0000] {processor.py:925} INFO - DAG(s) 'tutorial_dag' retrieved from /home/airflow/.local/lib/python3.12/site-packages/airflow/example_dags/tutorial_dag.py
[2024-09-05T07:05:03.059+0000] {logging_mixin.py:190} INFO - [2024-09-05T07:05:03.059+0000] {dag.py:3211} INFO - Sync 1 DAGs
[2024-09-05T07:05:03.075+0000] {logging_mixin.py:190} INFO - [2024-09-05T07:05:03.075+0000] {dag.py:4138} INFO - Setting next_dagrun for tutorial_dag to None, run_after=None
[2024-09-05T07:05:03.097+0000] {processor.py:208} INFO - Processing /home/airflow/.local/lib/python3.12/site-packages/airflow/example_dags/tutorial_dag.py took 0.076 seconds
[2024-09-05T07:05:33.906+0000] {processor.py:186} INFO - Started process (PID=5521) to work on /home/airflow/.local/lib/python3.12/site-packages/airflow/example_dags/tutorial_dag.py
[2024-09-05T07:05:33.907+0000] {processor.py:914} INFO - Processing file /home/airflow/.local/lib/python3.12/site-packages/airflow/example_dags/tutorial_dag.py for tasks to queue
[2024-09-05T07:05:33.909+0000] {logging_mixin.py:190} INFO - [2024-09-05T07:05:33.909+0000] {dagbag.py:587} INFO - Filling up the DagBag from /home/airflow/.local/lib/python3.12/site-packages/airflow/example_dags/tutorial_dag.py
[2024-09-05T07:05:33.916+0000] {processor.py:925} INFO - DAG(s) 'tutorial_dag' retrieved from /home/airflow/.local/lib/python3.12/site-packages/airflow/example_dags/tutorial_dag.py
[2024-09-05T07:05:33.938+0000] {logging_mixin.py:190} INFO - [2024-09-05T07:05:33.938+0000] {dag.py:3211} INFO - Sync 1 DAGs
[2024-09-05T07:05:33.953+0000] {logging_mixin.py:190} INFO - [2024-09-05T07:05:33.953+0000] {dag.py:4138} INFO - Setting next_dagrun for tutorial_dag to None, run_after=None
[2024-09-05T07:05:33.977+0000] {processor.py:208} INFO - Processing /home/airflow/.local/lib/python3.12/site-packages/airflow/example_dags/tutorial_dag.py took 0.077 seconds
[2024-09-05T07:06:04.696+0000] {processor.py:186} INFO - Started process (PID=5819) to work on /home/airflow/.local/lib/python3.12/site-packages/airflow/example_dags/tutorial_dag.py
[2024-09-05T07:06:04.698+0000] {processor.py:914} INFO - Processing file /home/airflow/.local/lib/python3.12/site-packages/airflow/example_dags/tutorial_dag.py for tasks to queue
[2024-09-05T07:06:04.700+0000] {logging_mixin.py:190} INFO - [2024-09-05T07:06:04.700+0000] {dagbag.py:587} INFO - Filling up the DagBag from /home/airflow/.local/lib/python3.12/site-packages/airflow/example_dags/tutorial_dag.py
[2024-09-05T07:06:04.708+0000] {processor.py:925} INFO - DAG(s) 'tutorial_dag' retrieved from /home/airflow/.local/lib/python3.12/site-packages/airflow/example_dags/tutorial_dag.py
[2024-09-05T07:06:04.727+0000] {logging_mixin.py:190} INFO - [2024-09-05T07:06:04.727+0000] {dag.py:3211} INFO - Sync 1 DAGs
[2024-09-05T07:06:04.742+0000] {logging_mixin.py:190} INFO - [2024-09-05T07:06:04.742+0000] {dag.py:4138} INFO - Setting next_dagrun for tutorial_dag to None, run_after=None
[2024-09-05T07:06:04.762+0000] {processor.py:208} INFO - Processing /home/airflow/.local/lib/python3.12/site-packages/airflow/example_dags/tutorial_dag.py took 0.072 seconds
[2024-09-05T07:06:35.433+0000] {processor.py:186} INFO - Started process (PID=6105) to work on /home/airflow/.local/lib/python3.12/site-packages/airflow/example_dags/tutorial_dag.py
[2024-09-05T07:06:35.434+0000] {processor.py:914} INFO - Processing file /home/airflow/.local/lib/python3.12/site-packages/airflow/example_dags/tutorial_dag.py for tasks to queue
[2024-09-05T07:06:35.437+0000] {logging_mixin.py:190} INFO - [2024-09-05T07:06:35.436+0000] {dagbag.py:587} INFO - Filling up the DagBag from /home/airflow/.local/lib/python3.12/site-packages/airflow/example_dags/tutorial_dag.py
[2024-09-05T07:06:35.444+0000] {processor.py:925} INFO - DAG(s) 'tutorial_dag' retrieved from /home/airflow/.local/lib/python3.12/site-packages/airflow/example_dags/tutorial_dag.py
[2024-09-05T07:06:35.464+0000] {logging_mixin.py:190} INFO - [2024-09-05T07:06:35.464+0000] {dag.py:3211} INFO - Sync 1 DAGs
[2024-09-05T07:06:35.479+0000] {logging_mixin.py:190} INFO - [2024-09-05T07:06:35.479+0000] {dag.py:4138} INFO - Setting next_dagrun for tutorial_dag to None, run_after=None
[2024-09-05T07:06:35.499+0000] {processor.py:208} INFO - Processing /home/airflow/.local/lib/python3.12/site-packages/airflow/example_dags/tutorial_dag.py took 0.071 seconds
[2024-09-05T07:07:06.009+0000] {processor.py:186} INFO - Started process (PID=6391) to work on /home/airflow/.local/lib/python3.12/site-packages/airflow/example_dags/tutorial_dag.py
[2024-09-05T07:07:06.011+0000] {processor.py:914} INFO - Processing file /home/airflow/.local/lib/python3.12/site-packages/airflow/example_dags/tutorial_dag.py for tasks to queue
[2024-09-05T07:07:06.013+0000] {logging_mixin.py:190} INFO - [2024-09-05T07:07:06.013+0000] {dagbag.py:587} INFO - Filling up the DagBag from /home/airflow/.local/lib/python3.12/site-packages/airflow/example_dags/tutorial_dag.py
[2024-09-05T07:07:06.021+0000] {processor.py:925} INFO - DAG(s) 'tutorial_dag' retrieved from /home/airflow/.local/lib/python3.12/site-packages/airflow/example_dags/tutorial_dag.py
[2024-09-05T07:07:06.042+0000] {logging_mixin.py:190} INFO - [2024-09-05T07:07:06.041+0000] {dag.py:3211} INFO - Sync 1 DAGs
[2024-09-05T07:07:06.056+0000] {logging_mixin.py:190} INFO - [2024-09-05T07:07:06.056+0000] {dag.py:4138} INFO - Setting next_dagrun for tutorial_dag to None, run_after=None
[2024-09-05T07:07:06.078+0000] {processor.py:208} INFO - Processing /home/airflow/.local/lib/python3.12/site-packages/airflow/example_dags/tutorial_dag.py took 0.075 seconds
[2024-09-05T07:07:37.284+0000] {processor.py:186} INFO - Started process (PID=6677) to work on /home/airflow/.local/lib/python3.12/site-packages/airflow/example_dags/tutorial_dag.py
[2024-09-05T07:07:37.286+0000] {processor.py:914} INFO - Processing file /home/airflow/.local/lib/python3.12/site-packages/airflow/example_dags/tutorial_dag.py for tasks to queue
[2024-09-05T07:07:37.291+0000] {logging_mixin.py:190} INFO - [2024-09-05T07:07:37.290+0000] {dagbag.py:587} INFO - Filling up the DagBag from /home/airflow/.local/lib/python3.12/site-packages/airflow/example_dags/tutorial_dag.py
[2024-09-05T07:07:37.300+0000] {processor.py:925} INFO - DAG(s) 'tutorial_dag' retrieved from /home/airflow/.local/lib/python3.12/site-packages/airflow/example_dags/tutorial_dag.py
[2024-09-05T07:07:37.327+0000] {logging_mixin.py:190} INFO - [2024-09-05T07:07:37.327+0000] {dag.py:3211} INFO - Sync 1 DAGs
[2024-09-05T07:07:37.348+0000] {logging_mixin.py:190} INFO - [2024-09-05T07:07:37.348+0000] {dag.py:4138} INFO - Setting next_dagrun for tutorial_dag to None, run_after=None
[2024-09-05T07:07:37.381+0000] {processor.py:208} INFO - Processing /home/airflow/.local/lib/python3.12/site-packages/airflow/example_dags/tutorial_dag.py took 0.104 seconds
[2024-09-05T07:08:08.279+0000] {processor.py:186} INFO - Started process (PID=6963) to work on /home/airflow/.local/lib/python3.12/site-packages/airflow/example_dags/tutorial_dag.py
[2024-09-05T07:08:08.281+0000] {processor.py:914} INFO - Processing file /home/airflow/.local/lib/python3.12/site-packages/airflow/example_dags/tutorial_dag.py for tasks to queue
[2024-09-05T07:08:08.284+0000] {logging_mixin.py:190} INFO - [2024-09-05T07:08:08.283+0000] {dagbag.py:587} INFO - Filling up the DagBag from /home/airflow/.local/lib/python3.12/site-packages/airflow/example_dags/tutorial_dag.py
[2024-09-05T07:08:08.292+0000] {processor.py:925} INFO - DAG(s) 'tutorial_dag' retrieved from /home/airflow/.local/lib/python3.12/site-packages/airflow/example_dags/tutorial_dag.py
[2024-09-05T07:08:08.314+0000] {logging_mixin.py:190} INFO - [2024-09-05T07:08:08.314+0000] {dag.py:3211} INFO - Sync 1 DAGs
[2024-09-05T07:08:08.329+0000] {logging_mixin.py:190} INFO - [2024-09-05T07:08:08.329+0000] {dag.py:4138} INFO - Setting next_dagrun for tutorial_dag to None, run_after=None
[2024-09-05T07:08:08.348+0000] {processor.py:208} INFO - Processing /home/airflow/.local/lib/python3.12/site-packages/airflow/example_dags/tutorial_dag.py took 0.075 seconds
[2024-09-05T07:08:38.422+0000] {processor.py:186} INFO - Started process (PID=7249) to work on /home/airflow/.local/lib/python3.12/site-packages/airflow/example_dags/tutorial_dag.py
[2024-09-05T07:08:38.423+0000] {processor.py:914} INFO - Processing file /home/airflow/.local/lib/python3.12/site-packages/airflow/example_dags/tutorial_dag.py for tasks to queue
[2024-09-05T07:08:38.425+0000] {logging_mixin.py:190} INFO - [2024-09-05T07:08:38.425+0000] {dagbag.py:587} INFO - Filling up the DagBag from /home/airflow/.local/lib/python3.12/site-packages/airflow/example_dags/tutorial_dag.py
[2024-09-05T07:08:38.434+0000] {processor.py:925} INFO - DAG(s) 'tutorial_dag' retrieved from /home/airflow/.local/lib/python3.12/site-packages/airflow/example_dags/tutorial_dag.py
[2024-09-05T07:08:38.456+0000] {logging_mixin.py:190} INFO - [2024-09-05T07:08:38.456+0000] {dag.py:3211} INFO - Sync 1 DAGs
[2024-09-05T07:08:38.470+0000] {logging_mixin.py:190} INFO - [2024-09-05T07:08:38.470+0000] {dag.py:4138} INFO - Setting next_dagrun for tutorial_dag to None, run_after=None
[2024-09-05T07:08:38.492+0000] {processor.py:208} INFO - Processing /home/airflow/.local/lib/python3.12/site-packages/airflow/example_dags/tutorial_dag.py took 0.076 seconds
[2024-09-05T07:09:08.694+0000] {processor.py:186} INFO - Started process (PID=7537) to work on /home/airflow/.local/lib/python3.12/site-packages/airflow/example_dags/tutorial_dag.py
[2024-09-05T07:09:08.697+0000] {processor.py:914} INFO - Processing file /home/airflow/.local/lib/python3.12/site-packages/airflow/example_dags/tutorial_dag.py for tasks to queue
[2024-09-05T07:09:08.705+0000] {logging_mixin.py:190} INFO - [2024-09-05T07:09:08.704+0000] {dagbag.py:587} INFO - Filling up the DagBag from /home/airflow/.local/lib/python3.12/site-packages/airflow/example_dags/tutorial_dag.py
[2024-09-05T07:09:08.718+0000] {processor.py:925} INFO - DAG(s) 'tutorial_dag' retrieved from /home/airflow/.local/lib/python3.12/site-packages/airflow/example_dags/tutorial_dag.py
[2024-09-05T07:09:08.745+0000] {logging_mixin.py:190} INFO - [2024-09-05T07:09:08.745+0000] {dag.py:3211} INFO - Sync 1 DAGs
[2024-09-05T07:09:08.762+0000] {logging_mixin.py:190} INFO - [2024-09-05T07:09:08.762+0000] {dag.py:4138} INFO - Setting next_dagrun for tutorial_dag to None, run_after=None
[2024-09-05T07:09:08.788+0000] {processor.py:208} INFO - Processing /home/airflow/.local/lib/python3.12/site-packages/airflow/example_dags/tutorial_dag.py took 0.108 seconds
[2024-09-05T07:09:38.848+0000] {processor.py:186} INFO - Started process (PID=7821) to work on /home/airflow/.local/lib/python3.12/site-packages/airflow/example_dags/tutorial_dag.py
[2024-09-05T07:09:38.849+0000] {processor.py:914} INFO - Processing file /home/airflow/.local/lib/python3.12/site-packages/airflow/example_dags/tutorial_dag.py for tasks to queue
[2024-09-05T07:09:38.851+0000] {logging_mixin.py:190} INFO - [2024-09-05T07:09:38.851+0000] {dagbag.py:587} INFO - Filling up the DagBag from /home/airflow/.local/lib/python3.12/site-packages/airflow/example_dags/tutorial_dag.py
[2024-09-05T07:09:38.858+0000] {processor.py:925} INFO - DAG(s) 'tutorial_dag' retrieved from /home/airflow/.local/lib/python3.12/site-packages/airflow/example_dags/tutorial_dag.py
[2024-09-05T07:09:38.878+0000] {logging_mixin.py:190} INFO - [2024-09-05T07:09:38.877+0000] {dag.py:3211} INFO - Sync 1 DAGs
[2024-09-05T07:09:38.893+0000] {logging_mixin.py:190} INFO - [2024-09-05T07:09:38.893+0000] {dag.py:4138} INFO - Setting next_dagrun for tutorial_dag to None, run_after=None
[2024-09-05T07:09:38.913+0000] {processor.py:208} INFO - Processing /home/airflow/.local/lib/python3.12/site-packages/airflow/example_dags/tutorial_dag.py took 0.071 seconds
[2024-09-05T07:10:09.119+0000] {processor.py:186} INFO - Started process (PID=8107) to work on /home/airflow/.local/lib/python3.12/site-packages/airflow/example_dags/tutorial_dag.py
[2024-09-05T07:10:09.120+0000] {processor.py:914} INFO - Processing file /home/airflow/.local/lib/python3.12/site-packages/airflow/example_dags/tutorial_dag.py for tasks to queue
[2024-09-05T07:10:09.122+0000] {logging_mixin.py:190} INFO - [2024-09-05T07:10:09.122+0000] {dagbag.py:587} INFO - Filling up the DagBag from /home/airflow/.local/lib/python3.12/site-packages/airflow/example_dags/tutorial_dag.py
[2024-09-05T07:10:09.131+0000] {processor.py:925} INFO - DAG(s) 'tutorial_dag' retrieved from /home/airflow/.local/lib/python3.12/site-packages/airflow/example_dags/tutorial_dag.py
[2024-09-05T07:10:09.152+0000] {logging_mixin.py:190} INFO - [2024-09-05T07:10:09.152+0000] {dag.py:3211} INFO - Sync 1 DAGs
[2024-09-05T07:10:09.170+0000] {logging_mixin.py:190} INFO - [2024-09-05T07:10:09.170+0000] {dag.py:4138} INFO - Setting next_dagrun for tutorial_dag to None, run_after=None
[2024-09-05T07:10:09.191+0000] {processor.py:208} INFO - Processing /home/airflow/.local/lib/python3.12/site-packages/airflow/example_dags/tutorial_dag.py took 0.078 seconds
[2024-09-05T07:10:40.137+0000] {processor.py:186} INFO - Started process (PID=8393) to work on /home/airflow/.local/lib/python3.12/site-packages/airflow/example_dags/tutorial_dag.py
[2024-09-05T07:10:40.138+0000] {processor.py:914} INFO - Processing file /home/airflow/.local/lib/python3.12/site-packages/airflow/example_dags/tutorial_dag.py for tasks to queue
[2024-09-05T07:10:40.141+0000] {logging_mixin.py:190} INFO - [2024-09-05T07:10:40.140+0000] {dagbag.py:587} INFO - Filling up the DagBag from /home/airflow/.local/lib/python3.12/site-packages/airflow/example_dags/tutorial_dag.py
[2024-09-05T07:10:40.148+0000] {processor.py:925} INFO - DAG(s) 'tutorial_dag' retrieved from /home/airflow/.local/lib/python3.12/site-packages/airflow/example_dags/tutorial_dag.py
[2024-09-05T07:10:40.168+0000] {logging_mixin.py:190} INFO - [2024-09-05T07:10:40.168+0000] {dag.py:3211} INFO - Sync 1 DAGs
[2024-09-05T07:10:40.184+0000] {logging_mixin.py:190} INFO - [2024-09-05T07:10:40.184+0000] {dag.py:4138} INFO - Setting next_dagrun for tutorial_dag to None, run_after=None
[2024-09-05T07:10:40.205+0000] {processor.py:208} INFO - Processing /home/airflow/.local/lib/python3.12/site-packages/airflow/example_dags/tutorial_dag.py took 0.073 seconds
[2024-09-05T07:11:11.007+0000] {processor.py:186} INFO - Started process (PID=8679) to work on /home/airflow/.local/lib/python3.12/site-packages/airflow/example_dags/tutorial_dag.py
[2024-09-05T07:11:11.008+0000] {processor.py:914} INFO - Processing file /home/airflow/.local/lib/python3.12/site-packages/airflow/example_dags/tutorial_dag.py for tasks to queue
[2024-09-05T07:11:11.011+0000] {logging_mixin.py:190} INFO - [2024-09-05T07:11:11.011+0000] {dagbag.py:587} INFO - Filling up the DagBag from /home/airflow/.local/lib/python3.12/site-packages/airflow/example_dags/tutorial_dag.py
[2024-09-05T07:11:11.018+0000] {processor.py:925} INFO - DAG(s) 'tutorial_dag' retrieved from /home/airflow/.local/lib/python3.12/site-packages/airflow/example_dags/tutorial_dag.py
[2024-09-05T07:11:11.042+0000] {logging_mixin.py:190} INFO - [2024-09-05T07:11:11.042+0000] {dag.py:3211} INFO - Sync 1 DAGs
[2024-09-05T07:11:11.058+0000] {logging_mixin.py:190} INFO - [2024-09-05T07:11:11.058+0000] {dag.py:4138} INFO - Setting next_dagrun for tutorial_dag to None, run_after=None
[2024-09-05T07:11:11.081+0000] {processor.py:208} INFO - Processing /home/airflow/.local/lib/python3.12/site-packages/airflow/example_dags/tutorial_dag.py took 0.079 seconds
[2024-09-05T07:11:41.324+0000] {processor.py:186} INFO - Started process (PID=8965) to work on /home/airflow/.local/lib/python3.12/site-packages/airflow/example_dags/tutorial_dag.py
[2024-09-05T07:11:41.325+0000] {processor.py:914} INFO - Processing file /home/airflow/.local/lib/python3.12/site-packages/airflow/example_dags/tutorial_dag.py for tasks to queue
[2024-09-05T07:11:41.328+0000] {logging_mixin.py:190} INFO - [2024-09-05T07:11:41.328+0000] {dagbag.py:587} INFO - Filling up the DagBag from /home/airflow/.local/lib/python3.12/site-packages/airflow/example_dags/tutorial_dag.py
[2024-09-05T07:11:41.337+0000] {processor.py:925} INFO - DAG(s) 'tutorial_dag' retrieved from /home/airflow/.local/lib/python3.12/site-packages/airflow/example_dags/tutorial_dag.py
[2024-09-05T07:11:41.358+0000] {logging_mixin.py:190} INFO - [2024-09-05T07:11:41.358+0000] {dag.py:3211} INFO - Sync 1 DAGs
[2024-09-05T07:11:41.372+0000] {logging_mixin.py:190} INFO - [2024-09-05T07:11:41.372+0000] {dag.py:4138} INFO - Setting next_dagrun for tutorial_dag to None, run_after=None
[2024-09-05T07:11:41.391+0000] {processor.py:208} INFO - Processing /home/airflow/.local/lib/python3.12/site-packages/airflow/example_dags/tutorial_dag.py took 0.074 seconds
[2024-09-05T07:12:12.258+0000] {processor.py:186} INFO - Started process (PID=9251) to work on /home/airflow/.local/lib/python3.12/site-packages/airflow/example_dags/tutorial_dag.py
[2024-09-05T07:12:12.259+0000] {processor.py:914} INFO - Processing file /home/airflow/.local/lib/python3.12/site-packages/airflow/example_dags/tutorial_dag.py for tasks to queue
[2024-09-05T07:12:12.262+0000] {logging_mixin.py:190} INFO - [2024-09-05T07:12:12.262+0000] {dagbag.py:587} INFO - Filling up the DagBag from /home/airflow/.local/lib/python3.12/site-packages/airflow/example_dags/tutorial_dag.py
[2024-09-05T07:12:12.270+0000] {processor.py:925} INFO - DAG(s) 'tutorial_dag' retrieved from /home/airflow/.local/lib/python3.12/site-packages/airflow/example_dags/tutorial_dag.py
[2024-09-05T07:12:12.291+0000] {logging_mixin.py:190} INFO - [2024-09-05T07:12:12.290+0000] {dag.py:3211} INFO - Sync 1 DAGs
[2024-09-05T07:12:12.311+0000] {logging_mixin.py:190} INFO - [2024-09-05T07:12:12.311+0000] {dag.py:4138} INFO - Setting next_dagrun for tutorial_dag to None, run_after=None
[2024-09-05T07:12:12.332+0000] {processor.py:208} INFO - Processing /home/airflow/.local/lib/python3.12/site-packages/airflow/example_dags/tutorial_dag.py took 0.081 seconds
[2024-09-05T07:12:42.825+0000] {processor.py:186} INFO - Started process (PID=9537) to work on /home/airflow/.local/lib/python3.12/site-packages/airflow/example_dags/tutorial_dag.py
[2024-09-05T07:12:42.826+0000] {processor.py:914} INFO - Processing file /home/airflow/.local/lib/python3.12/site-packages/airflow/example_dags/tutorial_dag.py for tasks to queue
[2024-09-05T07:12:42.828+0000] {logging_mixin.py:190} INFO - [2024-09-05T07:12:42.828+0000] {dagbag.py:587} INFO - Filling up the DagBag from /home/airflow/.local/lib/python3.12/site-packages/airflow/example_dags/tutorial_dag.py
[2024-09-05T07:12:42.836+0000] {processor.py:925} INFO - DAG(s) 'tutorial_dag' retrieved from /home/airflow/.local/lib/python3.12/site-packages/airflow/example_dags/tutorial_dag.py
[2024-09-05T07:12:42.858+0000] {logging_mixin.py:190} INFO - [2024-09-05T07:12:42.857+0000] {dag.py:3211} INFO - Sync 1 DAGs
[2024-09-05T07:12:42.873+0000] {logging_mixin.py:190} INFO - [2024-09-05T07:12:42.873+0000] {dag.py:4138} INFO - Setting next_dagrun for tutorial_dag to None, run_after=None
[2024-09-05T07:12:42.897+0000] {processor.py:208} INFO - Processing /home/airflow/.local/lib/python3.12/site-packages/airflow/example_dags/tutorial_dag.py took 0.079 seconds
[2024-09-05T07:13:13.310+0000] {processor.py:186} INFO - Started process (PID=9823) to work on /home/airflow/.local/lib/python3.12/site-packages/airflow/example_dags/tutorial_dag.py
[2024-09-05T07:13:13.311+0000] {processor.py:914} INFO - Processing file /home/airflow/.local/lib/python3.12/site-packages/airflow/example_dags/tutorial_dag.py for tasks to queue
[2024-09-05T07:13:13.313+0000] {logging_mixin.py:190} INFO - [2024-09-05T07:13:13.313+0000] {dagbag.py:587} INFO - Filling up the DagBag from /home/airflow/.local/lib/python3.12/site-packages/airflow/example_dags/tutorial_dag.py
[2024-09-05T07:13:13.323+0000] {processor.py:925} INFO - DAG(s) 'tutorial_dag' retrieved from /home/airflow/.local/lib/python3.12/site-packages/airflow/example_dags/tutorial_dag.py
[2024-09-05T07:13:13.346+0000] {logging_mixin.py:190} INFO - [2024-09-05T07:13:13.346+0000] {dag.py:3211} INFO - Sync 1 DAGs
[2024-09-05T07:13:13.367+0000] {logging_mixin.py:190} INFO - [2024-09-05T07:13:13.367+0000] {dag.py:4138} INFO - Setting next_dagrun for tutorial_dag to None, run_after=None
[2024-09-05T07:13:13.401+0000] {processor.py:208} INFO - Processing /home/airflow/.local/lib/python3.12/site-packages/airflow/example_dags/tutorial_dag.py took 0.098 seconds
[2024-09-05T07:13:44.411+0000] {processor.py:186} INFO - Started process (PID=10111) to work on /home/airflow/.local/lib/python3.12/site-packages/airflow/example_dags/tutorial_dag.py
[2024-09-05T07:13:44.412+0000] {processor.py:914} INFO - Processing file /home/airflow/.local/lib/python3.12/site-packages/airflow/example_dags/tutorial_dag.py for tasks to queue
[2024-09-05T07:13:44.415+0000] {logging_mixin.py:190} INFO - [2024-09-05T07:13:44.414+0000] {dagbag.py:587} INFO - Filling up the DagBag from /home/airflow/.local/lib/python3.12/site-packages/airflow/example_dags/tutorial_dag.py
[2024-09-05T07:13:44.423+0000] {processor.py:925} INFO - DAG(s) 'tutorial_dag' retrieved from /home/airflow/.local/lib/python3.12/site-packages/airflow/example_dags/tutorial_dag.py
[2024-09-05T07:13:44.442+0000] {logging_mixin.py:190} INFO - [2024-09-05T07:13:44.442+0000] {dag.py:3211} INFO - Sync 1 DAGs
[2024-09-05T07:13:44.456+0000] {logging_mixin.py:190} INFO - [2024-09-05T07:13:44.456+0000] {dag.py:4138} INFO - Setting next_dagrun for tutorial_dag to None, run_after=None
[2024-09-05T07:13:44.476+0000] {processor.py:208} INFO - Processing /home/airflow/.local/lib/python3.12/site-packages/airflow/example_dags/tutorial_dag.py took 0.072 seconds
[2024-09-05T07:14:14.510+0000] {processor.py:186} INFO - Started process (PID=10395) to work on /home/airflow/.local/lib/python3.12/site-packages/airflow/example_dags/tutorial_dag.py
[2024-09-05T07:14:14.511+0000] {processor.py:914} INFO - Processing file /home/airflow/.local/lib/python3.12/site-packages/airflow/example_dags/tutorial_dag.py for tasks to queue
[2024-09-05T07:14:14.513+0000] {logging_mixin.py:190} INFO - [2024-09-05T07:14:14.513+0000] {dagbag.py:587} INFO - Filling up the DagBag from /home/airflow/.local/lib/python3.12/site-packages/airflow/example_dags/tutorial_dag.py
[2024-09-05T07:14:14.520+0000] {processor.py:925} INFO - DAG(s) 'tutorial_dag' retrieved from /home/airflow/.local/lib/python3.12/site-packages/airflow/example_dags/tutorial_dag.py
[2024-09-05T07:14:14.541+0000] {logging_mixin.py:190} INFO - [2024-09-05T07:14:14.540+0000] {dag.py:3211} INFO - Sync 1 DAGs
[2024-09-05T07:14:14.556+0000] {logging_mixin.py:190} INFO - [2024-09-05T07:14:14.556+0000] {dag.py:4138} INFO - Setting next_dagrun for tutorial_dag to None, run_after=None
[2024-09-05T07:14:14.578+0000] {processor.py:208} INFO - Processing /home/airflow/.local/lib/python3.12/site-packages/airflow/example_dags/tutorial_dag.py took 0.074 seconds
[2024-09-05T07:14:45.012+0000] {processor.py:186} INFO - Started process (PID=10681) to work on /home/airflow/.local/lib/python3.12/site-packages/airflow/example_dags/tutorial_dag.py
[2024-09-05T07:14:45.014+0000] {processor.py:914} INFO - Processing file /home/airflow/.local/lib/python3.12/site-packages/airflow/example_dags/tutorial_dag.py for tasks to queue
[2024-09-05T07:14:45.016+0000] {logging_mixin.py:190} INFO - [2024-09-05T07:14:45.016+0000] {dagbag.py:587} INFO - Filling up the DagBag from /home/airflow/.local/lib/python3.12/site-packages/airflow/example_dags/tutorial_dag.py
[2024-09-05T07:14:45.025+0000] {processor.py:925} INFO - DAG(s) 'tutorial_dag' retrieved from /home/airflow/.local/lib/python3.12/site-packages/airflow/example_dags/tutorial_dag.py
[2024-09-05T07:14:45.050+0000] {logging_mixin.py:190} INFO - [2024-09-05T07:14:45.050+0000] {dag.py:3211} INFO - Sync 1 DAGs
[2024-09-05T07:14:45.067+0000] {logging_mixin.py:190} INFO - [2024-09-05T07:14:45.067+0000] {dag.py:4138} INFO - Setting next_dagrun for tutorial_dag to None, run_after=None
[2024-09-05T07:14:45.092+0000] {processor.py:208} INFO - Processing /home/airflow/.local/lib/python3.12/site-packages/airflow/example_dags/tutorial_dag.py took 0.086 seconds
[2024-09-05T07:15:15.324+0000] {processor.py:186} INFO - Started process (PID=10968) to work on /home/airflow/.local/lib/python3.12/site-packages/airflow/example_dags/tutorial_dag.py
[2024-09-05T07:15:15.326+0000] {processor.py:914} INFO - Processing file /home/airflow/.local/lib/python3.12/site-packages/airflow/example_dags/tutorial_dag.py for tasks to queue
[2024-09-05T07:15:15.329+0000] {logging_mixin.py:190} INFO - [2024-09-05T07:15:15.329+0000] {dagbag.py:587} INFO - Filling up the DagBag from /home/airflow/.local/lib/python3.12/site-packages/airflow/example_dags/tutorial_dag.py
[2024-09-05T07:15:15.339+0000] {processor.py:925} INFO - DAG(s) 'tutorial_dag' retrieved from /home/airflow/.local/lib/python3.12/site-packages/airflow/example_dags/tutorial_dag.py
[2024-09-05T07:15:15.381+0000] {logging_mixin.py:190} INFO - [2024-09-05T07:15:15.380+0000] {dag.py:3211} INFO - Sync 1 DAGs
[2024-09-05T07:15:15.400+0000] {logging_mixin.py:190} INFO - [2024-09-05T07:15:15.399+0000] {dag.py:4138} INFO - Setting next_dagrun for tutorial_dag to None, run_after=None
[2024-09-05T07:15:15.423+0000] {processor.py:208} INFO - Processing /home/airflow/.local/lib/python3.12/site-packages/airflow/example_dags/tutorial_dag.py took 0.106 seconds
[2024-09-05T07:15:45.690+0000] {processor.py:186} INFO - Started process (PID=11254) to work on /home/airflow/.local/lib/python3.12/site-packages/airflow/example_dags/tutorial_dag.py
[2024-09-05T07:15:45.691+0000] {processor.py:914} INFO - Processing file /home/airflow/.local/lib/python3.12/site-packages/airflow/example_dags/tutorial_dag.py for tasks to queue
[2024-09-05T07:15:45.693+0000] {logging_mixin.py:190} INFO - [2024-09-05T07:15:45.693+0000] {dagbag.py:587} INFO - Filling up the DagBag from /home/airflow/.local/lib/python3.12/site-packages/airflow/example_dags/tutorial_dag.py
[2024-09-05T07:15:45.700+0000] {processor.py:925} INFO - DAG(s) 'tutorial_dag' retrieved from /home/airflow/.local/lib/python3.12/site-packages/airflow/example_dags/tutorial_dag.py
[2024-09-05T07:15:45.722+0000] {logging_mixin.py:190} INFO - [2024-09-05T07:15:45.721+0000] {dag.py:3211} INFO - Sync 1 DAGs
[2024-09-05T07:15:45.737+0000] {logging_mixin.py:190} INFO - [2024-09-05T07:15:45.737+0000] {dag.py:4138} INFO - Setting next_dagrun for tutorial_dag to None, run_after=None
[2024-09-05T07:15:45.761+0000] {processor.py:208} INFO - Processing /home/airflow/.local/lib/python3.12/site-packages/airflow/example_dags/tutorial_dag.py took 0.077 seconds
[2024-09-05T07:16:15.894+0000] {processor.py:186} INFO - Started process (PID=11540) to work on /home/airflow/.local/lib/python3.12/site-packages/airflow/example_dags/tutorial_dag.py
[2024-09-05T07:16:15.895+0000] {processor.py:914} INFO - Processing file /home/airflow/.local/lib/python3.12/site-packages/airflow/example_dags/tutorial_dag.py for tasks to queue
[2024-09-05T07:16:15.897+0000] {logging_mixin.py:190} INFO - [2024-09-05T07:16:15.897+0000] {dagbag.py:587} INFO - Filling up the DagBag from /home/airflow/.local/lib/python3.12/site-packages/airflow/example_dags/tutorial_dag.py
[2024-09-05T07:16:15.905+0000] {processor.py:925} INFO - DAG(s) 'tutorial_dag' retrieved from /home/airflow/.local/lib/python3.12/site-packages/airflow/example_dags/tutorial_dag.py
[2024-09-05T07:16:15.927+0000] {logging_mixin.py:190} INFO - [2024-09-05T07:16:15.927+0000] {dag.py:3211} INFO - Sync 1 DAGs
[2024-09-05T07:16:15.944+0000] {logging_mixin.py:190} INFO - [2024-09-05T07:16:15.943+0000] {dag.py:4138} INFO - Setting next_dagrun for tutorial_dag to None, run_after=None
[2024-09-05T07:16:15.965+0000] {processor.py:208} INFO - Processing /home/airflow/.local/lib/python3.12/site-packages/airflow/example_dags/tutorial_dag.py took 0.077 seconds
[2024-09-05T07:16:46.762+0000] {processor.py:186} INFO - Started process (PID=11826) to work on /home/airflow/.local/lib/python3.12/site-packages/airflow/example_dags/tutorial_dag.py
[2024-09-05T07:16:46.763+0000] {processor.py:914} INFO - Processing file /home/airflow/.local/lib/python3.12/site-packages/airflow/example_dags/tutorial_dag.py for tasks to queue
[2024-09-05T07:16:46.766+0000] {logging_mixin.py:190} INFO - [2024-09-05T07:16:46.765+0000] {dagbag.py:587} INFO - Filling up the DagBag from /home/airflow/.local/lib/python3.12/site-packages/airflow/example_dags/tutorial_dag.py
[2024-09-05T07:16:46.773+0000] {processor.py:925} INFO - DAG(s) 'tutorial_dag' retrieved from /home/airflow/.local/lib/python3.12/site-packages/airflow/example_dags/tutorial_dag.py
[2024-09-05T07:16:46.794+0000] {logging_mixin.py:190} INFO - [2024-09-05T07:16:46.793+0000] {dag.py:3211} INFO - Sync 1 DAGs
[2024-09-05T07:16:46.809+0000] {logging_mixin.py:190} INFO - [2024-09-05T07:16:46.809+0000] {dag.py:4138} INFO - Setting next_dagrun for tutorial_dag to None, run_after=None
[2024-09-05T07:16:46.832+0000] {processor.py:208} INFO - Processing /home/airflow/.local/lib/python3.12/site-packages/airflow/example_dags/tutorial_dag.py took 0.075 seconds
[2024-09-05T07:17:17.105+0000] {processor.py:186} INFO - Started process (PID=12114) to work on /home/airflow/.local/lib/python3.12/site-packages/airflow/example_dags/tutorial_dag.py
[2024-09-05T07:17:17.106+0000] {processor.py:914} INFO - Processing file /home/airflow/.local/lib/python3.12/site-packages/airflow/example_dags/tutorial_dag.py for tasks to queue
[2024-09-05T07:17:17.109+0000] {logging_mixin.py:190} INFO - [2024-09-05T07:17:17.108+0000] {dagbag.py:587} INFO - Filling up the DagBag from /home/airflow/.local/lib/python3.12/site-packages/airflow/example_dags/tutorial_dag.py
[2024-09-05T07:17:17.116+0000] {processor.py:925} INFO - DAG(s) 'tutorial_dag' retrieved from /home/airflow/.local/lib/python3.12/site-packages/airflow/example_dags/tutorial_dag.py
[2024-09-05T07:17:17.137+0000] {logging_mixin.py:190} INFO - [2024-09-05T07:17:17.137+0000] {dag.py:3211} INFO - Sync 1 DAGs
[2024-09-05T07:17:17.151+0000] {logging_mixin.py:190} INFO - [2024-09-05T07:17:17.150+0000] {dag.py:4138} INFO - Setting next_dagrun for tutorial_dag to None, run_after=None
[2024-09-05T07:17:17.171+0000] {processor.py:208} INFO - Processing /home/airflow/.local/lib/python3.12/site-packages/airflow/example_dags/tutorial_dag.py took 0.071 seconds
[2024-09-05T07:17:47.264+0000] {processor.py:186} INFO - Started process (PID=12400) to work on /home/airflow/.local/lib/python3.12/site-packages/airflow/example_dags/tutorial_dag.py
[2024-09-05T07:17:47.266+0000] {processor.py:914} INFO - Processing file /home/airflow/.local/lib/python3.12/site-packages/airflow/example_dags/tutorial_dag.py for tasks to queue
[2024-09-05T07:17:47.269+0000] {logging_mixin.py:190} INFO - [2024-09-05T07:17:47.268+0000] {dagbag.py:587} INFO - Filling up the DagBag from /home/airflow/.local/lib/python3.12/site-packages/airflow/example_dags/tutorial_dag.py
[2024-09-05T07:17:47.278+0000] {processor.py:925} INFO - DAG(s) 'tutorial_dag' retrieved from /home/airflow/.local/lib/python3.12/site-packages/airflow/example_dags/tutorial_dag.py
[2024-09-05T07:17:47.319+0000] {logging_mixin.py:190} INFO - [2024-09-05T07:17:47.318+0000] {dag.py:3211} INFO - Sync 1 DAGs
[2024-09-05T07:17:47.340+0000] {logging_mixin.py:190} INFO - [2024-09-05T07:17:47.340+0000] {dag.py:4138} INFO - Setting next_dagrun for tutorial_dag to None, run_after=None
[2024-09-05T07:17:47.365+0000] {processor.py:208} INFO - Processing /home/airflow/.local/lib/python3.12/site-packages/airflow/example_dags/tutorial_dag.py took 0.109 seconds
[2024-09-05T07:18:17.701+0000] {processor.py:186} INFO - Started process (PID=12684) to work on /home/airflow/.local/lib/python3.12/site-packages/airflow/example_dags/tutorial_dag.py
[2024-09-05T07:18:17.702+0000] {processor.py:914} INFO - Processing file /home/airflow/.local/lib/python3.12/site-packages/airflow/example_dags/tutorial_dag.py for tasks to queue
[2024-09-05T07:18:17.704+0000] {logging_mixin.py:190} INFO - [2024-09-05T07:18:17.704+0000] {dagbag.py:587} INFO - Filling up the DagBag from /home/airflow/.local/lib/python3.12/site-packages/airflow/example_dags/tutorial_dag.py
[2024-09-05T07:18:17.711+0000] {processor.py:925} INFO - DAG(s) 'tutorial_dag' retrieved from /home/airflow/.local/lib/python3.12/site-packages/airflow/example_dags/tutorial_dag.py
[2024-09-05T07:18:17.735+0000] {logging_mixin.py:190} INFO - [2024-09-05T07:18:17.734+0000] {dag.py:3211} INFO - Sync 1 DAGs
[2024-09-05T07:18:17.751+0000] {logging_mixin.py:190} INFO - [2024-09-05T07:18:17.750+0000] {dag.py:4138} INFO - Setting next_dagrun for tutorial_dag to None, run_after=None
[2024-09-05T07:18:17.776+0000] {processor.py:208} INFO - Processing /home/airflow/.local/lib/python3.12/site-packages/airflow/example_dags/tutorial_dag.py took 0.082 seconds
[2024-09-05T07:18:48.204+0000] {processor.py:186} INFO - Started process (PID=12972) to work on /home/airflow/.local/lib/python3.12/site-packages/airflow/example_dags/tutorial_dag.py
[2024-09-05T07:18:48.205+0000] {processor.py:914} INFO - Processing file /home/airflow/.local/lib/python3.12/site-packages/airflow/example_dags/tutorial_dag.py for tasks to queue
[2024-09-05T07:18:48.207+0000] {logging_mixin.py:190} INFO - [2024-09-05T07:18:48.207+0000] {dagbag.py:587} INFO - Filling up the DagBag from /home/airflow/.local/lib/python3.12/site-packages/airflow/example_dags/tutorial_dag.py
[2024-09-05T07:18:48.215+0000] {processor.py:925} INFO - DAG(s) 'tutorial_dag' retrieved from /home/airflow/.local/lib/python3.12/site-packages/airflow/example_dags/tutorial_dag.py
[2024-09-05T07:18:48.235+0000] {logging_mixin.py:190} INFO - [2024-09-05T07:18:48.234+0000] {dag.py:3211} INFO - Sync 1 DAGs
[2024-09-05T07:18:48.249+0000] {logging_mixin.py:190} INFO - [2024-09-05T07:18:48.249+0000] {dag.py:4138} INFO - Setting next_dagrun for tutorial_dag to None, run_after=None
[2024-09-05T07:18:48.268+0000] {processor.py:208} INFO - Processing /home/airflow/.local/lib/python3.12/site-packages/airflow/example_dags/tutorial_dag.py took 0.070 seconds
[2024-09-05T07:19:18.752+0000] {processor.py:186} INFO - Started process (PID=13256) to work on /home/airflow/.local/lib/python3.12/site-packages/airflow/example_dags/tutorial_dag.py
[2024-09-05T07:19:18.753+0000] {processor.py:914} INFO - Processing file /home/airflow/.local/lib/python3.12/site-packages/airflow/example_dags/tutorial_dag.py for tasks to queue
[2024-09-05T07:19:18.756+0000] {logging_mixin.py:190} INFO - [2024-09-05T07:19:18.756+0000] {dagbag.py:587} INFO - Filling up the DagBag from /home/airflow/.local/lib/python3.12/site-packages/airflow/example_dags/tutorial_dag.py
[2024-09-05T07:19:18.763+0000] {processor.py:925} INFO - DAG(s) 'tutorial_dag' retrieved from /home/airflow/.local/lib/python3.12/site-packages/airflow/example_dags/tutorial_dag.py
[2024-09-05T07:19:18.784+0000] {logging_mixin.py:190} INFO - [2024-09-05T07:19:18.784+0000] {dag.py:3211} INFO - Sync 1 DAGs
[2024-09-05T07:19:18.798+0000] {logging_mixin.py:190} INFO - [2024-09-05T07:19:18.798+0000] {dag.py:4138} INFO - Setting next_dagrun for tutorial_dag to None, run_after=None
[2024-09-05T07:19:18.820+0000] {processor.py:208} INFO - Processing /home/airflow/.local/lib/python3.12/site-packages/airflow/example_dags/tutorial_dag.py took 0.074 seconds
[2024-09-05T07:19:49.861+0000] {processor.py:186} INFO - Started process (PID=13542) to work on /home/airflow/.local/lib/python3.12/site-packages/airflow/example_dags/tutorial_dag.py
[2024-09-05T07:19:49.862+0000] {processor.py:914} INFO - Processing file /home/airflow/.local/lib/python3.12/site-packages/airflow/example_dags/tutorial_dag.py for tasks to queue
[2024-09-05T07:19:49.865+0000] {logging_mixin.py:190} INFO - [2024-09-05T07:19:49.865+0000] {dagbag.py:587} INFO - Filling up the DagBag from /home/airflow/.local/lib/python3.12/site-packages/airflow/example_dags/tutorial_dag.py
[2024-09-05T07:19:49.872+0000] {processor.py:925} INFO - DAG(s) 'tutorial_dag' retrieved from /home/airflow/.local/lib/python3.12/site-packages/airflow/example_dags/tutorial_dag.py
[2024-09-05T07:19:49.892+0000] {logging_mixin.py:190} INFO - [2024-09-05T07:19:49.892+0000] {dag.py:3211} INFO - Sync 1 DAGs
[2024-09-05T07:19:49.906+0000] {logging_mixin.py:190} INFO - [2024-09-05T07:19:49.906+0000] {dag.py:4138} INFO - Setting next_dagrun for tutorial_dag to None, run_after=None
[2024-09-05T07:19:49.927+0000] {processor.py:208} INFO - Processing /home/airflow/.local/lib/python3.12/site-packages/airflow/example_dags/tutorial_dag.py took 0.072 seconds
[2024-09-05T07:20:20.387+0000] {processor.py:186} INFO - Started process (PID=13828) to work on /home/airflow/.local/lib/python3.12/site-packages/airflow/example_dags/tutorial_dag.py
[2024-09-05T07:20:20.389+0000] {processor.py:914} INFO - Processing file /home/airflow/.local/lib/python3.12/site-packages/airflow/example_dags/tutorial_dag.py for tasks to queue
[2024-09-05T07:20:20.392+0000] {logging_mixin.py:190} INFO - [2024-09-05T07:20:20.392+0000] {dagbag.py:587} INFO - Filling up the DagBag from /home/airflow/.local/lib/python3.12/site-packages/airflow/example_dags/tutorial_dag.py
[2024-09-05T07:20:20.401+0000] {processor.py:925} INFO - DAG(s) 'tutorial_dag' retrieved from /home/airflow/.local/lib/python3.12/site-packages/airflow/example_dags/tutorial_dag.py
[2024-09-05T07:20:20.452+0000] {logging_mixin.py:190} INFO - [2024-09-05T07:20:20.452+0000] {dag.py:3211} INFO - Sync 1 DAGs
[2024-09-05T07:20:20.469+0000] {logging_mixin.py:190} INFO - [2024-09-05T07:20:20.469+0000] {dag.py:4138} INFO - Setting next_dagrun for tutorial_dag to None, run_after=None
[2024-09-05T07:20:20.491+0000] {processor.py:208} INFO - Processing /home/airflow/.local/lib/python3.12/site-packages/airflow/example_dags/tutorial_dag.py took 0.111 seconds
[2024-09-05T07:20:51.524+0000] {processor.py:186} INFO - Started process (PID=14114) to work on /home/airflow/.local/lib/python3.12/site-packages/airflow/example_dags/tutorial_dag.py
[2024-09-05T07:20:51.525+0000] {processor.py:914} INFO - Processing file /home/airflow/.local/lib/python3.12/site-packages/airflow/example_dags/tutorial_dag.py for tasks to queue
[2024-09-05T07:20:51.528+0000] {logging_mixin.py:190} INFO - [2024-09-05T07:20:51.528+0000] {dagbag.py:587} INFO - Filling up the DagBag from /home/airflow/.local/lib/python3.12/site-packages/airflow/example_dags/tutorial_dag.py
[2024-09-05T07:20:51.538+0000] {processor.py:925} INFO - DAG(s) 'tutorial_dag' retrieved from /home/airflow/.local/lib/python3.12/site-packages/airflow/example_dags/tutorial_dag.py
[2024-09-05T07:20:51.563+0000] {logging_mixin.py:190} INFO - [2024-09-05T07:20:51.562+0000] {dag.py:3211} INFO - Sync 1 DAGs
[2024-09-05T07:20:51.583+0000] {logging_mixin.py:190} INFO - [2024-09-05T07:20:51.583+0000] {dag.py:4138} INFO - Setting next_dagrun for tutorial_dag to None, run_after=None
[2024-09-05T07:20:51.607+0000] {processor.py:208} INFO - Processing /home/airflow/.local/lib/python3.12/site-packages/airflow/example_dags/tutorial_dag.py took 0.089 seconds
[2024-09-05T07:21:22.161+0000] {processor.py:186} INFO - Started process (PID=14400) to work on /home/airflow/.local/lib/python3.12/site-packages/airflow/example_dags/tutorial_dag.py
[2024-09-05T07:21:22.162+0000] {processor.py:914} INFO - Processing file /home/airflow/.local/lib/python3.12/site-packages/airflow/example_dags/tutorial_dag.py for tasks to queue
[2024-09-05T07:21:22.164+0000] {logging_mixin.py:190} INFO - [2024-09-05T07:21:22.164+0000] {dagbag.py:587} INFO - Filling up the DagBag from /home/airflow/.local/lib/python3.12/site-packages/airflow/example_dags/tutorial_dag.py
[2024-09-05T07:21:22.172+0000] {processor.py:925} INFO - DAG(s) 'tutorial_dag' retrieved from /home/airflow/.local/lib/python3.12/site-packages/airflow/example_dags/tutorial_dag.py
[2024-09-05T07:21:22.193+0000] {logging_mixin.py:190} INFO - [2024-09-05T07:21:22.193+0000] {dag.py:3211} INFO - Sync 1 DAGs
[2024-09-05T07:21:22.208+0000] {logging_mixin.py:190} INFO - [2024-09-05T07:21:22.208+0000] {dag.py:4138} INFO - Setting next_dagrun for tutorial_dag to None, run_after=None
[2024-09-05T07:21:22.232+0000] {processor.py:208} INFO - Processing /home/airflow/.local/lib/python3.12/site-packages/airflow/example_dags/tutorial_dag.py took 0.077 seconds
[2024-09-05T07:21:52.843+0000] {processor.py:186} INFO - Started process (PID=14686) to work on /home/airflow/.local/lib/python3.12/site-packages/airflow/example_dags/tutorial_dag.py
[2024-09-05T07:21:52.845+0000] {processor.py:914} INFO - Processing file /home/airflow/.local/lib/python3.12/site-packages/airflow/example_dags/tutorial_dag.py for tasks to queue
[2024-09-05T07:21:52.849+0000] {logging_mixin.py:190} INFO - [2024-09-05T07:21:52.848+0000] {dagbag.py:587} INFO - Filling up the DagBag from /home/airflow/.local/lib/python3.12/site-packages/airflow/example_dags/tutorial_dag.py
[2024-09-05T07:21:52.857+0000] {processor.py:925} INFO - DAG(s) 'tutorial_dag' retrieved from /home/airflow/.local/lib/python3.12/site-packages/airflow/example_dags/tutorial_dag.py
[2024-09-05T07:21:52.884+0000] {logging_mixin.py:190} INFO - [2024-09-05T07:21:52.884+0000] {dag.py:3211} INFO - Sync 1 DAGs
[2024-09-05T07:21:52.912+0000] {logging_mixin.py:190} INFO - [2024-09-05T07:21:52.912+0000] {dag.py:4138} INFO - Setting next_dagrun for tutorial_dag to None, run_after=None
[2024-09-05T07:21:52.945+0000] {processor.py:208} INFO - Processing /home/airflow/.local/lib/python3.12/site-packages/airflow/example_dags/tutorial_dag.py took 0.109 seconds
[2024-09-05T07:22:23.218+0000] {processor.py:186} INFO - Started process (PID=14972) to work on /home/airflow/.local/lib/python3.12/site-packages/airflow/example_dags/tutorial_dag.py
[2024-09-05T07:22:23.219+0000] {processor.py:914} INFO - Processing file /home/airflow/.local/lib/python3.12/site-packages/airflow/example_dags/tutorial_dag.py for tasks to queue
[2024-09-05T07:22:23.221+0000] {logging_mixin.py:190} INFO - [2024-09-05T07:22:23.221+0000] {dagbag.py:587} INFO - Filling up the DagBag from /home/airflow/.local/lib/python3.12/site-packages/airflow/example_dags/tutorial_dag.py
[2024-09-05T07:22:23.228+0000] {processor.py:925} INFO - DAG(s) 'tutorial_dag' retrieved from /home/airflow/.local/lib/python3.12/site-packages/airflow/example_dags/tutorial_dag.py
[2024-09-05T07:22:23.249+0000] {logging_mixin.py:190} INFO - [2024-09-05T07:22:23.249+0000] {dag.py:3211} INFO - Sync 1 DAGs
[2024-09-05T07:22:23.265+0000] {logging_mixin.py:190} INFO - [2024-09-05T07:22:23.265+0000] {dag.py:4138} INFO - Setting next_dagrun for tutorial_dag to None, run_after=None
[2024-09-05T07:22:23.285+0000] {processor.py:208} INFO - Processing /home/airflow/.local/lib/python3.12/site-packages/airflow/example_dags/tutorial_dag.py took 0.073 seconds
[2024-09-05T07:22:53.356+0000] {processor.py:186} INFO - Started process (PID=15253) to work on /home/airflow/.local/lib/python3.12/site-packages/airflow/example_dags/tutorial_dag.py
[2024-09-05T07:22:53.357+0000] {processor.py:914} INFO - Processing file /home/airflow/.local/lib/python3.12/site-packages/airflow/example_dags/tutorial_dag.py for tasks to queue
[2024-09-05T07:22:53.361+0000] {logging_mixin.py:190} INFO - [2024-09-05T07:22:53.360+0000] {dagbag.py:587} INFO - Filling up the DagBag from /home/airflow/.local/lib/python3.12/site-packages/airflow/example_dags/tutorial_dag.py
[2024-09-05T07:22:53.370+0000] {processor.py:925} INFO - DAG(s) 'tutorial_dag' retrieved from /home/airflow/.local/lib/python3.12/site-packages/airflow/example_dags/tutorial_dag.py
[2024-09-05T07:22:53.396+0000] {logging_mixin.py:190} INFO - [2024-09-05T07:22:53.395+0000] {dag.py:3211} INFO - Sync 1 DAGs
[2024-09-05T07:22:53.413+0000] {logging_mixin.py:190} INFO - [2024-09-05T07:22:53.413+0000] {dag.py:4138} INFO - Setting next_dagrun for tutorial_dag to None, run_after=None
[2024-09-05T07:22:53.436+0000] {processor.py:208} INFO - Processing /home/airflow/.local/lib/python3.12/site-packages/airflow/example_dags/tutorial_dag.py took 0.088 seconds
[2024-09-05T07:23:23.581+0000] {processor.py:186} INFO - Started process (PID=15534) to work on /home/airflow/.local/lib/python3.12/site-packages/airflow/example_dags/tutorial_dag.py
[2024-09-05T07:23:23.582+0000] {processor.py:914} INFO - Processing file /home/airflow/.local/lib/python3.12/site-packages/airflow/example_dags/tutorial_dag.py for tasks to queue
[2024-09-05T07:23:23.585+0000] {logging_mixin.py:190} INFO - [2024-09-05T07:23:23.584+0000] {dagbag.py:587} INFO - Filling up the DagBag from /home/airflow/.local/lib/python3.12/site-packages/airflow/example_dags/tutorial_dag.py
[2024-09-05T07:23:23.592+0000] {processor.py:925} INFO - DAG(s) 'tutorial_dag' retrieved from /home/airflow/.local/lib/python3.12/site-packages/airflow/example_dags/tutorial_dag.py
[2024-09-05T07:23:23.615+0000] {logging_mixin.py:190} INFO - [2024-09-05T07:23:23.615+0000] {dag.py:3211} INFO - Sync 1 DAGs
[2024-09-05T07:23:23.631+0000] {logging_mixin.py:190} INFO - [2024-09-05T07:23:23.631+0000] {dag.py:4138} INFO - Setting next_dagrun for tutorial_dag to None, run_after=None
[2024-09-05T07:23:23.652+0000] {processor.py:208} INFO - Processing /home/airflow/.local/lib/python3.12/site-packages/airflow/example_dags/tutorial_dag.py took 0.078 seconds
[2024-09-05T07:23:54.604+0000] {processor.py:186} INFO - Started process (PID=15825) to work on /home/airflow/.local/lib/python3.12/site-packages/airflow/example_dags/tutorial_dag.py
[2024-09-05T07:23:54.605+0000] {processor.py:914} INFO - Processing file /home/airflow/.local/lib/python3.12/site-packages/airflow/example_dags/tutorial_dag.py for tasks to queue
[2024-09-05T07:23:54.608+0000] {logging_mixin.py:190} INFO - [2024-09-05T07:23:54.608+0000] {dagbag.py:587} INFO - Filling up the DagBag from /home/airflow/.local/lib/python3.12/site-packages/airflow/example_dags/tutorial_dag.py
[2024-09-05T07:23:54.616+0000] {processor.py:925} INFO - DAG(s) 'tutorial_dag' retrieved from /home/airflow/.local/lib/python3.12/site-packages/airflow/example_dags/tutorial_dag.py
[2024-09-05T07:23:54.636+0000] {logging_mixin.py:190} INFO - [2024-09-05T07:23:54.636+0000] {dag.py:3211} INFO - Sync 1 DAGs
[2024-09-05T07:23:54.652+0000] {logging_mixin.py:190} INFO - [2024-09-05T07:23:54.652+0000] {dag.py:4138} INFO - Setting next_dagrun for tutorial_dag to None, run_after=None
[2024-09-05T07:23:54.673+0000] {processor.py:208} INFO - Processing /home/airflow/.local/lib/python3.12/site-packages/airflow/example_dags/tutorial_dag.py took 0.075 seconds
[2024-09-05T07:24:25.449+0000] {processor.py:186} INFO - Started process (PID=16111) to work on /home/airflow/.local/lib/python3.12/site-packages/airflow/example_dags/tutorial_dag.py
[2024-09-05T07:24:25.450+0000] {processor.py:914} INFO - Processing file /home/airflow/.local/lib/python3.12/site-packages/airflow/example_dags/tutorial_dag.py for tasks to queue
[2024-09-05T07:24:25.453+0000] {logging_mixin.py:190} INFO - [2024-09-05T07:24:25.452+0000] {dagbag.py:587} INFO - Filling up the DagBag from /home/airflow/.local/lib/python3.12/site-packages/airflow/example_dags/tutorial_dag.py
[2024-09-05T07:24:25.461+0000] {processor.py:925} INFO - DAG(s) 'tutorial_dag' retrieved from /home/airflow/.local/lib/python3.12/site-packages/airflow/example_dags/tutorial_dag.py
[2024-09-05T07:24:25.482+0000] {logging_mixin.py:190} INFO - [2024-09-05T07:24:25.482+0000] {dag.py:3211} INFO - Sync 1 DAGs
[2024-09-05T07:24:25.682+0000] {logging_mixin.py:190} INFO - [2024-09-05T07:24:25.681+0000] {dag.py:4138} INFO - Setting next_dagrun for tutorial_dag to None, run_after=None
[2024-09-05T07:24:25.701+0000] {processor.py:208} INFO - Processing /home/airflow/.local/lib/python3.12/site-packages/airflow/example_dags/tutorial_dag.py took 0.259 seconds
[2024-09-05T07:24:56.194+0000] {processor.py:186} INFO - Started process (PID=16397) to work on /home/airflow/.local/lib/python3.12/site-packages/airflow/example_dags/tutorial_dag.py
[2024-09-05T07:24:56.195+0000] {processor.py:914} INFO - Processing file /home/airflow/.local/lib/python3.12/site-packages/airflow/example_dags/tutorial_dag.py for tasks to queue
[2024-09-05T07:24:56.198+0000] {logging_mixin.py:190} INFO - [2024-09-05T07:24:56.198+0000] {dagbag.py:587} INFO - Filling up the DagBag from /home/airflow/.local/lib/python3.12/site-packages/airflow/example_dags/tutorial_dag.py
[2024-09-05T07:24:56.204+0000] {processor.py:925} INFO - DAG(s) 'tutorial_dag' retrieved from /home/airflow/.local/lib/python3.12/site-packages/airflow/example_dags/tutorial_dag.py
[2024-09-05T07:24:56.226+0000] {logging_mixin.py:190} INFO - [2024-09-05T07:24:56.226+0000] {dag.py:3211} INFO - Sync 1 DAGs
[2024-09-05T07:24:56.241+0000] {logging_mixin.py:190} INFO - [2024-09-05T07:24:56.241+0000] {dag.py:4138} INFO - Setting next_dagrun for tutorial_dag to None, run_after=None
[2024-09-05T07:24:56.263+0000] {processor.py:208} INFO - Processing /home/airflow/.local/lib/python3.12/site-packages/airflow/example_dags/tutorial_dag.py took 0.075 seconds
[2024-09-05T07:25:27.256+0000] {processor.py:186} INFO - Started process (PID=16688) to work on /home/airflow/.local/lib/python3.12/site-packages/airflow/example_dags/tutorial_dag.py
[2024-09-05T07:25:27.258+0000] {processor.py:914} INFO - Processing file /home/airflow/.local/lib/python3.12/site-packages/airflow/example_dags/tutorial_dag.py for tasks to queue
[2024-09-05T07:25:27.262+0000] {logging_mixin.py:190} INFO - [2024-09-05T07:25:27.261+0000] {dagbag.py:587} INFO - Filling up the DagBag from /home/airflow/.local/lib/python3.12/site-packages/airflow/example_dags/tutorial_dag.py
[2024-09-05T07:25:27.270+0000] {processor.py:925} INFO - DAG(s) 'tutorial_dag' retrieved from /home/airflow/.local/lib/python3.12/site-packages/airflow/example_dags/tutorial_dag.py
[2024-09-05T07:25:27.295+0000] {logging_mixin.py:190} INFO - [2024-09-05T07:25:27.294+0000] {dag.py:3211} INFO - Sync 1 DAGs
[2024-09-05T07:25:27.316+0000] {logging_mixin.py:190} INFO - [2024-09-05T07:25:27.315+0000] {dag.py:4138} INFO - Setting next_dagrun for tutorial_dag to None, run_after=None
[2024-09-05T07:25:27.338+0000] {processor.py:208} INFO - Processing /home/airflow/.local/lib/python3.12/site-packages/airflow/example_dags/tutorial_dag.py took 0.090 seconds
[2024-09-05T07:25:57.507+0000] {processor.py:186} INFO - Started process (PID=16974) to work on /home/airflow/.local/lib/python3.12/site-packages/airflow/example_dags/tutorial_dag.py
[2024-09-05T07:25:57.508+0000] {processor.py:914} INFO - Processing file /home/airflow/.local/lib/python3.12/site-packages/airflow/example_dags/tutorial_dag.py for tasks to queue
[2024-09-05T07:25:57.512+0000] {logging_mixin.py:190} INFO - [2024-09-05T07:25:57.511+0000] {dagbag.py:587} INFO - Filling up the DagBag from /home/airflow/.local/lib/python3.12/site-packages/airflow/example_dags/tutorial_dag.py
[2024-09-05T07:25:57.518+0000] {processor.py:925} INFO - DAG(s) 'tutorial_dag' retrieved from /home/airflow/.local/lib/python3.12/site-packages/airflow/example_dags/tutorial_dag.py
[2024-09-05T07:25:57.539+0000] {logging_mixin.py:190} INFO - [2024-09-05T07:25:57.539+0000] {dag.py:3211} INFO - Sync 1 DAGs
[2024-09-05T07:25:57.556+0000] {logging_mixin.py:190} INFO - [2024-09-05T07:25:57.556+0000] {dag.py:4138} INFO - Setting next_dagrun for tutorial_dag to None, run_after=None
[2024-09-05T07:25:57.581+0000] {processor.py:208} INFO - Processing /home/airflow/.local/lib/python3.12/site-packages/airflow/example_dags/tutorial_dag.py took 0.081 seconds
[2024-09-05T07:26:27.894+0000] {processor.py:186} INFO - Started process (PID=17260) to work on /home/airflow/.local/lib/python3.12/site-packages/airflow/example_dags/tutorial_dag.py
[2024-09-05T07:26:27.895+0000] {processor.py:914} INFO - Processing file /home/airflow/.local/lib/python3.12/site-packages/airflow/example_dags/tutorial_dag.py for tasks to queue
[2024-09-05T07:26:27.898+0000] {logging_mixin.py:190} INFO - [2024-09-05T07:26:27.898+0000] {dagbag.py:587} INFO - Filling up the DagBag from /home/airflow/.local/lib/python3.12/site-packages/airflow/example_dags/tutorial_dag.py
[2024-09-05T07:26:27.904+0000] {processor.py:925} INFO - DAG(s) 'tutorial_dag' retrieved from /home/airflow/.local/lib/python3.12/site-packages/airflow/example_dags/tutorial_dag.py
[2024-09-05T07:26:27.924+0000] {logging_mixin.py:190} INFO - [2024-09-05T07:26:27.923+0000] {dag.py:3211} INFO - Sync 1 DAGs
[2024-09-05T07:26:27.937+0000] {logging_mixin.py:190} INFO - [2024-09-05T07:26:27.937+0000] {dag.py:4138} INFO - Setting next_dagrun for tutorial_dag to None, run_after=None
[2024-09-05T07:26:27.959+0000] {processor.py:208} INFO - Processing /home/airflow/.local/lib/python3.12/site-packages/airflow/example_dags/tutorial_dag.py took 0.071 seconds
[2024-09-05T07:26:58.113+0000] {processor.py:186} INFO - Started process (PID=17548) to work on /home/airflow/.local/lib/python3.12/site-packages/airflow/example_dags/tutorial_dag.py
[2024-09-05T07:26:58.114+0000] {processor.py:914} INFO - Processing file /home/airflow/.local/lib/python3.12/site-packages/airflow/example_dags/tutorial_dag.py for tasks to queue
[2024-09-05T07:26:58.117+0000] {logging_mixin.py:190} INFO - [2024-09-05T07:26:58.116+0000] {dagbag.py:587} INFO - Filling up the DagBag from /home/airflow/.local/lib/python3.12/site-packages/airflow/example_dags/tutorial_dag.py
[2024-09-05T07:26:58.125+0000] {processor.py:925} INFO - DAG(s) 'tutorial_dag' retrieved from /home/airflow/.local/lib/python3.12/site-packages/airflow/example_dags/tutorial_dag.py
[2024-09-05T07:26:58.144+0000] {logging_mixin.py:190} INFO - [2024-09-05T07:26:58.144+0000] {dag.py:3211} INFO - Sync 1 DAGs
[2024-09-05T07:26:58.158+0000] {logging_mixin.py:190} INFO - [2024-09-05T07:26:58.158+0000] {dag.py:4138} INFO - Setting next_dagrun for tutorial_dag to None, run_after=None
[2024-09-05T07:26:58.177+0000] {processor.py:208} INFO - Processing /home/airflow/.local/lib/python3.12/site-packages/airflow/example_dags/tutorial_dag.py took 0.070 seconds
[2024-09-05T07:27:28.324+0000] {processor.py:186} INFO - Started process (PID=17832) to work on /home/airflow/.local/lib/python3.12/site-packages/airflow/example_dags/tutorial_dag.py
[2024-09-05T07:27:28.325+0000] {processor.py:914} INFO - Processing file /home/airflow/.local/lib/python3.12/site-packages/airflow/example_dags/tutorial_dag.py for tasks to queue
[2024-09-05T07:27:28.328+0000] {logging_mixin.py:190} INFO - [2024-09-05T07:27:28.327+0000] {dagbag.py:587} INFO - Filling up the DagBag from /home/airflow/.local/lib/python3.12/site-packages/airflow/example_dags/tutorial_dag.py
[2024-09-05T07:27:28.335+0000] {processor.py:925} INFO - DAG(s) 'tutorial_dag' retrieved from /home/airflow/.local/lib/python3.12/site-packages/airflow/example_dags/tutorial_dag.py
[2024-09-05T07:27:28.359+0000] {logging_mixin.py:190} INFO - [2024-09-05T07:27:28.359+0000] {dag.py:3211} INFO - Sync 1 DAGs
[2024-09-05T07:27:28.376+0000] {logging_mixin.py:190} INFO - [2024-09-05T07:27:28.376+0000] {dag.py:4138} INFO - Setting next_dagrun for tutorial_dag to None, run_after=None
[2024-09-05T07:27:28.398+0000] {processor.py:208} INFO - Processing /home/airflow/.local/lib/python3.12/site-packages/airflow/example_dags/tutorial_dag.py took 0.081 seconds
[2024-09-05T07:27:58.842+0000] {processor.py:186} INFO - Started process (PID=18118) to work on /home/airflow/.local/lib/python3.12/site-packages/airflow/example_dags/tutorial_dag.py
[2024-09-05T07:27:58.843+0000] {processor.py:914} INFO - Processing file /home/airflow/.local/lib/python3.12/site-packages/airflow/example_dags/tutorial_dag.py for tasks to queue
[2024-09-05T07:27:58.846+0000] {logging_mixin.py:190} INFO - [2024-09-05T07:27:58.845+0000] {dagbag.py:587} INFO - Filling up the DagBag from /home/airflow/.local/lib/python3.12/site-packages/airflow/example_dags/tutorial_dag.py
[2024-09-05T07:27:58.853+0000] {processor.py:925} INFO - DAG(s) 'tutorial_dag' retrieved from /home/airflow/.local/lib/python3.12/site-packages/airflow/example_dags/tutorial_dag.py
[2024-09-05T07:27:58.873+0000] {logging_mixin.py:190} INFO - [2024-09-05T07:27:58.872+0000] {dag.py:3211} INFO - Sync 1 DAGs
[2024-09-05T07:27:58.888+0000] {logging_mixin.py:190} INFO - [2024-09-05T07:27:58.887+0000] {dag.py:4138} INFO - Setting next_dagrun for tutorial_dag to None, run_after=None
[2024-09-05T07:27:58.909+0000] {processor.py:208} INFO - Processing /home/airflow/.local/lib/python3.12/site-packages/airflow/example_dags/tutorial_dag.py took 0.074 seconds
[2024-09-05T07:28:29.209+0000] {processor.py:186} INFO - Started process (PID=18406) to work on /home/airflow/.local/lib/python3.12/site-packages/airflow/example_dags/tutorial_dag.py
[2024-09-05T07:28:29.210+0000] {processor.py:914} INFO - Processing file /home/airflow/.local/lib/python3.12/site-packages/airflow/example_dags/tutorial_dag.py for tasks to queue
[2024-09-05T07:28:29.213+0000] {logging_mixin.py:190} INFO - [2024-09-05T07:28:29.213+0000] {dagbag.py:587} INFO - Filling up the DagBag from /home/airflow/.local/lib/python3.12/site-packages/airflow/example_dags/tutorial_dag.py
[2024-09-05T07:28:29.219+0000] {processor.py:925} INFO - DAG(s) 'tutorial_dag' retrieved from /home/airflow/.local/lib/python3.12/site-packages/airflow/example_dags/tutorial_dag.py
[2024-09-05T07:28:29.239+0000] {logging_mixin.py:190} INFO - [2024-09-05T07:28:29.239+0000] {dag.py:3211} INFO - Sync 1 DAGs
[2024-09-05T07:28:29.253+0000] {logging_mixin.py:190} INFO - [2024-09-05T07:28:29.253+0000] {dag.py:4138} INFO - Setting next_dagrun for tutorial_dag to None, run_after=None
[2024-09-05T07:28:29.273+0000] {processor.py:208} INFO - Processing /home/airflow/.local/lib/python3.12/site-packages/airflow/example_dags/tutorial_dag.py took 0.071 seconds
[2024-09-05T07:28:59.544+0000] {processor.py:186} INFO - Started process (PID=18690) to work on /home/airflow/.local/lib/python3.12/site-packages/airflow/example_dags/tutorial_dag.py
[2024-09-05T07:28:59.545+0000] {processor.py:914} INFO - Processing file /home/airflow/.local/lib/python3.12/site-packages/airflow/example_dags/tutorial_dag.py for tasks to queue
[2024-09-05T07:28:59.548+0000] {logging_mixin.py:190} INFO - [2024-09-05T07:28:59.548+0000] {dagbag.py:587} INFO - Filling up the DagBag from /home/airflow/.local/lib/python3.12/site-packages/airflow/example_dags/tutorial_dag.py
[2024-09-05T07:28:59.554+0000] {processor.py:925} INFO - DAG(s) 'tutorial_dag' retrieved from /home/airflow/.local/lib/python3.12/site-packages/airflow/example_dags/tutorial_dag.py
[2024-09-05T07:28:59.574+0000] {logging_mixin.py:190} INFO - [2024-09-05T07:28:59.574+0000] {dag.py:3211} INFO - Sync 1 DAGs
[2024-09-05T07:28:59.588+0000] {logging_mixin.py:190} INFO - [2024-09-05T07:28:59.588+0000] {dag.py:4138} INFO - Setting next_dagrun for tutorial_dag to None, run_after=None
[2024-09-05T07:28:59.614+0000] {processor.py:208} INFO - Processing /home/airflow/.local/lib/python3.12/site-packages/airflow/example_dags/tutorial_dag.py took 0.076 seconds
[2024-09-05T07:29:29.853+0000] {processor.py:186} INFO - Started process (PID=18978) to work on /home/airflow/.local/lib/python3.12/site-packages/airflow/example_dags/tutorial_dag.py
[2024-09-05T07:29:29.854+0000] {processor.py:914} INFO - Processing file /home/airflow/.local/lib/python3.12/site-packages/airflow/example_dags/tutorial_dag.py for tasks to queue
[2024-09-05T07:29:29.857+0000] {logging_mixin.py:190} INFO - [2024-09-05T07:29:29.856+0000] {dagbag.py:587} INFO - Filling up the DagBag from /home/airflow/.local/lib/python3.12/site-packages/airflow/example_dags/tutorial_dag.py
[2024-09-05T07:29:29.864+0000] {processor.py:925} INFO - DAG(s) 'tutorial_dag' retrieved from /home/airflow/.local/lib/python3.12/site-packages/airflow/example_dags/tutorial_dag.py
[2024-09-05T07:29:29.887+0000] {logging_mixin.py:190} INFO - [2024-09-05T07:29:29.887+0000] {dag.py:3211} INFO - Sync 1 DAGs
[2024-09-05T07:29:29.903+0000] {logging_mixin.py:190} INFO - [2024-09-05T07:29:29.902+0000] {dag.py:4138} INFO - Setting next_dagrun for tutorial_dag to None, run_after=None
[2024-09-05T07:29:29.923+0000] {processor.py:208} INFO - Processing /home/airflow/.local/lib/python3.12/site-packages/airflow/example_dags/tutorial_dag.py took 0.076 seconds
[2024-09-05T07:30:00.648+0000] {processor.py:186} INFO - Started process (PID=19262) to work on /home/airflow/.local/lib/python3.12/site-packages/airflow/example_dags/tutorial_dag.py
[2024-09-05T07:30:00.649+0000] {processor.py:914} INFO - Processing file /home/airflow/.local/lib/python3.12/site-packages/airflow/example_dags/tutorial_dag.py for tasks to queue
[2024-09-05T07:30:00.652+0000] {logging_mixin.py:190} INFO - [2024-09-05T07:30:00.651+0000] {dagbag.py:587} INFO - Filling up the DagBag from /home/airflow/.local/lib/python3.12/site-packages/airflow/example_dags/tutorial_dag.py
[2024-09-05T07:30:00.659+0000] {processor.py:925} INFO - DAG(s) 'tutorial_dag' retrieved from /home/airflow/.local/lib/python3.12/site-packages/airflow/example_dags/tutorial_dag.py
[2024-09-05T07:30:00.679+0000] {logging_mixin.py:190} INFO - [2024-09-05T07:30:00.679+0000] {dag.py:3211} INFO - Sync 1 DAGs
[2024-09-05T07:30:00.697+0000] {logging_mixin.py:190} INFO - [2024-09-05T07:30:00.697+0000] {dag.py:4138} INFO - Setting next_dagrun for tutorial_dag to None, run_after=None
[2024-09-05T07:30:00.725+0000] {processor.py:208} INFO - Processing /home/airflow/.local/lib/python3.12/site-packages/airflow/example_dags/tutorial_dag.py took 0.083 seconds
[2024-09-05T07:30:31.333+0000] {processor.py:186} INFO - Started process (PID=19550) to work on /home/airflow/.local/lib/python3.12/site-packages/airflow/example_dags/tutorial_dag.py
[2024-09-05T07:30:31.334+0000] {processor.py:914} INFO - Processing file /home/airflow/.local/lib/python3.12/site-packages/airflow/example_dags/tutorial_dag.py for tasks to queue
[2024-09-05T07:30:31.337+0000] {logging_mixin.py:190} INFO - [2024-09-05T07:30:31.336+0000] {dagbag.py:587} INFO - Filling up the DagBag from /home/airflow/.local/lib/python3.12/site-packages/airflow/example_dags/tutorial_dag.py
[2024-09-05T07:30:31.345+0000] {processor.py:925} INFO - DAG(s) 'tutorial_dag' retrieved from /home/airflow/.local/lib/python3.12/site-packages/airflow/example_dags/tutorial_dag.py
[2024-09-05T07:30:31.367+0000] {logging_mixin.py:190} INFO - [2024-09-05T07:30:31.367+0000] {dag.py:3211} INFO - Sync 1 DAGs
[2024-09-05T07:30:31.382+0000] {logging_mixin.py:190} INFO - [2024-09-05T07:30:31.382+0000] {dag.py:4138} INFO - Setting next_dagrun for tutorial_dag to None, run_after=None
[2024-09-05T07:30:31.402+0000] {processor.py:208} INFO - Processing /home/airflow/.local/lib/python3.12/site-packages/airflow/example_dags/tutorial_dag.py took 0.076 seconds
[2024-09-05T07:31:01.534+0000] {processor.py:186} INFO - Started process (PID=19834) to work on /home/airflow/.local/lib/python3.12/site-packages/airflow/example_dags/tutorial_dag.py
[2024-09-05T07:31:01.535+0000] {processor.py:914} INFO - Processing file /home/airflow/.local/lib/python3.12/site-packages/airflow/example_dags/tutorial_dag.py for tasks to queue
[2024-09-05T07:31:01.539+0000] {logging_mixin.py:190} INFO - [2024-09-05T07:31:01.538+0000] {dagbag.py:587} INFO - Filling up the DagBag from /home/airflow/.local/lib/python3.12/site-packages/airflow/example_dags/tutorial_dag.py
[2024-09-05T07:31:01.545+0000] {processor.py:925} INFO - DAG(s) 'tutorial_dag' retrieved from /home/airflow/.local/lib/python3.12/site-packages/airflow/example_dags/tutorial_dag.py
[2024-09-05T07:31:01.566+0000] {logging_mixin.py:190} INFO - [2024-09-05T07:31:01.566+0000] {dag.py:3211} INFO - Sync 1 DAGs
[2024-09-05T07:31:01.581+0000] {logging_mixin.py:190} INFO - [2024-09-05T07:31:01.581+0000] {dag.py:4138} INFO - Setting next_dagrun for tutorial_dag to None, run_after=None
[2024-09-05T07:31:01.601+0000] {processor.py:208} INFO - Processing /home/airflow/.local/lib/python3.12/site-packages/airflow/example_dags/tutorial_dag.py took 0.073 seconds
[2024-09-05T07:31:32.142+0000] {processor.py:186} INFO - Started process (PID=20120) to work on /home/airflow/.local/lib/python3.12/site-packages/airflow/example_dags/tutorial_dag.py
[2024-09-05T07:31:32.143+0000] {processor.py:914} INFO - Processing file /home/airflow/.local/lib/python3.12/site-packages/airflow/example_dags/tutorial_dag.py for tasks to queue
[2024-09-05T07:31:32.146+0000] {logging_mixin.py:190} INFO - [2024-09-05T07:31:32.145+0000] {dagbag.py:587} INFO - Filling up the DagBag from /home/airflow/.local/lib/python3.12/site-packages/airflow/example_dags/tutorial_dag.py
[2024-09-05T07:31:32.152+0000] {processor.py:925} INFO - DAG(s) 'tutorial_dag' retrieved from /home/airflow/.local/lib/python3.12/site-packages/airflow/example_dags/tutorial_dag.py
[2024-09-05T07:31:32.172+0000] {logging_mixin.py:190} INFO - [2024-09-05T07:31:32.172+0000] {dag.py:3211} INFO - Sync 1 DAGs
[2024-09-05T07:31:32.186+0000] {logging_mixin.py:190} INFO - [2024-09-05T07:31:32.186+0000] {dag.py:4138} INFO - Setting next_dagrun for tutorial_dag to None, run_after=None
[2024-09-05T07:31:32.207+0000] {processor.py:208} INFO - Processing /home/airflow/.local/lib/python3.12/site-packages/airflow/example_dags/tutorial_dag.py took 0.072 seconds
[2024-09-05T07:32:02.727+0000] {processor.py:186} INFO - Started process (PID=20406) to work on /home/airflow/.local/lib/python3.12/site-packages/airflow/example_dags/tutorial_dag.py
[2024-09-05T07:32:02.728+0000] {processor.py:914} INFO - Processing file /home/airflow/.local/lib/python3.12/site-packages/airflow/example_dags/tutorial_dag.py for tasks to queue
[2024-09-05T07:32:02.731+0000] {logging_mixin.py:190} INFO - [2024-09-05T07:32:02.730+0000] {dagbag.py:587} INFO - Filling up the DagBag from /home/airflow/.local/lib/python3.12/site-packages/airflow/example_dags/tutorial_dag.py
[2024-09-05T07:32:02.737+0000] {processor.py:925} INFO - DAG(s) 'tutorial_dag' retrieved from /home/airflow/.local/lib/python3.12/site-packages/airflow/example_dags/tutorial_dag.py
[2024-09-05T07:32:02.757+0000] {logging_mixin.py:190} INFO - [2024-09-05T07:32:02.757+0000] {dag.py:3211} INFO - Sync 1 DAGs
[2024-09-05T07:32:02.772+0000] {logging_mixin.py:190} INFO - [2024-09-05T07:32:02.772+0000] {dag.py:4138} INFO - Setting next_dagrun for tutorial_dag to None, run_after=None
[2024-09-05T07:32:02.792+0000] {processor.py:208} INFO - Processing /home/airflow/.local/lib/python3.12/site-packages/airflow/example_dags/tutorial_dag.py took 0.071 seconds
[2024-09-05T07:32:33.442+0000] {processor.py:186} INFO - Started process (PID=20692) to work on /home/airflow/.local/lib/python3.12/site-packages/airflow/example_dags/tutorial_dag.py
[2024-09-05T07:32:33.444+0000] {processor.py:914} INFO - Processing file /home/airflow/.local/lib/python3.12/site-packages/airflow/example_dags/tutorial_dag.py for tasks to queue
[2024-09-05T07:32:33.447+0000] {logging_mixin.py:190} INFO - [2024-09-05T07:32:33.447+0000] {dagbag.py:587} INFO - Filling up the DagBag from /home/airflow/.local/lib/python3.12/site-packages/airflow/example_dags/tutorial_dag.py
[2024-09-05T07:32:33.454+0000] {processor.py:925} INFO - DAG(s) 'tutorial_dag' retrieved from /home/airflow/.local/lib/python3.12/site-packages/airflow/example_dags/tutorial_dag.py
[2024-09-05T07:32:33.477+0000] {logging_mixin.py:190} INFO - [2024-09-05T07:32:33.477+0000] {dag.py:3211} INFO - Sync 1 DAGs
[2024-09-05T07:32:33.493+0000] {logging_mixin.py:190} INFO - [2024-09-05T07:32:33.493+0000] {dag.py:4138} INFO - Setting next_dagrun for tutorial_dag to None, run_after=None
[2024-09-05T07:32:33.517+0000] {processor.py:208} INFO - Processing /home/airflow/.local/lib/python3.12/site-packages/airflow/example_dags/tutorial_dag.py took 0.081 seconds
[2024-09-05T07:33:04.142+0000] {processor.py:186} INFO - Started process (PID=20978) to work on /home/airflow/.local/lib/python3.12/site-packages/airflow/example_dags/tutorial_dag.py
[2024-09-05T07:33:04.143+0000] {processor.py:914} INFO - Processing file /home/airflow/.local/lib/python3.12/site-packages/airflow/example_dags/tutorial_dag.py for tasks to queue
[2024-09-05T07:33:04.147+0000] {logging_mixin.py:190} INFO - [2024-09-05T07:33:04.146+0000] {dagbag.py:587} INFO - Filling up the DagBag from /home/airflow/.local/lib/python3.12/site-packages/airflow/example_dags/tutorial_dag.py
[2024-09-05T07:33:04.154+0000] {processor.py:925} INFO - DAG(s) 'tutorial_dag' retrieved from /home/airflow/.local/lib/python3.12/site-packages/airflow/example_dags/tutorial_dag.py
[2024-09-05T07:33:04.179+0000] {logging_mixin.py:190} INFO - [2024-09-05T07:33:04.178+0000] {dag.py:3211} INFO - Sync 1 DAGs
[2024-09-05T07:33:04.199+0000] {logging_mixin.py:190} INFO - [2024-09-05T07:33:04.199+0000] {dag.py:4138} INFO - Setting next_dagrun for tutorial_dag to None, run_after=None
[2024-09-05T07:33:04.223+0000] {processor.py:208} INFO - Processing /home/airflow/.local/lib/python3.12/site-packages/airflow/example_dags/tutorial_dag.py took 0.090 seconds
[2024-09-05T07:33:34.713+0000] {processor.py:186} INFO - Started process (PID=21264) to work on /home/airflow/.local/lib/python3.12/site-packages/airflow/example_dags/tutorial_dag.py
[2024-09-05T07:33:34.714+0000] {processor.py:914} INFO - Processing file /home/airflow/.local/lib/python3.12/site-packages/airflow/example_dags/tutorial_dag.py for tasks to queue
[2024-09-05T07:33:34.717+0000] {logging_mixin.py:190} INFO - [2024-09-05T07:33:34.716+0000] {dagbag.py:587} INFO - Filling up the DagBag from /home/airflow/.local/lib/python3.12/site-packages/airflow/example_dags/tutorial_dag.py
[2024-09-05T07:33:34.723+0000] {processor.py:925} INFO - DAG(s) 'tutorial_dag' retrieved from /home/airflow/.local/lib/python3.12/site-packages/airflow/example_dags/tutorial_dag.py
[2024-09-05T07:33:34.744+0000] {logging_mixin.py:190} INFO - [2024-09-05T07:33:34.743+0000] {dag.py:3211} INFO - Sync 1 DAGs
[2024-09-05T07:33:34.759+0000] {logging_mixin.py:190} INFO - [2024-09-05T07:33:34.759+0000] {dag.py:4138} INFO - Setting next_dagrun for tutorial_dag to None, run_after=None
[2024-09-05T07:33:34.779+0000] {processor.py:208} INFO - Processing /home/airflow/.local/lib/python3.12/site-packages/airflow/example_dags/tutorial_dag.py took 0.072 seconds
[2024-09-05T07:34:05.639+0000] {processor.py:186} INFO - Started process (PID=21550) to work on /home/airflow/.local/lib/python3.12/site-packages/airflow/example_dags/tutorial_dag.py
[2024-09-05T07:34:05.640+0000] {processor.py:914} INFO - Processing file /home/airflow/.local/lib/python3.12/site-packages/airflow/example_dags/tutorial_dag.py for tasks to queue
[2024-09-05T07:34:05.643+0000] {logging_mixin.py:190} INFO - [2024-09-05T07:34:05.643+0000] {dagbag.py:587} INFO - Filling up the DagBag from /home/airflow/.local/lib/python3.12/site-packages/airflow/example_dags/tutorial_dag.py
[2024-09-05T07:34:05.650+0000] {processor.py:925} INFO - DAG(s) 'tutorial_dag' retrieved from /home/airflow/.local/lib/python3.12/site-packages/airflow/example_dags/tutorial_dag.py
[2024-09-05T07:34:05.671+0000] {logging_mixin.py:190} INFO - [2024-09-05T07:34:05.670+0000] {dag.py:3211} INFO - Sync 1 DAGs
[2024-09-05T07:34:05.686+0000] {logging_mixin.py:190} INFO - [2024-09-05T07:34:05.686+0000] {dag.py:4138} INFO - Setting next_dagrun for tutorial_dag to None, run_after=None
[2024-09-05T07:34:05.706+0000] {processor.py:208} INFO - Processing /home/airflow/.local/lib/python3.12/site-packages/airflow/example_dags/tutorial_dag.py took 0.073 seconds
[2024-09-05T07:34:36.312+0000] {processor.py:186} INFO - Started process (PID=21836) to work on /home/airflow/.local/lib/python3.12/site-packages/airflow/example_dags/tutorial_dag.py
[2024-09-05T07:34:36.313+0000] {processor.py:914} INFO - Processing file /home/airflow/.local/lib/python3.12/site-packages/airflow/example_dags/tutorial_dag.py for tasks to queue
[2024-09-05T07:34:36.316+0000] {logging_mixin.py:190} INFO - [2024-09-05T07:34:36.316+0000] {dagbag.py:587} INFO - Filling up the DagBag from /home/airflow/.local/lib/python3.12/site-packages/airflow/example_dags/tutorial_dag.py
[2024-09-05T07:34:36.323+0000] {processor.py:925} INFO - DAG(s) 'tutorial_dag' retrieved from /home/airflow/.local/lib/python3.12/site-packages/airflow/example_dags/tutorial_dag.py
[2024-09-05T07:34:36.349+0000] {logging_mixin.py:190} INFO - [2024-09-05T07:34:36.349+0000] {dag.py:3211} INFO - Sync 1 DAGs
[2024-09-05T07:34:36.364+0000] {logging_mixin.py:190} INFO - [2024-09-05T07:34:36.364+0000] {dag.py:4138} INFO - Setting next_dagrun for tutorial_dag to None, run_after=None
[2024-09-05T07:34:36.386+0000] {processor.py:208} INFO - Processing /home/airflow/.local/lib/python3.12/site-packages/airflow/example_dags/tutorial_dag.py took 0.080 seconds
[2024-09-05T07:35:06.915+0000] {processor.py:186} INFO - Started process (PID=22122) to work on /home/airflow/.local/lib/python3.12/site-packages/airflow/example_dags/tutorial_dag.py
[2024-09-05T07:35:06.916+0000] {processor.py:914} INFO - Processing file /home/airflow/.local/lib/python3.12/site-packages/airflow/example_dags/tutorial_dag.py for tasks to queue
[2024-09-05T07:35:06.920+0000] {logging_mixin.py:190} INFO - [2024-09-05T07:35:06.919+0000] {dagbag.py:587} INFO - Filling up the DagBag from /home/airflow/.local/lib/python3.12/site-packages/airflow/example_dags/tutorial_dag.py
[2024-09-05T07:35:06.929+0000] {processor.py:925} INFO - DAG(s) 'tutorial_dag' retrieved from /home/airflow/.local/lib/python3.12/site-packages/airflow/example_dags/tutorial_dag.py
[2024-09-05T07:35:06.953+0000] {logging_mixin.py:190} INFO - [2024-09-05T07:35:06.952+0000] {dag.py:3211} INFO - Sync 1 DAGs
[2024-09-05T07:35:06.969+0000] {logging_mixin.py:190} INFO - [2024-09-05T07:35:06.969+0000] {dag.py:4138} INFO - Setting next_dagrun for tutorial_dag to None, run_after=None
[2024-09-05T07:35:06.989+0000] {processor.py:208} INFO - Processing /home/airflow/.local/lib/python3.12/site-packages/airflow/example_dags/tutorial_dag.py took 0.081 seconds
[2024-09-05T07:35:38.998+0000] {processor.py:186} INFO - Started process (PID=22410) to work on /home/airflow/.local/lib/python3.12/site-packages/airflow/example_dags/tutorial_dag.py
[2024-09-05T07:35:38.999+0000] {processor.py:914} INFO - Processing file /home/airflow/.local/lib/python3.12/site-packages/airflow/example_dags/tutorial_dag.py for tasks to queue
[2024-09-05T07:35:39.002+0000] {logging_mixin.py:190} INFO - [2024-09-05T07:35:39.001+0000] {dagbag.py:587} INFO - Filling up the DagBag from /home/airflow/.local/lib/python3.12/site-packages/airflow/example_dags/tutorial_dag.py
[2024-09-05T07:35:39.009+0000] {processor.py:925} INFO - DAG(s) 'tutorial_dag' retrieved from /home/airflow/.local/lib/python3.12/site-packages/airflow/example_dags/tutorial_dag.py
[2024-09-05T07:35:39.029+0000] {logging_mixin.py:190} INFO - [2024-09-05T07:35:39.029+0000] {dag.py:3211} INFO - Sync 1 DAGs
[2024-09-05T07:35:39.043+0000] {logging_mixin.py:190} INFO - [2024-09-05T07:35:39.043+0000] {dag.py:4138} INFO - Setting next_dagrun for tutorial_dag to None, run_after=None
[2024-09-05T07:35:39.063+0000] {processor.py:208} INFO - Processing /home/airflow/.local/lib/python3.12/site-packages/airflow/example_dags/tutorial_dag.py took 0.071 seconds
